
===========================================================================
report_checks -path_delay max (Setup)
============================================================================
======================= Typical Corner ===================================

Startpoint: _19_ (rising edge-triggered flip-flop clocked by clk)
Endpoint: pwr_gate_en (output port clocked by clk)
Path Group: clk
Path Type: max

Fanout     Cap    Slew   Delay    Time   Description
-----------------------------------------------------------------------------
                  0.15    0.00    0.00   clock clk (rise edge)
                          0.00    0.00   clock network delay (ideal)
                  0.15    0.00    0.00 ^ _19_/CLK (sky130_fd_sc_hd__dfrtp_2)
                  0.24    0.56    0.56 ^ _19_/Q (sky130_fd_sc_hd__dfrtp_2)
     6    0.05                           current_state[1] (net)
                  0.24    0.00    0.56 ^ _08_/A (sky130_fd_sc_hd__buf_1)
                  0.04    0.12    0.68 ^ _08_/X (sky130_fd_sc_hd__buf_1)
     1    0.00                           _02_ (net)
                  0.04    0.00    0.68 ^ _09_/A (sky130_fd_sc_hd__buf_1)
                  0.42    0.35    1.03 ^ _09_/X (sky130_fd_sc_hd__buf_1)
     2    0.04                           isolation_en (net)
                  0.42    0.00    1.03 ^ _20_/A (sky130_fd_sc_hd__buf_2)
                  0.17    0.30    1.33 ^ _20_/X (sky130_fd_sc_hd__buf_2)
     1    0.03                           pwr_gate_en (net)
                  0.17    0.00    1.33 ^ pwr_gate_en (out)
                                  1.33   data arrival time

                  0.15   10.00   10.00   clock clk (rise edge)
                          0.00   10.00   clock network delay (ideal)
                         -0.25    9.75   clock uncertainty
                          0.00    9.75   clock reconvergence pessimism
                         -2.00    7.75   output external delay
                                  7.75   data required time
-----------------------------------------------------------------------------
                                  7.75   data required time
                                 -1.33   data arrival time
-----------------------------------------------------------------------------
                                  6.42   slack (MET)


Startpoint: _19_ (rising edge-triggered flip-flop clocked by clk)
Endpoint: clk_gate_en (output port clocked by clk)
Path Group: clk
Path Type: max

Fanout     Cap    Slew   Delay    Time   Description
-----------------------------------------------------------------------------
                  0.15    0.00    0.00   clock clk (rise edge)
                          0.00    0.00   clock network delay (ideal)
                  0.15    0.00    0.00 ^ _19_/CLK (sky130_fd_sc_hd__dfrtp_2)
                  0.14    0.56    0.56 v _19_/Q (sky130_fd_sc_hd__dfrtp_2)
     6    0.05                           current_state[1] (net)
                  0.14    0.00    0.56 v _10_/A (sky130_fd_sc_hd__or2_2)
                  0.05    0.33    0.89 v _10_/X (sky130_fd_sc_hd__or2_2)
     1    0.00                           _03_ (net)
                  0.05    0.00    0.89 v _11_/A (sky130_fd_sc_hd__buf_1)
                  0.19    0.23    1.12 v _11_/X (sky130_fd_sc_hd__buf_1)
     1    0.03                           clk_gate_en (net)
                  0.19    0.00    1.12 v clk_gate_en (out)
                                  1.12   data arrival time

                  0.15   10.00   10.00   clock clk (rise edge)
                          0.00   10.00   clock network delay (ideal)
                         -0.25    9.75   clock uncertainty
                          0.00    9.75   clock reconvergence pessimism
                         -2.00    7.75   output external delay
                                  7.75   data required time
-----------------------------------------------------------------------------
                                  7.75   data required time
                                 -1.12   data arrival time
-----------------------------------------------------------------------------
                                  6.63   slack (MET)


Startpoint: _19_ (rising edge-triggered flip-flop clocked by clk)
Endpoint: isolation_en (output port clocked by clk)
Path Group: clk
Path Type: max

Fanout     Cap    Slew   Delay    Time   Description
-----------------------------------------------------------------------------
                  0.15    0.00    0.00   clock clk (rise edge)
                          0.00    0.00   clock network delay (ideal)
                  0.15    0.00    0.00 ^ _19_/CLK (sky130_fd_sc_hd__dfrtp_2)
                  0.24    0.56    0.56 ^ _19_/Q (sky130_fd_sc_hd__dfrtp_2)
     6    0.05                           current_state[1] (net)
                  0.24    0.00    0.56 ^ _08_/A (sky130_fd_sc_hd__buf_1)
                  0.04    0.12    0.68 ^ _08_/X (sky130_fd_sc_hd__buf_1)
     1    0.00                           _02_ (net)
                  0.04    0.00    0.68 ^ _09_/A (sky130_fd_sc_hd__buf_1)
                  0.42    0.35    1.03 ^ _09_/X (sky130_fd_sc_hd__buf_1)
     2    0.04                           isolation_en (net)
                  0.42    0.00    1.03 ^ isolation_en (out)
                                  1.03   data arrival time

                  0.15   10.00   10.00   clock clk (rise edge)
                          0.00   10.00   clock network delay (ideal)
                         -0.25    9.75   clock uncertainty
                          0.00    9.75   clock reconvergence pessimism
                         -2.00    7.75   output external delay
                                  7.75   data required time
-----------------------------------------------------------------------------
                                  7.75   data required time
                                 -1.03   data arrival time
-----------------------------------------------------------------------------
                                  6.72   slack (MET)


Startpoint: app_idle (input port clocked by clk)
Endpoint: _18_ (rising edge-triggered flip-flop clocked by clk)
Path Group: clk
Path Type: max

Fanout     Cap    Slew   Delay    Time   Description
-----------------------------------------------------------------------------
                  0.15    0.00    0.00   clock clk (rise edge)
                          0.00    0.00   clock network delay (ideal)
                          2.00    2.00 ^ input external delay
                  0.04    0.03    2.03 ^ app_idle (in)
     3    0.01                           app_idle (net)
                  0.04    0.00    2.03 ^ _12_/B_N (sky130_fd_sc_hd__or2b_2)
                  0.05    0.29    2.32 v _12_/X (sky130_fd_sc_hd__or2b_2)
     1    0.00                           _04_ (net)
                  0.05    0.00    2.32 v _15_/A1 (sky130_fd_sc_hd__a211o_2)
                  0.04    0.30    2.62 v _15_/X (sky130_fd_sc_hd__a211o_2)
     1    0.00                           _00_ (net)
                  0.04    0.00    2.62 v _18_/D (sky130_fd_sc_hd__dfrtp_2)
                                  2.62   data arrival time

                  0.15   10.00   10.00   clock clk (rise edge)
                          0.00   10.00   clock network delay (ideal)
                         -0.25    9.75   clock uncertainty
                          0.00    9.75   clock reconvergence pessimism
                                  9.75 ^ _18_/CLK (sky130_fd_sc_hd__dfrtp_2)
                         -0.09    9.66   library setup time
                                  9.66   data required time
-----------------------------------------------------------------------------
                                  9.66   data required time
                                 -2.62   data arrival time
-----------------------------------------------------------------------------
                                  7.04   slack (MET)


Startpoint: _19_ (rising edge-triggered flip-flop clocked by clk)
Endpoint: current_state[1] (output port clocked by clk)
Path Group: clk
Path Type: max

Fanout     Cap    Slew   Delay    Time   Description
-----------------------------------------------------------------------------
                  0.15    0.00    0.00   clock clk (rise edge)
                          0.00    0.00   clock network delay (ideal)
                  0.15    0.00    0.00 ^ _19_/CLK (sky130_fd_sc_hd__dfrtp_2)
                  0.24    0.56    0.56 ^ _19_/Q (sky130_fd_sc_hd__dfrtp_2)
     6    0.05                           current_state[1] (net)
                  0.24    0.00    0.56 ^ current_state[1] (out)
                                  0.56   data arrival time

                  0.15   10.00   10.00   clock clk (rise edge)
                          0.00   10.00   clock network delay (ideal)
                         -0.25    9.75   clock uncertainty
                          0.00    9.75   clock reconvergence pessimism
                         -2.00    7.75   output external delay
                                  7.75   data required time
-----------------------------------------------------------------------------
                                  7.75   data required time
                                 -0.56   data arrival time
-----------------------------------------------------------------------------
                                  7.19   slack (MET)


Startpoint: _18_ (rising edge-triggered flip-flop clocked by clk)
Endpoint: current_state[0] (output port clocked by clk)
Path Group: clk
Path Type: max

Fanout     Cap    Slew   Delay    Time   Description
-----------------------------------------------------------------------------
                  0.15    0.00    0.00   clock clk (rise edge)
                          0.00    0.00   clock network delay (ideal)
                  0.15    0.00    0.00 ^ _18_/CLK (sky130_fd_sc_hd__dfrtp_2)
                  0.13    0.55    0.55 v _18_/Q (sky130_fd_sc_hd__dfrtp_2)
     5    0.04                           current_state[0] (net)
                  0.13    0.00    0.55 v current_state[0] (out)
                                  0.55   data arrival time

                  0.15   10.00   10.00   clock clk (rise edge)
                          0.00   10.00   clock network delay (ideal)
                         -0.25    9.75   clock uncertainty
                          0.00    9.75   clock reconvergence pessimism
                         -2.00    7.75   output external delay
                                  7.75   data required time
-----------------------------------------------------------------------------
                                  7.75   data required time
                                 -0.55   data arrival time
-----------------------------------------------------------------------------
                                  7.20   slack (MET)


Startpoint: app_idle (input port clocked by clk)
Endpoint: _19_ (rising edge-triggered flip-flop clocked by clk)
Path Group: clk
Path Type: max

Fanout     Cap    Slew   Delay    Time   Description
-----------------------------------------------------------------------------
                  0.15    0.00    0.00   clock clk (rise edge)
                          0.00    0.00   clock network delay (ideal)
                          2.00    2.00 v input external delay
                  0.02    0.01    2.01 v app_idle (in)
     3    0.01                           app_idle (net)
                  0.02    0.00    2.01 v _16_/A2 (sky130_fd_sc_hd__a21oi_2)
                  0.10    0.13    2.14 ^ _16_/Y (sky130_fd_sc_hd__a21oi_2)
     1    0.00                           _07_ (net)
                  0.10    0.00    2.14 ^ _17_/A2 (sky130_fd_sc_hd__o21bai_2)
                  0.04    0.06    2.20 v _17_/Y (sky130_fd_sc_hd__o21bai_2)
     1    0.00                           _01_ (net)
                  0.04    0.00    2.20 v _19_/D (sky130_fd_sc_hd__dfrtp_2)
                                  2.20   data arrival time

                  0.15   10.00   10.00   clock clk (rise edge)
                          0.00   10.00   clock network delay (ideal)
                         -0.25    9.75   clock uncertainty
                          0.00    9.75   clock reconvergence pessimism
                                  9.75 ^ _19_/CLK (sky130_fd_sc_hd__dfrtp_2)
                         -0.09    9.66   library setup time
                                  9.66   data required time
-----------------------------------------------------------------------------
                                  9.66   data required time
                                 -2.20   data arrival time
-----------------------------------------------------------------------------
                                  7.46   slack (MET)


Startpoint: reset_n (input port clocked by clk)
Endpoint: _18_ (recovery check against rising-edge clock clk)
Path Group: asynchronous
Path Type: max

Fanout     Cap    Slew   Delay    Time   Description
-----------------------------------------------------------------------------
                  0.15    0.00    0.00   clock clk (rise edge)
                          0.00    0.00   clock network delay (ideal)
                          2.00    2.00 ^ input external delay
                  0.04    0.03    2.03 ^ reset_n (in)
     2    0.01                           reset_n (net)
                  0.04    0.00    2.03 ^ _18_/RESET_B (sky130_fd_sc_hd__dfrtp_2)
                                  2.03   data arrival time

                  0.15   10.00   10.00   clock clk (rise edge)
                          0.00   10.00   clock network delay (ideal)
                         -0.25    9.75   clock uncertainty
                          0.00    9.75   clock reconvergence pessimism
                                  9.75 ^ _18_/CLK (sky130_fd_sc_hd__dfrtp_2)
                          0.25   10.00   library recovery time
                                 10.00   data required time
-----------------------------------------------------------------------------
                                 10.00   data required time
                                 -2.03   data arrival time
-----------------------------------------------------------------------------
                                  7.98   slack (MET)


Startpoint: reset_n (input port clocked by clk)
Endpoint: _19_ (recovery check against rising-edge clock clk)
Path Group: asynchronous
Path Type: max

Fanout     Cap    Slew   Delay    Time   Description
-----------------------------------------------------------------------------
                  0.15    0.00    0.00   clock clk (rise edge)
                          0.00    0.00   clock network delay (ideal)
                          2.00    2.00 ^ input external delay
                  0.04    0.03    2.03 ^ reset_n (in)
     2    0.01                           reset_n (net)
                  0.04    0.00    2.03 ^ _19_/RESET_B (sky130_fd_sc_hd__dfrtp_2)
                                  2.03   data arrival time

                  0.15   10.00   10.00   clock clk (rise edge)
                          0.00   10.00   clock network delay (ideal)
                         -0.25    9.75   clock uncertainty
                          0.00    9.75   clock reconvergence pessimism
                                  9.75 ^ _19_/CLK (sky130_fd_sc_hd__dfrtp_2)
                          0.25   10.00   library recovery time
                                 10.00   data required time
-----------------------------------------------------------------------------
                                 10.00   data required time
                                 -2.03   data arrival time
-----------------------------------------------------------------------------
                                  7.98   slack (MET)



