OpenROAD 41a51eaf4ca2171c92ff38afb91eb37bbd3f36da 
This program is licensed under the BSD-3 license. See the LICENSE file for details.
Components of this program may be licensed under more restrictive licenses which must be honored.
[INFO ODB-0222] Reading LEF file: /openlane/designs/pmu_controller/runs/RUN_2026.04.28_12.48.54/tmp/merged.max.lef
[INFO ODB-0223]     Created 14 technology layers
[INFO ODB-0224]     Created 25 technology vias
[INFO ODB-0225]     Created 441 library cells
[INFO ODB-0226] Finished LEF file:  /openlane/designs/pmu_controller/runs/RUN_2026.04.28_12.48.54/tmp/merged.max.lef
[INFO ODB-0127] Reading DEF file: /openlane/designs/pmu_controller/runs/RUN_2026.04.28_12.48.54/results/routing/pmu_controller.def
[INFO ODB-0128] Design: pmu_controller
[INFO ODB-0130]     Created 12 pins.
[INFO ODB-0131]     Created 128 components and 554 component-terminals.
[INFO ODB-0132]     Created 2 special nets and 488 connections.
[INFO ODB-0133]     Created 30 nets and 66 connections.
[INFO ODB-0134] Finished DEF file: /openlane/designs/pmu_controller/runs/RUN_2026.04.28_12.48.54/results/routing/pmu_controller.def
define_corners Typical
read_liberty -corner Typical /home/mgangadhar/.ciel/sky130A/libs.ref/sky130_fd_sc_hd/lib/sky130_fd_sc_hd__tt_025C_1v80.lib
Using 1e-12 for capacitance...
Using 1e+03 for resistance...
Using 1e-09 for time...
Using 1e+00 for voltage...
Using 1e-03 for current...
Using 1e-09 for power...
Using 1e-06 for distance...
Using RCX ruleset '/home/mgangadhar/.ciel/sky130A/libs.tech/openlane/rules.openrcx.sky130A.max.calibre'...
[INFO RCX-0431] Defined process_corner X with ext_model_index 0
[INFO RCX-0029] Defined extraction corner X
[INFO RCX-0008] extracting parasitics of pmu_controller ...
[INFO RCX-0435] Reading extraction model file /home/mgangadhar/.ciel/sky130A/libs.tech/openlane/rules.openrcx.sky130A.max.calibre ...
[INFO RCX-0436] RC segment generation pmu_controller (max_merge_res 50.0) ...
[INFO RCX-0040] Final 92 rc segments
[INFO RCX-0439] Coupling Cap extraction pmu_controller ...
[INFO RCX-0440] Coupling threshhold is 0.1000 fF, coupling capacitance less than 0.1000 fF will be grounded.
[INFO RCX-0043] 252 wires to be extracted
[INFO RCX-0442] 69% completion -- 175 wires have been extracted
[INFO RCX-0442] 100% completion -- 252 wires have been extracted
[INFO RCX-0045] Extract 30 nets, 122 rsegs, 122 caps, 76 ccs
[INFO RCX-0015] Finished extracting pmu_controller.
Writing result to /openlane/designs/pmu_controller/runs/RUN_2026.04.28_12.48.54/results/routing/mca/process_corner_max/pmu_controller.spef...
Setting global connections for newly added cells…
[WARNING] Did not save OpenROAD database!
Writing extracted parasitics to '/openlane/designs/pmu_controller/runs/RUN_2026.04.28_12.48.54/results/routing/mca/process_corner_max/pmu_controller.spef'…
[INFO RCX-0016] Writing SPEF ...
[INFO RCX-0443] 30 nets finished
[INFO RCX-0017] Finished writing SPEF ...
