OpenROAD 41a51eaf4ca2171c92ff38afb91eb37bbd3f36da 
This program is licensed under the BSD-3 license. See the LICENSE file for details.
Components of this program may be licensed under more restrictive licenses which must be honored.
[INFO ODB-0222] Reading LEF file: /openlane/designs/pmu_controller/runs/RUN_2026.04.28_12.48.54/tmp/merged.nom.lef
[INFO ODB-0223]     Created 14 technology layers
[INFO ODB-0224]     Created 25 technology vias
[INFO ODB-0225]     Created 441 library cells
[INFO ODB-0226] Finished LEF file:  /openlane/designs/pmu_controller/runs/RUN_2026.04.28_12.48.54/tmp/merged.nom.lef
[INFO ODB-0127] Reading DEF file: /openlane/designs/pmu_controller/runs/RUN_2026.04.28_12.48.54/tmp/signoff/36-pmu_controller.p.def
[INFO ODB-0128] Design: pmu_controller
[INFO ODB-0130]     Created 12 pins.
[INFO ODB-0131]     Created 128 components and 554 component-terminals.
[INFO ODB-0132]     Created 2 special nets and 488 connections.
[INFO ODB-0133]     Created 30 nets and 66 connections.
[INFO ODB-0134] Finished DEF file: /openlane/designs/pmu_controller/runs/RUN_2026.04.28_12.48.54/tmp/signoff/36-pmu_controller.p.def
define_corners Typical
read_liberty -corner Typical /home/mgangadhar/.ciel/sky130A/libs.ref/sky130_fd_sc_hd/lib/sky130_fd_sc_hd__tt_025C_1v80.lib
Using 1e-12 for capacitance...
Using 1e+03 for resistance...
Using 1e-09 for time...
Using 1e+00 for voltage...
Using 1e-03 for current...
Using 1e-09 for power...
Using 1e-06 for distance...
Reading design constraints file at '/openlane/designs/pmu_controller/runs/RUN_2026.04.28_12.48.54/tmp/17-pmu_controller.sdc'…
[WARNING] Did not save OpenROAD database!
Writing netlist to '/openlane/designs/pmu_controller/runs/RUN_2026.04.28_12.48.54/tmp/signoff/36-pmu_controller.nl.v'…
Writing powered netlist to '/openlane/designs/pmu_controller/runs/RUN_2026.04.28_12.48.54/tmp/signoff/36-pmu_controller.pnl.v'…
