
===========================================================================
report_checks -path_delay min (Hold)
============================================================================
======================= Typical Corner ===================================

Startpoint: _19_ (rising edge-triggered flip-flop clocked by clk)
Endpoint: _19_ (rising edge-triggered flip-flop clocked by clk)
Path Group: clk
Path Type: min

Fanout     Cap    Slew   Delay    Time   Description
-----------------------------------------------------------------------------
                          0.00    0.00   clock clk (rise edge)
                          0.00    0.00   clock source latency
                  0.04    0.03    0.03 ^ clk (in)
     1    0.01                           clk (net)
                  0.04    0.00    0.03 ^ clkbuf_0_clk/A (sky130_fd_sc_hd__clkbuf_16)
                  0.04    0.11    0.14 ^ clkbuf_0_clk/X (sky130_fd_sc_hd__clkbuf_16)
     2    0.02                           clknet_0_clk (net)
                  0.04    0.00    0.14 ^ clkbuf_1_0__f_clk/A (sky130_fd_sc_hd__clkbuf_16)
                  0.03    0.10    0.24 ^ clkbuf_1_0__f_clk/X (sky130_fd_sc_hd__clkbuf_16)
     1    0.00                           clknet_1_0__leaf_clk (net)
                  0.03    0.00    0.24 ^ _19_/CLK (sky130_fd_sc_hd__dfrtp_2)
                  0.08    0.35    0.59 ^ _19_/Q (sky130_fd_sc_hd__dfrtp_2)
     6    0.01                           net7 (net)
                  0.08    0.00    0.59 ^ _16_/B1 (sky130_fd_sc_hd__a21oi_1)
                  0.03    0.04    0.63 v _16_/Y (sky130_fd_sc_hd__a21oi_1)
     1    0.00                           _07_ (net)
                  0.03    0.00    0.63 v _17_/A2 (sky130_fd_sc_hd__o21bai_1)
                  0.05    0.09    0.72 ^ _17_/Y (sky130_fd_sc_hd__o21bai_1)
     1    0.00                           _01_ (net)
                  0.05    0.00    0.72 ^ _19_/D (sky130_fd_sc_hd__dfrtp_2)
                                  0.72   data arrival time

                          0.00    0.00   clock clk (rise edge)
                          0.00    0.00   clock source latency
                  0.04    0.03    0.03 ^ clk (in)
     1    0.01                           clk (net)
                  0.04    0.00    0.03 ^ clkbuf_0_clk/A (sky130_fd_sc_hd__clkbuf_16)
                  0.04    0.13    0.16 ^ clkbuf_0_clk/X (sky130_fd_sc_hd__clkbuf_16)
     2    0.02                           clknet_0_clk (net)
                  0.04    0.00    0.16 ^ clkbuf_1_0__f_clk/A (sky130_fd_sc_hd__clkbuf_16)
                  0.03    0.11    0.27 ^ clkbuf_1_0__f_clk/X (sky130_fd_sc_hd__clkbuf_16)
     1    0.00                           clknet_1_0__leaf_clk (net)
                  0.03    0.00    0.27 ^ _19_/CLK (sky130_fd_sc_hd__dfrtp_2)
                          0.25    0.52   clock uncertainty
                         -0.03    0.49   clock reconvergence pessimism
                         -0.04    0.45   library hold time
                                  0.45   data required time
-----------------------------------------------------------------------------
                                  0.45   data required time
                                 -0.72   data arrival time
-----------------------------------------------------------------------------
                                  0.27   slack (MET)


Startpoint: _19_ (rising edge-triggered flip-flop clocked by clk)
Endpoint: _18_ (rising edge-triggered flip-flop clocked by clk)
Path Group: clk
Path Type: min

Fanout     Cap    Slew   Delay    Time   Description
-----------------------------------------------------------------------------
                          0.00    0.00   clock clk (rise edge)
                          0.00    0.00   clock source latency
                  0.04    0.03    0.03 ^ clk (in)
     1    0.01                           clk (net)
                  0.04    0.00    0.03 ^ clkbuf_0_clk/A (sky130_fd_sc_hd__clkbuf_16)
                  0.04    0.11    0.14 ^ clkbuf_0_clk/X (sky130_fd_sc_hd__clkbuf_16)
     2    0.02                           clknet_0_clk (net)
                  0.04    0.00    0.14 ^ clkbuf_1_0__f_clk/A (sky130_fd_sc_hd__clkbuf_16)
                  0.03    0.10    0.24 ^ clkbuf_1_0__f_clk/X (sky130_fd_sc_hd__clkbuf_16)
     1    0.00                           clknet_1_0__leaf_clk (net)
                  0.03    0.00    0.24 ^ _19_/CLK (sky130_fd_sc_hd__dfrtp_2)
                  0.08    0.35    0.59 ^ _19_/Q (sky130_fd_sc_hd__dfrtp_2)
     6    0.01                           net7 (net)
                  0.08    0.00    0.59 ^ _12_/A (sky130_fd_sc_hd__or2b_1)
                  0.04    0.09    0.68 ^ _12_/X (sky130_fd_sc_hd__or2b_1)
     1    0.00                           _04_ (net)
                  0.04    0.00    0.68 ^ _15_/A1 (sky130_fd_sc_hd__a211o_1)
                  0.03    0.09    0.78 ^ _15_/X (sky130_fd_sc_hd__a211o_1)
     1    0.00                           _00_ (net)
                  0.03    0.00    0.78 ^ _18_/D (sky130_fd_sc_hd__dfrtp_1)
                                  0.78   data arrival time

                          0.00    0.00   clock clk (rise edge)
                          0.00    0.00   clock source latency
                  0.04    0.03    0.03 ^ clk (in)
     1    0.01                           clk (net)
                  0.04    0.00    0.03 ^ clkbuf_0_clk/A (sky130_fd_sc_hd__clkbuf_16)
                  0.04    0.13    0.16 ^ clkbuf_0_clk/X (sky130_fd_sc_hd__clkbuf_16)
     2    0.02                           clknet_0_clk (net)
                  0.04    0.00    0.16 ^ clkbuf_1_1__f_clk/A (sky130_fd_sc_hd__clkbuf_16)
                  0.03    0.11    0.27 ^ clkbuf_1_1__f_clk/X (sky130_fd_sc_hd__clkbuf_16)
     1    0.00                           clknet_1_1__leaf_clk (net)
                  0.03    0.00    0.27 ^ _18_/CLK (sky130_fd_sc_hd__dfrtp_1)
                          0.25    0.52   clock uncertainty
                         -0.01    0.50   clock reconvergence pessimism
                         -0.03    0.47   library hold time
                                  0.47   data required time
-----------------------------------------------------------------------------
                                  0.47   data required time
                                 -0.78   data arrival time
-----------------------------------------------------------------------------
                                  0.31   slack (MET)


Startpoint: reset_n (input port clocked by clk)
Endpoint: _18_ (removal check against rising-edge clock clk)
Path Group: asynchronous
Path Type: min

Fanout     Cap    Slew   Delay    Time   Description
-----------------------------------------------------------------------------
                          0.00    0.00   clock clk (rise edge)
                          0.00    0.00   clock network delay (propagated)
                          2.00    2.00 ^ input external delay
                  0.02    0.01    2.01 ^ reset_n (in)
     1    0.00                           reset_n (net)
                  0.02    0.00    2.01 ^ input2/A (sky130_fd_sc_hd__buf_1)
                  0.10    0.10    2.11 ^ input2/X (sky130_fd_sc_hd__buf_1)
     2    0.01                           net2 (net)
                  0.10    0.00    2.11 ^ _18_/RESET_B (sky130_fd_sc_hd__dfrtp_1)
                                  2.11   data arrival time

                          0.00    0.00   clock clk (rise edge)
                          0.00    0.00   clock source latency
                  0.04    0.03    0.03 ^ clk (in)
     1    0.01                           clk (net)
                  0.04    0.00    0.03 ^ clkbuf_0_clk/A (sky130_fd_sc_hd__clkbuf_16)
                  0.04    0.13    0.16 ^ clkbuf_0_clk/X (sky130_fd_sc_hd__clkbuf_16)
     2    0.02                           clknet_0_clk (net)
                  0.04    0.00    0.16 ^ clkbuf_1_1__f_clk/A (sky130_fd_sc_hd__clkbuf_16)
                  0.03    0.11    0.27 ^ clkbuf_1_1__f_clk/X (sky130_fd_sc_hd__clkbuf_16)
     1    0.00                           clknet_1_1__leaf_clk (net)
                  0.03    0.00    0.27 ^ _18_/CLK (sky130_fd_sc_hd__dfrtp_1)
                          0.25    0.52   clock uncertainty
                          0.00    0.52   clock reconvergence pessimism
                          0.33    0.84   library removal time
                                  0.84   data required time
-----------------------------------------------------------------------------
                                  0.84   data required time
                                 -2.11   data arrival time
-----------------------------------------------------------------------------
                                  1.26   slack (MET)


Startpoint: reset_n (input port clocked by clk)
Endpoint: _19_ (removal check against rising-edge clock clk)
Path Group: asynchronous
Path Type: min

Fanout     Cap    Slew   Delay    Time   Description
-----------------------------------------------------------------------------
                          0.00    0.00   clock clk (rise edge)
                          0.00    0.00   clock network delay (propagated)
                          2.00    2.00 ^ input external delay
                  0.02    0.01    2.01 ^ reset_n (in)
     1    0.00                           reset_n (net)
                  0.02    0.00    2.01 ^ input2/A (sky130_fd_sc_hd__buf_1)
                  0.10    0.10    2.11 ^ input2/X (sky130_fd_sc_hd__buf_1)
     2    0.01                           net2 (net)
                  0.10    0.00    2.11 ^ _19_/RESET_B (sky130_fd_sc_hd__dfrtp_2)
                                  2.11   data arrival time

                          0.00    0.00   clock clk (rise edge)
                          0.00    0.00   clock source latency
                  0.04    0.03    0.03 ^ clk (in)
     1    0.01                           clk (net)
                  0.04    0.00    0.03 ^ clkbuf_0_clk/A (sky130_fd_sc_hd__clkbuf_16)
                  0.04    0.13    0.16 ^ clkbuf_0_clk/X (sky130_fd_sc_hd__clkbuf_16)
     2    0.02                           clknet_0_clk (net)
                  0.04    0.00    0.16 ^ clkbuf_1_0__f_clk/A (sky130_fd_sc_hd__clkbuf_16)
                  0.03    0.11    0.27 ^ clkbuf_1_0__f_clk/X (sky130_fd_sc_hd__clkbuf_16)
     1    0.00                           clknet_1_0__leaf_clk (net)
                  0.03    0.00    0.27 ^ _19_/CLK (sky130_fd_sc_hd__dfrtp_2)
                          0.25    0.52   clock uncertainty
                          0.00    0.52   clock reconvergence pessimism
                          0.33    0.84   library removal time
                                  0.84   data required time
-----------------------------------------------------------------------------
                                  0.84   data required time
                                 -2.11   data arrival time
-----------------------------------------------------------------------------
                                  1.26   slack (MET)


Startpoint: _18_ (rising edge-triggered flip-flop clocked by clk)
Endpoint: current_state[0] (output port clocked by clk)
Path Group: clk
Path Type: min

Fanout     Cap    Slew   Delay    Time   Description
-----------------------------------------------------------------------------
                          0.00    0.00   clock clk (rise edge)
                          0.00    0.00   clock source latency
                  0.04    0.03    0.03 ^ clk (in)
     1    0.01                           clk (net)
                  0.04    0.00    0.03 ^ clkbuf_0_clk/A (sky130_fd_sc_hd__clkbuf_16)
                  0.04    0.11    0.14 ^ clkbuf_0_clk/X (sky130_fd_sc_hd__clkbuf_16)
     2    0.02                           clknet_0_clk (net)
                  0.04    0.00    0.14 ^ clkbuf_1_1__f_clk/A (sky130_fd_sc_hd__clkbuf_16)
                  0.03    0.10    0.24 ^ clkbuf_1_1__f_clk/X (sky130_fd_sc_hd__clkbuf_16)
     1    0.00                           clknet_1_1__leaf_clk (net)
                  0.03    0.00    0.24 ^ _18_/CLK (sky130_fd_sc_hd__dfrtp_1)
                  0.11    0.34    0.58 ^ _18_/Q (sky130_fd_sc_hd__dfrtp_1)
     5    0.01                           net6 (net)
                  0.11    0.00    0.58 ^ output6/A (sky130_fd_sc_hd__clkbuf_4)
                  0.11    0.20    0.78 ^ output6/X (sky130_fd_sc_hd__clkbuf_4)
     1    0.03                           current_state[0] (net)
                  0.11    0.00    0.78 ^ current_state[0] (out)
                                  0.78   data arrival time

                          0.00    0.00   clock clk (rise edge)
                          0.00    0.00   clock network delay (propagated)
                          0.25    0.25   clock uncertainty
                          0.00    0.25   clock reconvergence pessimism
                         -2.00   -1.75   output external delay
                                 -1.75   data required time
-----------------------------------------------------------------------------
                                 -1.75   data required time
                                 -0.78   data arrival time
-----------------------------------------------------------------------------
                                  2.53   slack (MET)


Startpoint: _19_ (rising edge-triggered flip-flop clocked by clk)
Endpoint: current_state[1] (output port clocked by clk)
Path Group: clk
Path Type: min

Fanout     Cap    Slew   Delay    Time   Description
-----------------------------------------------------------------------------
                          0.00    0.00   clock clk (rise edge)
                          0.00    0.00   clock source latency
                  0.04    0.03    0.03 ^ clk (in)
     1    0.01                           clk (net)
                  0.04    0.00    0.03 ^ clkbuf_0_clk/A (sky130_fd_sc_hd__clkbuf_16)
                  0.04    0.11    0.14 ^ clkbuf_0_clk/X (sky130_fd_sc_hd__clkbuf_16)
     2    0.02                           clknet_0_clk (net)
                  0.04    0.00    0.14 ^ clkbuf_1_0__f_clk/A (sky130_fd_sc_hd__clkbuf_16)
                  0.03    0.10    0.24 ^ clkbuf_1_0__f_clk/X (sky130_fd_sc_hd__clkbuf_16)
     1    0.00                           clknet_1_0__leaf_clk (net)
                  0.03    0.00    0.24 ^ _19_/CLK (sky130_fd_sc_hd__dfrtp_2)
                  0.08    0.35    0.59 ^ _19_/Q (sky130_fd_sc_hd__dfrtp_2)
     6    0.01                           net7 (net)
                  0.08    0.00    0.59 ^ output7/A (sky130_fd_sc_hd__clkbuf_4)
                  0.11    0.19    0.78 ^ output7/X (sky130_fd_sc_hd__clkbuf_4)
     1    0.03                           current_state[1] (net)
                  0.11    0.00    0.78 ^ current_state[1] (out)
                                  0.78   data arrival time

                          0.00    0.00   clock clk (rise edge)
                          0.00    0.00   clock network delay (propagated)
                          0.25    0.25   clock uncertainty
                          0.00    0.25   clock reconvergence pessimism
                         -2.00   -1.75   output external delay
                                 -1.75   data required time
-----------------------------------------------------------------------------
                                 -1.75   data required time
                                 -0.78   data arrival time
-----------------------------------------------------------------------------
                                  2.53   slack (MET)


Startpoint: _18_ (rising edge-triggered flip-flop clocked by clk)
Endpoint: clk_gate_en (output port clocked by clk)
Path Group: clk
Path Type: min

Fanout     Cap    Slew   Delay    Time   Description
-----------------------------------------------------------------------------
                          0.00    0.00   clock clk (rise edge)
                          0.00    0.00   clock source latency
                  0.04    0.03    0.03 ^ clk (in)
     1    0.01                           clk (net)
                  0.04    0.00    0.03 ^ clkbuf_0_clk/A (sky130_fd_sc_hd__clkbuf_16)
                  0.04    0.11    0.14 ^ clkbuf_0_clk/X (sky130_fd_sc_hd__clkbuf_16)
     2    0.02                           clknet_0_clk (net)
                  0.04    0.00    0.14 ^ clkbuf_1_1__f_clk/A (sky130_fd_sc_hd__clkbuf_16)
                  0.03    0.10    0.24 ^ clkbuf_1_1__f_clk/X (sky130_fd_sc_hd__clkbuf_16)
     1    0.00                           clknet_1_1__leaf_clk (net)
                  0.03    0.00    0.24 ^ _18_/CLK (sky130_fd_sc_hd__dfrtp_1)
                  0.11    0.34    0.58 ^ _18_/Q (sky130_fd_sc_hd__dfrtp_1)
     5    0.01                           net6 (net)
                  0.11    0.00    0.58 ^ _10_/B (sky130_fd_sc_hd__or2_1)
                  0.04    0.10    0.68 ^ _10_/X (sky130_fd_sc_hd__or2_1)
     1    0.00                           _03_ (net)
                  0.04    0.00    0.68 ^ _11_/A (sky130_fd_sc_hd__clkbuf_1)
                  0.04    0.07    0.75 ^ _11_/X (sky130_fd_sc_hd__clkbuf_1)
     1    0.00                           net5 (net)
                  0.04    0.00    0.75 ^ output5/A (sky130_fd_sc_hd__clkbuf_4)
                  0.11    0.17    0.92 ^ output5/X (sky130_fd_sc_hd__clkbuf_4)
     1    0.03                           clk_gate_en (net)
                  0.11    0.00    0.92 ^ clk_gate_en (out)
                                  0.92   data arrival time

                          0.00    0.00   clock clk (rise edge)
                          0.00    0.00   clock network delay (propagated)
                          0.25    0.25   clock uncertainty
                          0.00    0.25   clock reconvergence pessimism
                         -2.00   -1.75   output external delay
                                 -1.75   data required time
-----------------------------------------------------------------------------
                                 -1.75   data required time
                                 -0.92   data arrival time
-----------------------------------------------------------------------------
                                  2.67   slack (MET)


Startpoint: _19_ (rising edge-triggered flip-flop clocked by clk)
Endpoint: isolation_en (output port clocked by clk)
Path Group: clk
Path Type: min

Fanout     Cap    Slew   Delay    Time   Description
-----------------------------------------------------------------------------
                          0.00    0.00   clock clk (rise edge)
                          0.00    0.00   clock source latency
                  0.04    0.03    0.03 ^ clk (in)
     1    0.01                           clk (net)
                  0.04    0.00    0.03 ^ clkbuf_0_clk/A (sky130_fd_sc_hd__clkbuf_16)
                  0.04    0.11    0.14 ^ clkbuf_0_clk/X (sky130_fd_sc_hd__clkbuf_16)
     2    0.02                           clknet_0_clk (net)
                  0.04    0.00    0.14 ^ clkbuf_1_0__f_clk/A (sky130_fd_sc_hd__clkbuf_16)
                  0.03    0.10    0.24 ^ clkbuf_1_0__f_clk/X (sky130_fd_sc_hd__clkbuf_16)
     1    0.00                           clknet_1_0__leaf_clk (net)
                  0.03    0.00    0.24 ^ _19_/CLK (sky130_fd_sc_hd__dfrtp_2)
                  0.08    0.35    0.59 ^ _19_/Q (sky130_fd_sc_hd__dfrtp_2)
     6    0.01                           net7 (net)
                  0.08    0.00    0.59 ^ _08_/A (sky130_fd_sc_hd__clkbuf_1)
                  0.04    0.08    0.67 ^ _08_/X (sky130_fd_sc_hd__clkbuf_1)
     1    0.00                           _02_ (net)
                  0.04    0.00    0.67 ^ _09_/A (sky130_fd_sc_hd__buf_1)
                  0.06    0.09    0.76 ^ _09_/X (sky130_fd_sc_hd__buf_1)
     2    0.00                           net8 (net)
                  0.06    0.00    0.76 ^ output8/A (sky130_fd_sc_hd__clkbuf_4)
                  0.11    0.18    0.94 ^ output8/X (sky130_fd_sc_hd__clkbuf_4)
     1    0.03                           isolation_en (net)
                  0.11    0.00    0.94 ^ isolation_en (out)
                                  0.94   data arrival time

                          0.00    0.00   clock clk (rise edge)
                          0.00    0.00   clock network delay (propagated)
                          0.25    0.25   clock uncertainty
                          0.00    0.25   clock reconvergence pessimism
                         -2.00   -1.75   output external delay
                                 -1.75   data required time
-----------------------------------------------------------------------------
                                 -1.75   data required time
                                 -0.94   data arrival time
-----------------------------------------------------------------------------
                                  2.69   slack (MET)


Startpoint: _19_ (rising edge-triggered flip-flop clocked by clk)
Endpoint: pwr_gate_en (output port clocked by clk)
Path Group: clk
Path Type: min

Fanout     Cap    Slew   Delay    Time   Description
-----------------------------------------------------------------------------
                          0.00    0.00   clock clk (rise edge)
                          0.00    0.00   clock source latency
                  0.04    0.03    0.03 ^ clk (in)
     1    0.01                           clk (net)
                  0.04    0.00    0.03 ^ clkbuf_0_clk/A (sky130_fd_sc_hd__clkbuf_16)
                  0.04    0.11    0.14 ^ clkbuf_0_clk/X (sky130_fd_sc_hd__clkbuf_16)
     2    0.02                           clknet_0_clk (net)
                  0.04    0.00    0.14 ^ clkbuf_1_0__f_clk/A (sky130_fd_sc_hd__clkbuf_16)
                  0.03    0.10    0.24 ^ clkbuf_1_0__f_clk/X (sky130_fd_sc_hd__clkbuf_16)
     1    0.00                           clknet_1_0__leaf_clk (net)
                  0.03    0.00    0.24 ^ _19_/CLK (sky130_fd_sc_hd__dfrtp_2)
                  0.08    0.35    0.59 ^ _19_/Q (sky130_fd_sc_hd__dfrtp_2)
     6    0.01                           net7 (net)
                  0.08    0.00    0.59 ^ _08_/A (sky130_fd_sc_hd__clkbuf_1)
                  0.04    0.08    0.67 ^ _08_/X (sky130_fd_sc_hd__clkbuf_1)
     1    0.00                           _02_ (net)
                  0.04    0.00    0.67 ^ _09_/A (sky130_fd_sc_hd__buf_1)
                  0.06    0.09    0.76 ^ _09_/X (sky130_fd_sc_hd__buf_1)
     2    0.00                           net8 (net)
                  0.06    0.00    0.76 ^ _20_/A (sky130_fd_sc_hd__clkbuf_1)
                  0.04    0.08    0.84 ^ _20_/X (sky130_fd_sc_hd__clkbuf_1)
     1    0.00                           net9 (net)
                  0.04    0.00    0.84 ^ output9/A (sky130_fd_sc_hd__clkbuf_4)
                  0.11    0.17    1.01 ^ output9/X (sky130_fd_sc_hd__clkbuf_4)
     1    0.03                           pwr_gate_en (net)
                  0.11    0.00    1.01 ^ pwr_gate_en (out)
                                  1.01   data arrival time

                          0.00    0.00   clock clk (rise edge)
                          0.00    0.00   clock network delay (propagated)
                          0.25    0.25   clock uncertainty
                          0.00    0.25   clock reconvergence pessimism
                         -2.00   -1.75   output external delay
                                 -1.75   data required time
-----------------------------------------------------------------------------
                                 -1.75   data required time
                                 -1.01   data arrival time
-----------------------------------------------------------------------------
                                  2.76   slack (MET)



