Instance name,  X location,  Y location,  Voltage 
input1, 39.33, 35.36, 1.79999
FILLER_0_9_75, 39.33, 35.36, 1.79999
FILLER_0_6_64, 39.33, 29.92, 1.79999
FILLER_0_6_72, 39.33, 29.92, 1.79999
FILLER_0_8_77, 39.33, 29.92, 1.79999
output8, 39.33, 24.48, 1.79998
input4, 39.33, 13.6, 1.79998
output6, 39.33, 13.6, 1.79998
FILLER_0_0_69, 39.33, 13.6, 1.79998
FILLER_0_1_69, 39.33, 13.6, 1.79998
FILLER_0_2_74, 39.33, 13.6, 1.79998
output5, 29.67, 35.36, 1.79999
FILLER_0_9_53, 29.67, 35.36, 1.79999
_09_, 29.67, 29.92, 1.79999
_11_, 29.67, 29.92, 1.79999
_16_, 29.67, 29.92, 1.79999
FILLER_0_7_51, 29.67, 29.92, 1.79999
_08_, 29.67, 24.48, 1.79998
_10_, 29.67, 24.48, 1.79998
_12_, 29.67, 24.48, 1.79998
_20_, 29.67, 24.48, 1.79998
_13_, 29.67, 19.04, 1.79997
FILLER_0_3_52, 29.67, 19.04, 1.79997
FILLER_0_0_47, 29.67, 13.6, 1.79998
FILLER_0_1_47, 29.67, 13.6, 1.79998
FILLER_0_9_25, 20.01, 35.36, 1.79999
_17_, 20.01, 29.92, 1.79999
_14_, 20.01, 24.48, 1.79997
_15_, 20.01, 24.48, 1.79997
_18_, 20.01, 24.48, 1.79997
FILLER_0_4_21, 20.01, 24.48, 1.79997
_19_, 20.01, 19.04, 1.79995
clkbuf_0_clk, 20.01, 19.04, 1.79995
FILLER_0_3_23, 20.01, 19.04, 1.79995
output9, 20.01, 13.6, 1.79997
input3, 10.35, 35.36, 1.79999
FILLER_0_9_6, 10.35, 35.36, 1.79999
clkbuf_1_1__f_clk, 10.35, 24.48, 1.79995
FILLER_0_3_15, 10.35, 19.04, 1.79996
PHY_16, 5.52, 35.36, 1.79999
PHY_18, 5.52, 35.36, 1.79999
input2, 5.52, 35.36, 1.79999
PHY_17, 44.16, 35.36, 1.79999
PHY_19, 44.16, 35.36, 1.79999
PHY_12, 5.52, 29.92, 1.79999
PHY_14, 5.52, 29.92, 1.79999
PHY_13, 44.16, 29.92, 1.79999
PHY_15, 44.16, 29.92, 1.79999
PHY_8, 5.52, 24.48, 1.79995
PHY_10, 5.52, 24.48, 1.79995
PHY_9, 44.16, 24.48, 1.79998
PHY_11, 44.16, 24.48, 1.79998
PHY_4, 5.52, 19.04, 1.79996
PHY_6, 5.52, 19.04, 1.79996
output7, 5.52, 19.04, 1.79996
PHY_5, 44.16, 19.04, 1.79998
PHY_7, 44.16, 19.04, 1.79998
PHY_0, 5.52, 13.6, 1.79993
PHY_2, 5.52, 13.6, 1.79993
clkbuf_1_0__f_clk, 5.52, 13.6, 1.79993
PHY_1, 44.16, 13.6, 1.79998
PHY_3, 44.16, 13.6, 1.79998

