Instance name,  X location,  Y location,  Voltage 
input1, 42.63, 38.08, 1.21012e-05
FILLER_0_9_75, 42.63, 38.08, 1.21012e-05
PHY_17, 42.63, 32.64, 1.105e-05
PHY_19, 42.63, 32.64, 1.105e-05
FILLER_0_8_77, 42.63, 32.64, 1.105e-05
PHY_13, 42.63, 27.2, 1.51604e-05
PHY_15, 42.63, 27.2, 1.51604e-05
output8, 42.63, 27.2, 1.51604e-05
FILLER_0_6_72, 42.63, 27.2, 1.51604e-05
PHY_9, 42.63, 21.76, 1.27468e-05
PHY_11, 42.63, 21.76, 1.27468e-05
PHY_5, 42.63, 16.32, 1.70651e-05
PHY_7, 42.63, 16.32, 1.70651e-05
input4, 42.63, 16.32, 1.70651e-05
FILLER_0_2_74, 42.63, 16.32, 1.70651e-05
PHY_1, 42.63, 10.88, 1.748e-05
PHY_3, 42.63, 10.88, 1.748e-05
output6, 42.63, 10.88, 1.748e-05
output5, 32.97, 38.08, 1.24909e-05
FILLER_0_9_53, 32.97, 38.08, 1.24909e-05
FILLER_0_7_51, 32.97, 32.64, 1.12158e-05
FILLER_0_6_64, 32.97, 27.2, 1.67029e-05
_20_, 32.97, 21.76, 1.45577e-05
FILLER_0_3_52, 32.97, 21.76, 1.45577e-05
FILLER_0_0_69, 32.97, 10.88, 1.94498e-05
FILLER_0_1_69, 32.97, 10.88, 1.94498e-05
_09_, 23.31, 27.2, 2.42026e-05
_11_, 23.31, 27.2, 2.42026e-05
_14_, 23.31, 27.2, 2.42026e-05
_15_, 23.31, 27.2, 2.42026e-05
_16_, 23.31, 27.2, 2.42026e-05
_17_, 23.31, 27.2, 2.42026e-05
_08_, 23.31, 21.76, 1.93445e-05
_10_, 23.31, 21.76, 1.93445e-05
_12_, 23.31, 21.76, 1.93445e-05
_18_, 23.31, 21.76, 1.93445e-05
_13_, 23.31, 16.32, 3.50255e-05
_19_, 23.31, 16.32, 3.50255e-05
output9, 23.31, 10.88, 2.80043e-05
FILLER_0_0_47, 23.31, 10.88, 2.80043e-05
FILLER_0_1_47, 23.31, 10.88, 2.80043e-05
input3, 13.65, 38.08, 1.28034e-05
FILLER_0_9_25, 13.65, 32.64, 1.2804e-05
clkbuf_1_1__f_clk, 13.65, 27.2, 4.15318e-05
FILLER_0_3_15, 13.65, 21.76, 1.87149e-05
FILLER_0_4_21, 13.65, 21.76, 1.87149e-05
clkbuf_0_clk, 13.65, 16.32, 5.64766e-05
FILLER_0_3_23, 13.65, 16.32, 5.64766e-05
PHY_18, 5.52, 38.08, 1.28034e-05
PHY_14, 5.52, 32.64, 1.33846e-05
PHY_16, 5.52, 32.64, 1.33846e-05
input2, 5.52, 32.64, 1.33846e-05
FILLER_0_9_6, 5.52, 32.64, 1.33846e-05
PHY_10, 5.52, 27.2, 4.15318e-05
PHY_12, 5.52, 27.2, 4.15318e-05
PHY_6, 5.52, 21.76, 2.11034e-05
PHY_8, 5.52, 21.76, 2.11034e-05
output7, 5.52, 21.76, 2.11034e-05
PHY_2, 5.52, 16.32, 5.64766e-05
PHY_4, 5.52, 16.32, 5.64766e-05
PHY_0, 5.52, 10.88, 8.42806e-05
clkbuf_1_0__f_clk, 5.52, 10.88, 8.42806e-05

