OpenROAD 41a51eaf4ca2171c92ff38afb91eb37bbd3f36da 
This program is licensed under the BSD-3 license. See the LICENSE file for details.
Components of this program may be licensed under more restrictive licenses which must be honored.
[INFO]: Reading ODB at '/openlane/designs/pmu_controller/runs/RUN_2026.04.28_12.48.54/tmp/placement/7-global.odb'…
define_corners Typical
read_liberty -corner Typical /home/mgangadhar/.ciel/sky130A/libs.ref/sky130_fd_sc_hd/lib/sky130_fd_sc_hd__tt_025C_1v80.lib
Using 1e-12 for capacitance...
Using 1e+03 for resistance...
Using 1e-09 for time...
Using 1e+00 for voltage...
Using 1e-03 for current...
Using 1e-09 for power...
Using 1e-06 for distance...
Reading design constraints file at '/openlane/designs/pmu_controller/runs/RUN_2026.04.28_12.48.54/tmp/floorplan/3-initial_fp.sdc'…
[INFO]: Setting RC values...
min_report

===========================================================================
report_checks -path_delay min (Hold)
============================================================================
======================= Typical Corner ===================================

Startpoint: _19_ (rising edge-triggered flip-flop clocked by clk)
Endpoint: _19_ (rising edge-triggered flip-flop clocked by clk)
Path Group: clk
Path Type: min

Fanout     Cap    Slew   Delay    Time   Description
-----------------------------------------------------------------------------
                  0.15    0.00    0.00   clock clk (rise edge)
                          0.00    0.00   clock network delay (ideal)
                  0.15    0.00    0.00 ^ _19_/CLK (sky130_fd_sc_hd__dfrtp_2)
                  0.24    0.51    0.51 ^ _19_/Q (sky130_fd_sc_hd__dfrtp_2)
     6    0.05                           current_state[1] (net)
                  0.24    0.00    0.51 ^ _16_/B1 (sky130_fd_sc_hd__a21oi_2)
                  0.03    0.05    0.56 v _16_/Y (sky130_fd_sc_hd__a21oi_2)
     1    0.00                           _07_ (net)
                  0.03    0.00    0.56 v _17_/A2 (sky130_fd_sc_hd__o21bai_2)
                  0.04    0.08    0.65 ^ _17_/Y (sky130_fd_sc_hd__o21bai_2)
     1    0.00                           _01_ (net)
                  0.04    0.00    0.65 ^ _19_/D (sky130_fd_sc_hd__dfrtp_2)
                                  0.65   data arrival time

                  0.15    0.00    0.00   clock clk (rise edge)
                          0.00    0.00   clock network delay (ideal)
                          0.25    0.25   clock uncertainty
                          0.00    0.25   clock reconvergence pessimism
                                  0.25 ^ _19_/CLK (sky130_fd_sc_hd__dfrtp_2)
                         -0.02    0.23   library hold time
                                  0.23   data required time
-----------------------------------------------------------------------------
                                  0.23   data required time
                                 -0.65   data arrival time
-----------------------------------------------------------------------------
                                  0.42   slack (MET)


Startpoint: _19_ (rising edge-triggered flip-flop clocked by clk)
Endpoint: _18_ (rising edge-triggered flip-flop clocked by clk)
Path Group: clk
Path Type: min

Fanout     Cap    Slew   Delay    Time   Description
-----------------------------------------------------------------------------
                  0.15    0.00    0.00   clock clk (rise edge)
                          0.00    0.00   clock network delay (ideal)
                  0.15    0.00    0.00 ^ _19_/CLK (sky130_fd_sc_hd__dfrtp_2)
                  0.24    0.51    0.51 ^ _19_/Q (sky130_fd_sc_hd__dfrtp_2)
     6    0.05                           current_state[1] (net)
                  0.24    0.00    0.51 ^ _12_/A (sky130_fd_sc_hd__or2b_2)
                  0.03    0.14    0.66 ^ _12_/X (sky130_fd_sc_hd__or2b_2)
     1    0.00                           _04_ (net)
                  0.03    0.00    0.66 ^ _15_/A1 (sky130_fd_sc_hd__a211o_2)
                  0.02    0.10    0.75 ^ _15_/X (sky130_fd_sc_hd__a211o_2)
     1    0.00                           _00_ (net)
                  0.02    0.00    0.75 ^ _18_/D (sky130_fd_sc_hd__dfrtp_2)
                                  0.75   data arrival time

                  0.15    0.00    0.00   clock clk (rise edge)
                          0.00    0.00   clock network delay (ideal)
                          0.25    0.25   clock uncertainty
                          0.00    0.25   clock reconvergence pessimism
                                  0.25 ^ _18_/CLK (sky130_fd_sc_hd__dfrtp_2)
                         -0.02    0.23   library hold time
                                  0.23   data required time
-----------------------------------------------------------------------------
                                  0.23   data required time
                                 -0.75   data arrival time
-----------------------------------------------------------------------------
                                  0.52   slack (MET)


Startpoint: reset_n (input port clocked by clk)
Endpoint: _19_ (removal check against rising-edge clock clk)
Path Group: asynchronous
Path Type: min

Fanout     Cap    Slew   Delay    Time   Description
-----------------------------------------------------------------------------
                  0.15    0.00    0.00   clock clk (rise edge)
                          0.00    0.00   clock network delay (ideal)
                          2.00    2.00 ^ input external delay
                  0.05    0.03    2.03 ^ reset_n (in)
     2    0.01                           reset_n (net)
                  0.05    0.00    2.03 ^ _19_/RESET_B (sky130_fd_sc_hd__dfrtp_2)
                                  2.03   data arrival time

                  0.15    0.00    0.00   clock clk (rise edge)
                          0.00    0.00   clock network delay (ideal)
                          0.25    0.25   clock uncertainty
                          0.00    0.25   clock reconvergence pessimism
                                  0.25 ^ _19_/CLK (sky130_fd_sc_hd__dfrtp_2)
                          0.35    0.60   library removal time
                                  0.60   data required time
-----------------------------------------------------------------------------
                                  0.60   data required time
                                 -2.03   data arrival time
-----------------------------------------------------------------------------
                                  1.43   slack (MET)


Startpoint: reset_n (input port clocked by clk)
Endpoint: _18_ (removal check against rising-edge clock clk)
Path Group: asynchronous
Path Type: min

Fanout     Cap    Slew   Delay    Time   Description
-----------------------------------------------------------------------------
                  0.15    0.00    0.00   clock clk (rise edge)
                          0.00    0.00   clock network delay (ideal)
                          2.00    2.00 ^ input external delay
                  0.05    0.03    2.03 ^ reset_n (in)
     2    0.01                           reset_n (net)
                  0.05    0.00    2.03 ^ _18_/RESET_B (sky130_fd_sc_hd__dfrtp_2)
                                  2.03   data arrival time

                  0.15    0.00    0.00   clock clk (rise edge)
                          0.00    0.00   clock network delay (ideal)
                          0.25    0.25   clock uncertainty
                          0.00    0.25   clock reconvergence pessimism
                                  0.25 ^ _18_/CLK (sky130_fd_sc_hd__dfrtp_2)
                          0.35    0.60   library removal time
                                  0.60   data required time
-----------------------------------------------------------------------------
                                  0.60   data required time
                                 -2.03   data arrival time
-----------------------------------------------------------------------------
                                  1.43   slack (MET)


Startpoint: _18_ (rising edge-triggered flip-flop clocked by clk)
Endpoint: current_state[0] (output port clocked by clk)
Path Group: clk
Path Type: min

Fanout     Cap    Slew   Delay    Time   Description
-----------------------------------------------------------------------------
                  0.15    0.00    0.00   clock clk (rise edge)
                          0.00    0.00   clock network delay (ideal)
                  0.15    0.00    0.00 ^ _18_/CLK (sky130_fd_sc_hd__dfrtp_2)
                  0.14    0.51    0.51 v _18_/Q (sky130_fd_sc_hd__dfrtp_2)
     5    0.05                           current_state[0] (net)
                  0.14    0.00    0.51 v current_state[0] (out)
                                  0.51   data arrival time

                  0.15    0.00    0.00   clock clk (rise edge)
                          0.00    0.00   clock network delay (ideal)
                          0.25    0.25   clock uncertainty
                          0.00    0.25   clock reconvergence pessimism
                         -2.00   -1.75   output external delay
                                 -1.75   data required time
-----------------------------------------------------------------------------
                                 -1.75   data required time
                                 -0.51   data arrival time
-----------------------------------------------------------------------------
                                  2.26   slack (MET)


Startpoint: _19_ (rising edge-triggered flip-flop clocked by clk)
Endpoint: current_state[1] (output port clocked by clk)
Path Group: clk
Path Type: min

Fanout     Cap    Slew   Delay    Time   Description
-----------------------------------------------------------------------------
                  0.15    0.00    0.00   clock clk (rise edge)
                          0.00    0.00   clock network delay (ideal)
                  0.15    0.00    0.00 ^ _19_/CLK (sky130_fd_sc_hd__dfrtp_2)
                  0.14    0.51    0.51 v _19_/Q (sky130_fd_sc_hd__dfrtp_2)
     6    0.05                           current_state[1] (net)
                  0.14    0.00    0.51 v current_state[1] (out)
                                  0.51   data arrival time

                  0.15    0.00    0.00   clock clk (rise edge)
                          0.00    0.00   clock network delay (ideal)
                          0.25    0.25   clock uncertainty
                          0.00    0.25   clock reconvergence pessimism
                         -2.00   -1.75   output external delay
                                 -1.75   data required time
-----------------------------------------------------------------------------
                                 -1.75   data required time
                                 -0.51   data arrival time
-----------------------------------------------------------------------------
                                  2.26   slack (MET)


Startpoint: _19_ (rising edge-triggered flip-flop clocked by clk)
Endpoint: isolation_en (output port clocked by clk)
Path Group: clk
Path Type: min

Fanout     Cap    Slew   Delay    Time   Description
-----------------------------------------------------------------------------
                  0.15    0.00    0.00   clock clk (rise edge)
                          0.00    0.00   clock network delay (ideal)
                  0.15    0.00    0.00 ^ _19_/CLK (sky130_fd_sc_hd__dfrtp_2)
                  0.14    0.51    0.51 v _19_/Q (sky130_fd_sc_hd__dfrtp_2)
     6    0.05                           current_state[1] (net)
                  0.14    0.00    0.51 v _08_/A (sky130_fd_sc_hd__buf_1)
                  0.03    0.12    0.63 v _08_/X (sky130_fd_sc_hd__buf_1)
     1    0.00                           _02_ (net)
                  0.03    0.00    0.63 v _09_/A (sky130_fd_sc_hd__buf_1)
                  0.22    0.21    0.84 v _09_/X (sky130_fd_sc_hd__buf_1)
     2    0.04                           isolation_en (net)
                  0.22    0.00    0.84 v isolation_en (out)
                                  0.84   data arrival time

                  0.15    0.00    0.00   clock clk (rise edge)
                          0.00    0.00   clock network delay (ideal)
                          0.25    0.25   clock uncertainty
                          0.00    0.25   clock reconvergence pessimism
                         -2.00   -1.75   output external delay
                                 -1.75   data required time
-----------------------------------------------------------------------------
                                 -1.75   data required time
                                 -0.84   data arrival time
-----------------------------------------------------------------------------
                                  2.59   slack (MET)


Startpoint: _18_ (rising edge-triggered flip-flop clocked by clk)
Endpoint: clk_gate_en (output port clocked by clk)
Path Group: clk
Path Type: min

Fanout     Cap    Slew   Delay    Time   Description
-----------------------------------------------------------------------------
                  0.15    0.00    0.00   clock clk (rise edge)
                          0.00    0.00   clock network delay (ideal)
                  0.15    0.00    0.00 ^ _18_/CLK (sky130_fd_sc_hd__dfrtp_2)
                  0.24    0.51    0.51 ^ _18_/Q (sky130_fd_sc_hd__dfrtp_2)
     5    0.05                           current_state[0] (net)
                  0.24    0.00    0.51 ^ _10_/B (sky130_fd_sc_hd__or2_2)
                  0.03    0.14    0.65 ^ _10_/X (sky130_fd_sc_hd__or2_2)
     1    0.00                           _03_ (net)
                  0.03    0.00    0.65 ^ _11_/A (sky130_fd_sc_hd__buf_1)
                  0.41    0.31    0.96 ^ _11_/X (sky130_fd_sc_hd__buf_1)
     1    0.04                           clk_gate_en (net)
                  0.41    0.00    0.97 ^ clk_gate_en (out)
                                  0.97   data arrival time

                  0.15    0.00    0.00   clock clk (rise edge)
                          0.00    0.00   clock network delay (ideal)
                          0.25    0.25   clock uncertainty
                          0.00    0.25   clock reconvergence pessimism
                         -2.00   -1.75   output external delay
                                 -1.75   data required time
-----------------------------------------------------------------------------
                                 -1.75   data required time
                                 -0.97   data arrival time
-----------------------------------------------------------------------------
                                  2.72   slack (MET)


Startpoint: _19_ (rising edge-triggered flip-flop clocked by clk)
Endpoint: pwr_gate_en (output port clocked by clk)
Path Group: clk
Path Type: min

Fanout     Cap    Slew   Delay    Time   Description
-----------------------------------------------------------------------------
                  0.15    0.00    0.00   clock clk (rise edge)
                          0.00    0.00   clock network delay (ideal)
                  0.15    0.00    0.00 ^ _19_/CLK (sky130_fd_sc_hd__dfrtp_2)
                  0.14    0.51    0.51 v _19_/Q (sky130_fd_sc_hd__dfrtp_2)
     6    0.05                           current_state[1] (net)
                  0.14    0.00    0.51 v _08_/A (sky130_fd_sc_hd__buf_1)
                  0.03    0.12    0.63 v _08_/X (sky130_fd_sc_hd__buf_1)
     1    0.00                           _02_ (net)
                  0.03    0.00    0.63 v _09_/A (sky130_fd_sc_hd__buf_1)
                  0.22    0.21    0.84 v _09_/X (sky130_fd_sc_hd__buf_1)
     2    0.04                           isolation_en (net)
                  0.22    0.00    0.84 v _20_/A (sky130_fd_sc_hd__buf_2)
                  0.09    0.25    1.09 v _20_/X (sky130_fd_sc_hd__buf_2)
     1    0.04                           pwr_gate_en (net)
                  0.09    0.00    1.09 v pwr_gate_en (out)
                                  1.09   data arrival time

                  0.15    0.00    0.00   clock clk (rise edge)
                          0.00    0.00   clock network delay (ideal)
                          0.25    0.25   clock uncertainty
                          0.00    0.25   clock reconvergence pessimism
                         -2.00   -1.75   output external delay
                                 -1.75   data required time
-----------------------------------------------------------------------------
                                 -1.75   data required time
                                 -1.09   data arrival time
-----------------------------------------------------------------------------
                                  2.84   slack (MET)



min_report_end
max_report

===========================================================================
report_checks -path_delay max (Setup)
============================================================================
======================= Typical Corner ===================================

Startpoint: _19_ (rising edge-triggered flip-flop clocked by clk)
Endpoint: pwr_gate_en (output port clocked by clk)
Path Group: clk
Path Type: max

Fanout     Cap    Slew   Delay    Time   Description
-----------------------------------------------------------------------------
                  0.15    0.00    0.00   clock clk (rise edge)
                          0.00    0.00   clock network delay (ideal)
                  0.15    0.00    0.00 ^ _19_/CLK (sky130_fd_sc_hd__dfrtp_2)
                  0.24    0.57    0.57 ^ _19_/Q (sky130_fd_sc_hd__dfrtp_2)
     6    0.05                           current_state[1] (net)
                  0.24    0.00    0.57 ^ _08_/A (sky130_fd_sc_hd__buf_1)
                  0.04    0.12    0.69 ^ _08_/X (sky130_fd_sc_hd__buf_1)
     1    0.00                           _02_ (net)
                  0.04    0.00    0.69 ^ _09_/A (sky130_fd_sc_hd__buf_1)
                  0.44    0.37    1.06 ^ _09_/X (sky130_fd_sc_hd__buf_1)
     2    0.04                           isolation_en (net)
                  0.44    0.00    1.06 ^ _20_/A (sky130_fd_sc_hd__buf_2)
                  0.18    0.31    1.37 ^ _20_/X (sky130_fd_sc_hd__buf_2)
     1    0.04                           pwr_gate_en (net)
                  0.18    0.00    1.37 ^ pwr_gate_en (out)
                                  1.37   data arrival time

                  0.15   10.00   10.00   clock clk (rise edge)
                          0.00   10.00   clock network delay (ideal)
                         -0.25    9.75   clock uncertainty
                          0.00    9.75   clock reconvergence pessimism
                         -2.00    7.75   output external delay
                                  7.75   data required time
-----------------------------------------------------------------------------
                                  7.75   data required time
                                 -1.37   data arrival time
-----------------------------------------------------------------------------
                                  6.38   slack (MET)


Startpoint: _19_ (rising edge-triggered flip-flop clocked by clk)
Endpoint: clk_gate_en (output port clocked by clk)
Path Group: clk
Path Type: max

Fanout     Cap    Slew   Delay    Time   Description
-----------------------------------------------------------------------------
                  0.15    0.00    0.00   clock clk (rise edge)
                          0.00    0.00   clock network delay (ideal)
                  0.15    0.00    0.00 ^ _19_/CLK (sky130_fd_sc_hd__dfrtp_2)
                  0.14    0.56    0.56 v _19_/Q (sky130_fd_sc_hd__dfrtp_2)
     6    0.05                           current_state[1] (net)
                  0.14    0.00    0.56 v _10_/A (sky130_fd_sc_hd__or2_2)
                  0.05    0.33    0.90 v _10_/X (sky130_fd_sc_hd__or2_2)
     1    0.00                           _03_ (net)
                  0.05    0.00    0.90 v _11_/A (sky130_fd_sc_hd__buf_1)
                  0.20    0.24    1.14 v _11_/X (sky130_fd_sc_hd__buf_1)
     1    0.04                           clk_gate_en (net)
                  0.20    0.00    1.14 v clk_gate_en (out)
                                  1.14   data arrival time

                  0.15   10.00   10.00   clock clk (rise edge)
                          0.00   10.00   clock network delay (ideal)
                         -0.25    9.75   clock uncertainty
                          0.00    9.75   clock reconvergence pessimism
                         -2.00    7.75   output external delay
                                  7.75   data required time
-----------------------------------------------------------------------------
                                  7.75   data required time
                                 -1.14   data arrival time
-----------------------------------------------------------------------------
                                  6.61   slack (MET)


Startpoint: _19_ (rising edge-triggered flip-flop clocked by clk)
Endpoint: isolation_en (output port clocked by clk)
Path Group: clk
Path Type: max

Fanout     Cap    Slew   Delay    Time   Description
-----------------------------------------------------------------------------
                  0.15    0.00    0.00   clock clk (rise edge)
                          0.00    0.00   clock network delay (ideal)
                  0.15    0.00    0.00 ^ _19_/CLK (sky130_fd_sc_hd__dfrtp_2)
                  0.24    0.57    0.57 ^ _19_/Q (sky130_fd_sc_hd__dfrtp_2)
     6    0.05                           current_state[1] (net)
                  0.24    0.00    0.57 ^ _08_/A (sky130_fd_sc_hd__buf_1)
                  0.04    0.12    0.69 ^ _08_/X (sky130_fd_sc_hd__buf_1)
     1    0.00                           _02_ (net)
                  0.04    0.00    0.69 ^ _09_/A (sky130_fd_sc_hd__buf_1)
                  0.44    0.37    1.06 ^ _09_/X (sky130_fd_sc_hd__buf_1)
     2    0.04                           isolation_en (net)
                  0.44    0.00    1.06 ^ isolation_en (out)
                                  1.06   data arrival time

                  0.15   10.00   10.00   clock clk (rise edge)
                          0.00   10.00   clock network delay (ideal)
                         -0.25    9.75   clock uncertainty
                          0.00    9.75   clock reconvergence pessimism
                         -2.00    7.75   output external delay
                                  7.75   data required time
-----------------------------------------------------------------------------
                                  7.75   data required time
                                 -1.06   data arrival time
-----------------------------------------------------------------------------
                                  6.69   slack (MET)


Startpoint: app_idle (input port clocked by clk)
Endpoint: _18_ (rising edge-triggered flip-flop clocked by clk)
Path Group: clk
Path Type: max

Fanout     Cap    Slew   Delay    Time   Description
-----------------------------------------------------------------------------
                  0.15    0.00    0.00   clock clk (rise edge)
                          0.00    0.00   clock network delay (ideal)
                          2.00    2.00 ^ input external delay
                  0.06    0.04    2.04 ^ app_idle (in)
     3    0.01                           app_idle (net)
                  0.06    0.00    2.04 ^ _12_/B_N (sky130_fd_sc_hd__or2b_2)
                  0.05    0.30    2.34 v _12_/X (sky130_fd_sc_hd__or2b_2)
     1    0.00                           _04_ (net)
                  0.05    0.00    2.34 v _15_/A1 (sky130_fd_sc_hd__a211o_2)
                  0.04    0.30    2.64 v _15_/X (sky130_fd_sc_hd__a211o_2)
     1    0.00                           _00_ (net)
                  0.04    0.00    2.64 v _18_/D (sky130_fd_sc_hd__dfrtp_2)
                                  2.64   data arrival time

                  0.15   10.00   10.00   clock clk (rise edge)
                          0.00   10.00   clock network delay (ideal)
                         -0.25    9.75   clock uncertainty
                          0.00    9.75   clock reconvergence pessimism
                                  9.75 ^ _18_/CLK (sky130_fd_sc_hd__dfrtp_2)
                         -0.09    9.66   library setup time
                                  9.66   data required time
-----------------------------------------------------------------------------
                                  9.66   data required time
                                 -2.64   data arrival time
-----------------------------------------------------------------------------
                                  7.02   slack (MET)


Startpoint: _19_ (rising edge-triggered flip-flop clocked by clk)
Endpoint: current_state[1] (output port clocked by clk)
Path Group: clk
Path Type: max

Fanout     Cap    Slew   Delay    Time   Description
-----------------------------------------------------------------------------
                  0.15    0.00    0.00   clock clk (rise edge)
                          0.00    0.00   clock network delay (ideal)
                  0.15    0.00    0.00 ^ _19_/CLK (sky130_fd_sc_hd__dfrtp_2)
                  0.24    0.57    0.57 ^ _19_/Q (sky130_fd_sc_hd__dfrtp_2)
     6    0.05                           current_state[1] (net)
                  0.24    0.00    0.57 ^ current_state[1] (out)
                                  0.57   data arrival time

                  0.15   10.00   10.00   clock clk (rise edge)
                          0.00   10.00   clock network delay (ideal)
                         -0.25    9.75   clock uncertainty
                          0.00    9.75   clock reconvergence pessimism
                         -2.00    7.75   output external delay
                                  7.75   data required time
-----------------------------------------------------------------------------
                                  7.75   data required time
                                 -0.57   data arrival time
-----------------------------------------------------------------------------
                                  7.18   slack (MET)


Startpoint: _18_ (rising edge-triggered flip-flop clocked by clk)
Endpoint: current_state[0] (output port clocked by clk)
Path Group: clk
Path Type: max

Fanout     Cap    Slew   Delay    Time   Description
-----------------------------------------------------------------------------
                  0.15    0.00    0.00   clock clk (rise edge)
                          0.00    0.00   clock network delay (ideal)
                  0.15    0.00    0.00 ^ _18_/CLK (sky130_fd_sc_hd__dfrtp_2)
                  0.24    0.56    0.56 ^ _18_/Q (sky130_fd_sc_hd__dfrtp_2)
     5    0.05                           current_state[0] (net)
                  0.24    0.00    0.56 ^ current_state[0] (out)
                                  0.56   data arrival time

                  0.15   10.00   10.00   clock clk (rise edge)
                          0.00   10.00   clock network delay (ideal)
                         -0.25    9.75   clock uncertainty
                          0.00    9.75   clock reconvergence pessimism
                         -2.00    7.75   output external delay
                                  7.75   data required time
-----------------------------------------------------------------------------
                                  7.75   data required time
                                 -0.56   data arrival time
-----------------------------------------------------------------------------
                                  7.19   slack (MET)


Startpoint: app_idle (input port clocked by clk)
Endpoint: _19_ (rising edge-triggered flip-flop clocked by clk)
Path Group: clk
Path Type: max

Fanout     Cap    Slew   Delay    Time   Description
-----------------------------------------------------------------------------
                  0.15    0.00    0.00   clock clk (rise edge)
                          0.00    0.00   clock network delay (ideal)
                          2.00    2.00 v input external delay
                  0.03    0.02    2.02 v app_idle (in)
     3    0.01                           app_idle (net)
                  0.03    0.00    2.02 v _16_/A2 (sky130_fd_sc_hd__a21oi_2)
                  0.11    0.14    2.16 ^ _16_/Y (sky130_fd_sc_hd__a21oi_2)
     1    0.00                           _07_ (net)
                  0.11    0.00    2.16 ^ _17_/A2 (sky130_fd_sc_hd__o21bai_2)
                  0.04    0.06    2.22 v _17_/Y (sky130_fd_sc_hd__o21bai_2)
     1    0.00                           _01_ (net)
                  0.04    0.00    2.22 v _19_/D (sky130_fd_sc_hd__dfrtp_2)
                                  2.22   data arrival time

                  0.15   10.00   10.00   clock clk (rise edge)
                          0.00   10.00   clock network delay (ideal)
                         -0.25    9.75   clock uncertainty
                          0.00    9.75   clock reconvergence pessimism
                                  9.75 ^ _19_/CLK (sky130_fd_sc_hd__dfrtp_2)
                         -0.09    9.66   library setup time
                                  9.66   data required time
-----------------------------------------------------------------------------
                                  9.66   data required time
                                 -2.22   data arrival time
-----------------------------------------------------------------------------
                                  7.44   slack (MET)


Startpoint: reset_n (input port clocked by clk)
Endpoint: _18_ (recovery check against rising-edge clock clk)
Path Group: asynchronous
Path Type: max

Fanout     Cap    Slew   Delay    Time   Description
-----------------------------------------------------------------------------
                  0.15    0.00    0.00   clock clk (rise edge)
                          0.00    0.00   clock network delay (ideal)
                          2.00    2.00 ^ input external delay
                  0.05    0.04    2.04 ^ reset_n (in)
     2    0.01                           reset_n (net)
                  0.05    0.00    2.04 ^ _18_/RESET_B (sky130_fd_sc_hd__dfrtp_2)
                                  2.04   data arrival time

                  0.15   10.00   10.00   clock clk (rise edge)
                          0.00   10.00   clock network delay (ideal)
                         -0.25    9.75   clock uncertainty
                          0.00    9.75   clock reconvergence pessimism
                                  9.75 ^ _18_/CLK (sky130_fd_sc_hd__dfrtp_2)
                          0.25   10.00   library recovery time
                                 10.00   data required time
-----------------------------------------------------------------------------
                                 10.00   data required time
                                 -2.04   data arrival time
-----------------------------------------------------------------------------
                                  7.96   slack (MET)


Startpoint: reset_n (input port clocked by clk)
Endpoint: _19_ (recovery check against rising-edge clock clk)
Path Group: asynchronous
Path Type: max

Fanout     Cap    Slew   Delay    Time   Description
-----------------------------------------------------------------------------
                  0.15    0.00    0.00   clock clk (rise edge)
                          0.00    0.00   clock network delay (ideal)
                          2.00    2.00 ^ input external delay
                  0.05    0.04    2.04 ^ reset_n (in)
     2    0.01                           reset_n (net)
                  0.05    0.00    2.04 ^ _19_/RESET_B (sky130_fd_sc_hd__dfrtp_2)
                                  2.04   data arrival time

                  0.15   10.00   10.00   clock clk (rise edge)
                          0.00   10.00   clock network delay (ideal)
                         -0.25    9.75   clock uncertainty
                          0.00    9.75   clock reconvergence pessimism
                                  9.75 ^ _19_/CLK (sky130_fd_sc_hd__dfrtp_2)
                          0.25   10.00   library recovery time
                                 10.00   data required time
-----------------------------------------------------------------------------
                                 10.00   data required time
                                 -2.04   data arrival time
-----------------------------------------------------------------------------
                                  7.96   slack (MET)



max_report_end
checks_report

===========================================================================
report_checks -unconstrained
===========================================================================
======================= Typical Corner ===================================

Startpoint: reset_n (input port clocked by clk)
Endpoint: _18_ (recovery check against rising-edge clock clk)
Path Group: asynchronous
Path Type: max

Fanout     Cap    Slew   Delay    Time   Description
-----------------------------------------------------------------------------
                  0.15    0.00    0.00   clock clk (rise edge)
                          0.00    0.00   clock network delay (ideal)
                          2.00    2.00 ^ input external delay
                  0.05    0.04    2.04 ^ reset_n (in)
     2    0.01                           reset_n (net)
                  0.05    0.00    2.04 ^ _18_/RESET_B (sky130_fd_sc_hd__dfrtp_2)
                                  2.04   data arrival time

                  0.15   10.00   10.00   clock clk (rise edge)
                          0.00   10.00   clock network delay (ideal)
                         -0.25    9.75   clock uncertainty
                          0.00    9.75   clock reconvergence pessimism
                                  9.75 ^ _18_/CLK (sky130_fd_sc_hd__dfrtp_2)
                          0.25   10.00   library recovery time
                                 10.00   data required time
-----------------------------------------------------------------------------
                                 10.00   data required time
                                 -2.04   data arrival time
-----------------------------------------------------------------------------
                                  7.96   slack (MET)


Startpoint: _19_ (rising edge-triggered flip-flop clocked by clk)
Endpoint: pwr_gate_en (output port clocked by clk)
Path Group: clk
Path Type: max

Fanout     Cap    Slew   Delay    Time   Description
-----------------------------------------------------------------------------
                  0.15    0.00    0.00   clock clk (rise edge)
                          0.00    0.00   clock network delay (ideal)
                  0.15    0.00    0.00 ^ _19_/CLK (sky130_fd_sc_hd__dfrtp_2)
                  0.24    0.57    0.57 ^ _19_/Q (sky130_fd_sc_hd__dfrtp_2)
     6    0.05                           current_state[1] (net)
                  0.24    0.00    0.57 ^ _08_/A (sky130_fd_sc_hd__buf_1)
                  0.04    0.12    0.69 ^ _08_/X (sky130_fd_sc_hd__buf_1)
     1    0.00                           _02_ (net)
                  0.04    0.00    0.69 ^ _09_/A (sky130_fd_sc_hd__buf_1)
                  0.44    0.37    1.06 ^ _09_/X (sky130_fd_sc_hd__buf_1)
     2    0.04                           isolation_en (net)
                  0.44    0.00    1.06 ^ _20_/A (sky130_fd_sc_hd__buf_2)
                  0.18    0.31    1.37 ^ _20_/X (sky130_fd_sc_hd__buf_2)
     1    0.04                           pwr_gate_en (net)
                  0.18    0.00    1.37 ^ pwr_gate_en (out)
                                  1.37   data arrival time

                  0.15   10.00   10.00   clock clk (rise edge)
                          0.00   10.00   clock network delay (ideal)
                         -0.25    9.75   clock uncertainty
                          0.00    9.75   clock reconvergence pessimism
                         -2.00    7.75   output external delay
                                  7.75   data required time
-----------------------------------------------------------------------------
                                  7.75   data required time
                                 -1.37   data arrival time
-----------------------------------------------------------------------------
                                  6.38   slack (MET)




===========================================================================
report_checks --slack_max -0.01
============================================================================
======================= Typical Corner ===================================

No paths found.


===========================================================================
 report_check_types -max_slew -max_cap -max_fanout -violators
============================================================================
======================= Typical Corner ===================================



===========================================================================
report_parasitic_annotation -report_unannotated
============================================================================
Found 18 unannotated drivers.
 app_idle
 clk
 reset_n
 thermal_alert
 wakeup_event
 _08_/X
 _09_/X
 _10_/X
 _11_/X
 _12_/X
 _13_/X
 _14_/Y
 _15_/X
 _16_/Y
 _17_/Y
 _18_/Q
 _19_/Q
 _20_/X
Found 0 partially unannotated drivers.

===========================================================================
max slew violation count 0
max fanout violation count 0
max cap violation count 0
============================================================================

===========================================================================
check_setup -verbose -unconstrained_endpoints -multiple_clock -no_clock -no_input_delay -loops -generated_clocks
===========================================================================
checks_report_end
power_report

===========================================================================
 report_power
============================================================================
======================= Typical Corner ===================================

Group                  Internal  Switching    Leakage      Total
                          Power      Power      Power      Power (Watts)
----------------------------------------------------------------
Sequential             8.39e-06   2.46e-06   2.13e-11   1.08e-05  69.9%
Combinational          1.92e-06   2.75e-06   9.56e-11   4.67e-06  30.1%
Macro                  0.00e+00   0.00e+00   0.00e+00   0.00e+00   0.0%
Pad                    0.00e+00   0.00e+00   0.00e+00   0.00e+00   0.0%
----------------------------------------------------------------
Total                  1.03e-05   5.20e-06   1.17e-10   1.55e-05 100.0%
                          66.5%      33.5%       0.0%

power_report_end
skew_report

===========================================================================
report_clock_skew
============================================================================
Clock clk
Latency      CRPR       Skew
_18_/CLK ^
   0.01
_18_/CLK ^
   0.01      0.00       0.00

skew_report_end
summary_report

===========================================================================
report_tns
============================================================================
tns 0.00

===========================================================================
report_wns
============================================================================
wns 0.00

===========================================================================
report_worst_slack -max (Setup)
============================================================================
worst slack 6.38

===========================================================================
report_worst_slack -min (Hold)
============================================================================
worst slack 0.42
summary_report_end
area_report

===========================================================================
report_design_area
============================================================================
Design area 150 u^2 14% utilization.
area_report_end
[WARNING] Did not save OpenROAD database!
Writing SDF to '/openlane/designs/pmu_controller/runs/RUN_2026.04.28_12.48.54/results/signoff/pmu_controller.sdf'…
