OpenROAD 41a51eaf4ca2171c92ff38afb91eb37bbd3f36da 
This program is licensed under the BSD-3 license. See the LICENSE file for details.
Components of this program may be licensed under more restrictive licenses which must be honored.
[INFO]: Reading ODB at '/openlane/designs/pmu_controller/runs/RUN_2026.04.28_12.48.54/tmp/placement/7-global.odb'…
define_corners Slowest Typical Fastest
read_liberty -corner Slowest /home/mgangadhar/.ciel/sky130A/libs.ref/sky130_fd_sc_hd/lib/sky130_fd_sc_hd__ss_100C_1v60.lib
read_liberty -corner Typical /home/mgangadhar/.ciel/sky130A/libs.ref/sky130_fd_sc_hd/lib/sky130_fd_sc_hd__tt_025C_1v80.lib
read_liberty -corner Fastest /home/mgangadhar/.ciel/sky130A/libs.ref/sky130_fd_sc_hd/lib/sky130_fd_sc_hd__ff_n40C_1v95.lib
Using 1e-12 for capacitance...
Using 1e+03 for resistance...
Using 1e-09 for time...
Using 1e+00 for voltage...
Using 1e-03 for current...
Using 1e-09 for power...
Using 1e-06 for distance...
Reading design constraints file at '/openlane/designs/pmu_controller/runs/RUN_2026.04.28_12.48.54/tmp/floorplan/3-initial_fp.sdc'…
[INFO]: Setting RC values...
[INFO RSZ-0027] Inserted 4 input buffers.
[INFO RSZ-0028] Inserted 5 output buffers.
[INFO RSZ-0058] Using max wire length 4508um.
[INFO RSZ-0039] Resized 19 instances.
Placement Analysis
---------------------------------
total displacement         63.6 u
average displacement        1.2 u
max displacement            7.1 u
original HPWL             381.3 u
legalized HPWL            439.6 u
delta HPWL                   15 %

[INFO DPL-0020] Mirrored 11 instances
[INFO DPL-0021] HPWL before             439.6 u
[INFO DPL-0022] HPWL after              422.4 u
[INFO DPL-0023] HPWL delta               -3.9 %
Setting global connections for newly added cells…
Writing OpenROAD database to '/openlane/designs/pmu_controller/runs/RUN_2026.04.28_12.48.54/tmp/placement/9-resizer.odb'…
Writing netlist to '/openlane/designs/pmu_controller/runs/RUN_2026.04.28_12.48.54/tmp/placement/9-resizer.nl.v'…
Writing powered netlist to '/openlane/designs/pmu_controller/runs/RUN_2026.04.28_12.48.54/tmp/placement/9-resizer.pnl.v'…
Writing layout to '/openlane/designs/pmu_controller/runs/RUN_2026.04.28_12.48.54/tmp/placement/9-resizer.def'…
Writing timing constraints to '/openlane/designs/pmu_controller/runs/RUN_2026.04.28_12.48.54/tmp/placement/9-resizer.sdc'…
area_report

===========================================================================
report_design_area
============================================================================
Design area 173 u^2 16% utilization.
area_report_end
