
===========================================================================
report_checks -path_delay min (Hold)
============================================================================
======================= Fastest Corner ===================================

Startpoint: _19_ (rising edge-triggered flip-flop clocked by clk)
Endpoint: _19_ (rising edge-triggered flip-flop clocked by clk)
Path Group: clk
Path Type: min
Corner: Fastest

Fanout     Cap    Slew   Delay    Time   Description
-----------------------------------------------------------------------------
                          0.00    0.00   clock clk (rise edge)
                          0.00    0.00   clock source latency
                  0.05    0.03    0.03 ^ clk (in)
     1    0.01                           clk (net)
                  0.05    0.00    0.03 ^ clkbuf_0_clk/A (sky130_fd_sc_hd__clkbuf_16)
                  0.03    0.08    0.11 ^ clkbuf_0_clk/X (sky130_fd_sc_hd__clkbuf_16)
     2    0.02                           clknet_0_clk (net)
                  0.03    0.00    0.11 ^ clkbuf_1_0__f_clk/A (sky130_fd_sc_hd__clkbuf_16)
                  0.02    0.07    0.18 ^ clkbuf_1_0__f_clk/X (sky130_fd_sc_hd__clkbuf_16)
     1    0.00                           clknet_1_0__leaf_clk (net)
                  0.02    0.00    0.18 ^ _19_/CLK (sky130_fd_sc_hd__dfrtp_2)
                  0.08    0.24    0.42 ^ _19_/Q (sky130_fd_sc_hd__dfrtp_2)
     6    0.02                           net7 (net)
                  0.08    0.00    0.42 ^ _16_/B1 (sky130_fd_sc_hd__a21oi_1)
                  0.03    0.03    0.45 v _16_/Y (sky130_fd_sc_hd__a21oi_1)
     1    0.00                           _07_ (net)
                  0.03    0.00    0.45 v _17_/A2 (sky130_fd_sc_hd__o21bai_1)
                  0.04    0.08    0.53 ^ _17_/Y (sky130_fd_sc_hd__o21bai_1)
     1    0.00                           _01_ (net)
                  0.04    0.00    0.53 ^ _19_/D (sky130_fd_sc_hd__dfrtp_2)
                                  0.53   data arrival time

                          0.00    0.00   clock clk (rise edge)
                          0.00    0.00   clock source latency
                  0.05    0.03    0.03 ^ clk (in)
     1    0.01                           clk (net)
                  0.05    0.00    0.03 ^ clkbuf_0_clk/A (sky130_fd_sc_hd__clkbuf_16)
                  0.03    0.09    0.12 ^ clkbuf_0_clk/X (sky130_fd_sc_hd__clkbuf_16)
     2    0.02                           clknet_0_clk (net)
                  0.03    0.00    0.12 ^ clkbuf_1_0__f_clk/A (sky130_fd_sc_hd__clkbuf_16)
                  0.02    0.08    0.20 ^ clkbuf_1_0__f_clk/X (sky130_fd_sc_hd__clkbuf_16)
     1    0.00                           clknet_1_0__leaf_clk (net)
                  0.02    0.00    0.20 ^ _19_/CLK (sky130_fd_sc_hd__dfrtp_2)
                          0.25    0.45   clock uncertainty
                         -0.02    0.43   clock reconvergence pessimism
                         -0.02    0.41   library hold time
                                  0.41   data required time
-----------------------------------------------------------------------------
                                  0.41   data required time
                                 -0.53   data arrival time
-----------------------------------------------------------------------------
                                  0.12   slack (MET)


Startpoint: _19_ (rising edge-triggered flip-flop clocked by clk)
Endpoint: _18_ (rising edge-triggered flip-flop clocked by clk)
Path Group: clk
Path Type: min
Corner: Fastest

Fanout     Cap    Slew   Delay    Time   Description
-----------------------------------------------------------------------------
                          0.00    0.00   clock clk (rise edge)
                          0.00    0.00   clock source latency
                  0.05    0.03    0.03 ^ clk (in)
     1    0.01                           clk (net)
                  0.05    0.00    0.03 ^ clkbuf_0_clk/A (sky130_fd_sc_hd__clkbuf_16)
                  0.03    0.08    0.11 ^ clkbuf_0_clk/X (sky130_fd_sc_hd__clkbuf_16)
     2    0.02                           clknet_0_clk (net)
                  0.03    0.00    0.11 ^ clkbuf_1_0__f_clk/A (sky130_fd_sc_hd__clkbuf_16)
                  0.02    0.07    0.18 ^ clkbuf_1_0__f_clk/X (sky130_fd_sc_hd__clkbuf_16)
     1    0.00                           clknet_1_0__leaf_clk (net)
                  0.02    0.00    0.18 ^ _19_/CLK (sky130_fd_sc_hd__dfrtp_2)
                  0.08    0.24    0.42 ^ _19_/Q (sky130_fd_sc_hd__dfrtp_2)
     6    0.02                           net7 (net)
                  0.08    0.00    0.42 ^ _12_/A (sky130_fd_sc_hd__or2b_1)
                  0.03    0.06    0.48 ^ _12_/X (sky130_fd_sc_hd__or2b_1)
     1    0.00                           _04_ (net)
                  0.03    0.00    0.48 ^ _15_/A1 (sky130_fd_sc_hd__a211o_1)
                  0.03    0.06    0.54 ^ _15_/X (sky130_fd_sc_hd__a211o_1)
     1    0.00                           _00_ (net)
                  0.03    0.00    0.54 ^ _18_/D (sky130_fd_sc_hd__dfrtp_1)
                                  0.54   data arrival time

                          0.00    0.00   clock clk (rise edge)
                          0.00    0.00   clock source latency
                  0.05    0.03    0.03 ^ clk (in)
     1    0.01                           clk (net)
                  0.05    0.00    0.03 ^ clkbuf_0_clk/A (sky130_fd_sc_hd__clkbuf_16)
                  0.03    0.09    0.12 ^ clkbuf_0_clk/X (sky130_fd_sc_hd__clkbuf_16)
     2    0.02                           clknet_0_clk (net)
                  0.03    0.00    0.12 ^ clkbuf_1_1__f_clk/A (sky130_fd_sc_hd__clkbuf_16)
                  0.02    0.07    0.20 ^ clkbuf_1_1__f_clk/X (sky130_fd_sc_hd__clkbuf_16)
     1    0.00                           clknet_1_1__leaf_clk (net)
                  0.02    0.00    0.20 ^ _18_/CLK (sky130_fd_sc_hd__dfrtp_1)
                          0.25    0.45   clock uncertainty
                         -0.01    0.44   clock reconvergence pessimism
                         -0.02    0.42   library hold time
                                  0.42   data required time
-----------------------------------------------------------------------------
                                  0.42   data required time
                                 -0.54   data arrival time
-----------------------------------------------------------------------------
                                  0.13   slack (MET)


Startpoint: reset_n (input port clocked by clk)
Endpoint: _19_ (removal check against rising-edge clock clk)
Path Group: asynchronous
Path Type: min
Corner: Fastest

Fanout     Cap    Slew   Delay    Time   Description
-----------------------------------------------------------------------------
                          0.00    0.00   clock clk (rise edge)
                          0.00    0.00   clock network delay (propagated)
                          2.00    2.00 ^ input external delay
                  0.01    0.01    2.01 ^ reset_n (in)
     1    0.00                           reset_n (net)
                  0.01    0.00    2.01 ^ input2/A (sky130_fd_sc_hd__buf_1)
                  0.11    0.10    2.10 ^ input2/X (sky130_fd_sc_hd__buf_1)
     2    0.01                           net2 (net)
                  0.11    0.00    2.10 ^ _19_/RESET_B (sky130_fd_sc_hd__dfrtp_2)
                                  2.10   data arrival time

                          0.00    0.00   clock clk (rise edge)
                          0.00    0.00   clock source latency
                  0.05    0.03    0.03 ^ clk (in)
     1    0.01                           clk (net)
                  0.05    0.00    0.03 ^ clkbuf_0_clk/A (sky130_fd_sc_hd__clkbuf_16)
                  0.03    0.09    0.12 ^ clkbuf_0_clk/X (sky130_fd_sc_hd__clkbuf_16)
     2    0.02                           clknet_0_clk (net)
                  0.03    0.00    0.12 ^ clkbuf_1_0__f_clk/A (sky130_fd_sc_hd__clkbuf_16)
                  0.02    0.08    0.20 ^ clkbuf_1_0__f_clk/X (sky130_fd_sc_hd__clkbuf_16)
     1    0.00                           clknet_1_0__leaf_clk (net)
                  0.02    0.00    0.20 ^ _19_/CLK (sky130_fd_sc_hd__dfrtp_2)
                          0.25    0.45   clock uncertainty
                          0.00    0.45   clock reconvergence pessimism
                          0.22    0.67   library removal time
                                  0.67   data required time
-----------------------------------------------------------------------------
                                  0.67   data required time
                                 -2.10   data arrival time
-----------------------------------------------------------------------------
                                  1.44   slack (MET)


Startpoint: reset_n (input port clocked by clk)
Endpoint: _18_ (removal check against rising-edge clock clk)
Path Group: asynchronous
Path Type: min
Corner: Fastest

Fanout     Cap    Slew   Delay    Time   Description
-----------------------------------------------------------------------------
                          0.00    0.00   clock clk (rise edge)
                          0.00    0.00   clock network delay (propagated)
                          2.00    2.00 ^ input external delay
                  0.01    0.01    2.01 ^ reset_n (in)
     1    0.00                           reset_n (net)
                  0.01    0.00    2.01 ^ input2/A (sky130_fd_sc_hd__buf_1)
                  0.11    0.10    2.10 ^ input2/X (sky130_fd_sc_hd__buf_1)
     2    0.01                           net2 (net)
                  0.11    0.00    2.10 ^ _18_/RESET_B (sky130_fd_sc_hd__dfrtp_1)
                                  2.10   data arrival time

                          0.00    0.00   clock clk (rise edge)
                          0.00    0.00   clock source latency
                  0.05    0.03    0.03 ^ clk (in)
     1    0.01                           clk (net)
                  0.05    0.00    0.03 ^ clkbuf_0_clk/A (sky130_fd_sc_hd__clkbuf_16)
                  0.03    0.09    0.12 ^ clkbuf_0_clk/X (sky130_fd_sc_hd__clkbuf_16)
     2    0.02                           clknet_0_clk (net)
                  0.03    0.00    0.12 ^ clkbuf_1_1__f_clk/A (sky130_fd_sc_hd__clkbuf_16)
                  0.02    0.07    0.20 ^ clkbuf_1_1__f_clk/X (sky130_fd_sc_hd__clkbuf_16)
     1    0.00                           clknet_1_1__leaf_clk (net)
                  0.02    0.00    0.20 ^ _18_/CLK (sky130_fd_sc_hd__dfrtp_1)
                          0.25    0.45   clock uncertainty
                          0.00    0.45   clock reconvergence pessimism
                          0.22    0.67   library removal time
                                  0.67   data required time
-----------------------------------------------------------------------------
                                  0.67   data required time
                                 -2.10   data arrival time
-----------------------------------------------------------------------------
                                  1.44   slack (MET)


Startpoint: _19_ (rising edge-triggered flip-flop clocked by clk)
Endpoint: current_state[1] (output port clocked by clk)
Path Group: clk
Path Type: min
Corner: Fastest

Fanout     Cap    Slew   Delay    Time   Description
-----------------------------------------------------------------------------
                          0.00    0.00   clock clk (rise edge)
                          0.00    0.00   clock source latency
                  0.05    0.03    0.03 ^ clk (in)
     1    0.01                           clk (net)
                  0.05    0.00    0.03 ^ clkbuf_0_clk/A (sky130_fd_sc_hd__clkbuf_16)
                  0.03    0.08    0.11 ^ clkbuf_0_clk/X (sky130_fd_sc_hd__clkbuf_16)
     2    0.02                           clknet_0_clk (net)
                  0.03    0.00    0.11 ^ clkbuf_1_0__f_clk/A (sky130_fd_sc_hd__clkbuf_16)
                  0.02    0.07    0.18 ^ clkbuf_1_0__f_clk/X (sky130_fd_sc_hd__clkbuf_16)
     1    0.00                           clknet_1_0__leaf_clk (net)
                  0.02    0.00    0.18 ^ _19_/CLK (sky130_fd_sc_hd__dfrtp_2)
                  0.08    0.24    0.42 ^ _19_/Q (sky130_fd_sc_hd__dfrtp_2)
     6    0.02                           net7 (net)
                  0.08    0.00    0.42 ^ output7/A (sky130_fd_sc_hd__clkbuf_4)
                  0.08    0.13    0.55 ^ output7/X (sky130_fd_sc_hd__clkbuf_4)
     1    0.03                           current_state[1] (net)
                  0.08    0.00    0.55 ^ current_state[1] (out)
                                  0.55   data arrival time

                          0.00    0.00   clock clk (rise edge)
                          0.00    0.00   clock network delay (propagated)
                          0.25    0.25   clock uncertainty
                          0.00    0.25   clock reconvergence pessimism
                         -2.00   -1.75   output external delay
                                 -1.75   data required time
-----------------------------------------------------------------------------
                                 -1.75   data required time
                                 -0.55   data arrival time
-----------------------------------------------------------------------------
                                  2.30   slack (MET)


Startpoint: _18_ (rising edge-triggered flip-flop clocked by clk)
Endpoint: current_state[0] (output port clocked by clk)
Path Group: clk
Path Type: min
Corner: Fastest

Fanout     Cap    Slew   Delay    Time   Description
-----------------------------------------------------------------------------
                          0.00    0.00   clock clk (rise edge)
                          0.00    0.00   clock source latency
                  0.05    0.03    0.03 ^ clk (in)
     1    0.01                           clk (net)
                  0.05    0.00    0.03 ^ clkbuf_0_clk/A (sky130_fd_sc_hd__clkbuf_16)
                  0.03    0.08    0.11 ^ clkbuf_0_clk/X (sky130_fd_sc_hd__clkbuf_16)
     2    0.02                           clknet_0_clk (net)
                  0.03    0.00    0.11 ^ clkbuf_1_1__f_clk/A (sky130_fd_sc_hd__clkbuf_16)
                  0.02    0.07    0.18 ^ clkbuf_1_1__f_clk/X (sky130_fd_sc_hd__clkbuf_16)
     1    0.00                           clknet_1_1__leaf_clk (net)
                  0.02    0.00    0.18 ^ _18_/CLK (sky130_fd_sc_hd__dfrtp_1)
                  0.06    0.25    0.43 v _18_/Q (sky130_fd_sc_hd__dfrtp_1)
     5    0.01                           net6 (net)
                  0.06    0.00    0.43 v output6/A (sky130_fd_sc_hd__clkbuf_4)
                  0.06    0.13    0.56 v output6/X (sky130_fd_sc_hd__clkbuf_4)
     1    0.03                           current_state[0] (net)
                  0.06    0.00    0.56 v current_state[0] (out)
                                  0.56   data arrival time

                          0.00    0.00   clock clk (rise edge)
                          0.00    0.00   clock network delay (propagated)
                          0.25    0.25   clock uncertainty
                          0.00    0.25   clock reconvergence pessimism
                         -2.00   -1.75   output external delay
                                 -1.75   data required time
-----------------------------------------------------------------------------
                                 -1.75   data required time
                                 -0.56   data arrival time
-----------------------------------------------------------------------------
                                  2.31   slack (MET)


Startpoint: _19_ (rising edge-triggered flip-flop clocked by clk)
Endpoint: clk_gate_en (output port clocked by clk)
Path Group: clk
Path Type: min
Corner: Fastest

Fanout     Cap    Slew   Delay    Time   Description
-----------------------------------------------------------------------------
                          0.00    0.00   clock clk (rise edge)
                          0.00    0.00   clock source latency
                  0.05    0.03    0.03 ^ clk (in)
     1    0.01                           clk (net)
                  0.05    0.00    0.03 ^ clkbuf_0_clk/A (sky130_fd_sc_hd__clkbuf_16)
                  0.03    0.08    0.11 ^ clkbuf_0_clk/X (sky130_fd_sc_hd__clkbuf_16)
     2    0.02                           clknet_0_clk (net)
                  0.03    0.00    0.11 ^ clkbuf_1_0__f_clk/A (sky130_fd_sc_hd__clkbuf_16)
                  0.02    0.07    0.18 ^ clkbuf_1_0__f_clk/X (sky130_fd_sc_hd__clkbuf_16)
     1    0.00                           clknet_1_0__leaf_clk (net)
                  0.02    0.00    0.18 ^ _19_/CLK (sky130_fd_sc_hd__dfrtp_2)
                  0.08    0.24    0.42 ^ _19_/Q (sky130_fd_sc_hd__dfrtp_2)
     6    0.02                           net7 (net)
                  0.08    0.00    0.42 ^ _10_/A (sky130_fd_sc_hd__or2_1)
                  0.03    0.07    0.48 ^ _10_/X (sky130_fd_sc_hd__or2_1)
     1    0.00                           _03_ (net)
                  0.03    0.00    0.48 ^ _11_/A (sky130_fd_sc_hd__clkbuf_1)
                  0.04    0.05    0.54 ^ _11_/X (sky130_fd_sc_hd__clkbuf_1)
     1    0.00                           net5 (net)
                  0.04    0.00    0.54 ^ output5/A (sky130_fd_sc_hd__clkbuf_4)
                  0.09    0.12    0.66 ^ output5/X (sky130_fd_sc_hd__clkbuf_4)
     1    0.03                           clk_gate_en (net)
                  0.09    0.00    0.66 ^ clk_gate_en (out)
                                  0.66   data arrival time

                          0.00    0.00   clock clk (rise edge)
                          0.00    0.00   clock network delay (propagated)
                          0.25    0.25   clock uncertainty
                          0.00    0.25   clock reconvergence pessimism
                         -2.00   -1.75   output external delay
                                 -1.75   data required time
-----------------------------------------------------------------------------
                                 -1.75   data required time
                                 -0.66   data arrival time
-----------------------------------------------------------------------------
                                  2.41   slack (MET)


Startpoint: _19_ (rising edge-triggered flip-flop clocked by clk)
Endpoint: isolation_en (output port clocked by clk)
Path Group: clk
Path Type: min
Corner: Fastest

Fanout     Cap    Slew   Delay    Time   Description
-----------------------------------------------------------------------------
                          0.00    0.00   clock clk (rise edge)
                          0.00    0.00   clock source latency
                  0.05    0.03    0.03 ^ clk (in)
     1    0.01                           clk (net)
                  0.05    0.00    0.03 ^ clkbuf_0_clk/A (sky130_fd_sc_hd__clkbuf_16)
                  0.03    0.08    0.11 ^ clkbuf_0_clk/X (sky130_fd_sc_hd__clkbuf_16)
     2    0.02                           clknet_0_clk (net)
                  0.03    0.00    0.11 ^ clkbuf_1_0__f_clk/A (sky130_fd_sc_hd__clkbuf_16)
                  0.02    0.07    0.18 ^ clkbuf_1_0__f_clk/X (sky130_fd_sc_hd__clkbuf_16)
     1    0.00                           clknet_1_0__leaf_clk (net)
                  0.02    0.00    0.18 ^ _19_/CLK (sky130_fd_sc_hd__dfrtp_2)
                  0.05    0.25    0.44 v _19_/Q (sky130_fd_sc_hd__dfrtp_2)
     6    0.02                           net7 (net)
                  0.05    0.00    0.44 v _08_/A (sky130_fd_sc_hd__clkbuf_1)
                  0.02    0.06    0.50 v _08_/X (sky130_fd_sc_hd__clkbuf_1)
     1    0.00                           _02_ (net)
                  0.02    0.00    0.50 v _09_/A (sky130_fd_sc_hd__buf_1)
                  0.03    0.06    0.56 v _09_/X (sky130_fd_sc_hd__buf_1)
     2    0.01                           net8 (net)
                  0.03    0.00    0.56 v output8/A (sky130_fd_sc_hd__clkbuf_4)
                  0.06    0.12    0.68 v output8/X (sky130_fd_sc_hd__clkbuf_4)
     1    0.03                           isolation_en (net)
                  0.06    0.00    0.68 v isolation_en (out)
                                  0.68   data arrival time

                          0.00    0.00   clock clk (rise edge)
                          0.00    0.00   clock network delay (propagated)
                          0.25    0.25   clock uncertainty
                          0.00    0.25   clock reconvergence pessimism
                         -2.00   -1.75   output external delay
                                 -1.75   data required time
-----------------------------------------------------------------------------
                                 -1.75   data required time
                                 -0.68   data arrival time
-----------------------------------------------------------------------------
                                  2.43   slack (MET)


Startpoint: _19_ (rising edge-triggered flip-flop clocked by clk)
Endpoint: pwr_gate_en (output port clocked by clk)
Path Group: clk
Path Type: min
Corner: Fastest

Fanout     Cap    Slew   Delay    Time   Description
-----------------------------------------------------------------------------
                          0.00    0.00   clock clk (rise edge)
                          0.00    0.00   clock source latency
                  0.05    0.03    0.03 ^ clk (in)
     1    0.01                           clk (net)
                  0.05    0.00    0.03 ^ clkbuf_0_clk/A (sky130_fd_sc_hd__clkbuf_16)
                  0.03    0.08    0.11 ^ clkbuf_0_clk/X (sky130_fd_sc_hd__clkbuf_16)
     2    0.02                           clknet_0_clk (net)
                  0.03    0.00    0.11 ^ clkbuf_1_0__f_clk/A (sky130_fd_sc_hd__clkbuf_16)
                  0.02    0.07    0.18 ^ clkbuf_1_0__f_clk/X (sky130_fd_sc_hd__clkbuf_16)
     1    0.00                           clknet_1_0__leaf_clk (net)
                  0.02    0.00    0.18 ^ _19_/CLK (sky130_fd_sc_hd__dfrtp_2)
                  0.05    0.25    0.44 v _19_/Q (sky130_fd_sc_hd__dfrtp_2)
     6    0.02                           net7 (net)
                  0.05    0.00    0.44 v _08_/A (sky130_fd_sc_hd__clkbuf_1)
                  0.02    0.06    0.50 v _08_/X (sky130_fd_sc_hd__clkbuf_1)
     1    0.00                           _02_ (net)
                  0.02    0.00    0.50 v _09_/A (sky130_fd_sc_hd__buf_1)
                  0.03    0.06    0.56 v _09_/X (sky130_fd_sc_hd__buf_1)
     2    0.01                           net8 (net)
                  0.03    0.00    0.56 v _20_/A (sky130_fd_sc_hd__clkbuf_1)
                  0.02    0.06    0.62 v _20_/X (sky130_fd_sc_hd__clkbuf_1)
     1    0.00                           net9 (net)
                  0.02    0.00    0.62 v output9/A (sky130_fd_sc_hd__clkbuf_4)
                  0.06    0.11    0.73 v output9/X (sky130_fd_sc_hd__clkbuf_4)
     1    0.03                           pwr_gate_en (net)
                  0.06    0.00    0.73 v pwr_gate_en (out)
                                  0.73   data arrival time

                          0.00    0.00   clock clk (rise edge)
                          0.00    0.00   clock network delay (propagated)
                          0.25    0.25   clock uncertainty
                          0.00    0.25   clock reconvergence pessimism
                         -2.00   -1.75   output external delay
                                 -1.75   data required time
-----------------------------------------------------------------------------
                                 -1.75   data required time
                                 -0.73   data arrival time
-----------------------------------------------------------------------------
                                  2.48   slack (MET)



======================= Slowest Corner ===================================

Startpoint: reset_n (input port clocked by clk)
Endpoint: _19_ (removal check against rising-edge clock clk)
Path Group: asynchronous
Path Type: min
Corner: Slowest

Fanout     Cap    Slew   Delay    Time   Description
-----------------------------------------------------------------------------
                          0.00    0.00   clock clk (rise edge)
                          0.00    0.00   clock network delay (propagated)
                          2.00    2.00 ^ input external delay
                  0.03    0.02    2.02 ^ reset_n (in)
     1    0.00                           reset_n (net)
                  0.03    0.00    2.02 ^ input2/A (sky130_fd_sc_hd__buf_1)
                  0.22    0.23    2.24 ^ input2/X (sky130_fd_sc_hd__buf_1)
     2    0.01                           net2 (net)
                  0.22    0.00    2.24 ^ _19_/RESET_B (sky130_fd_sc_hd__dfrtp_2)
                                  2.24   data arrival time

                          0.00    0.00   clock clk (rise edge)
                          0.00    0.00   clock source latency
                  0.10    0.07    0.07 ^ clk (in)
     1    0.01                           clk (net)
                  0.10    0.00    0.07 ^ clkbuf_0_clk/A (sky130_fd_sc_hd__clkbuf_16)
                  0.07    0.24    0.31 ^ clkbuf_0_clk/X (sky130_fd_sc_hd__clkbuf_16)
     2    0.02                           clknet_0_clk (net)
                  0.07    0.00    0.31 ^ clkbuf_1_0__f_clk/A (sky130_fd_sc_hd__clkbuf_16)
                  0.05    0.20    0.51 ^ clkbuf_1_0__f_clk/X (sky130_fd_sc_hd__clkbuf_16)
     1    0.00                           clknet_1_0__leaf_clk (net)
                  0.05    0.00    0.51 ^ _19_/CLK (sky130_fd_sc_hd__dfrtp_2)
                          0.25    0.76   clock uncertainty
                          0.00    0.76   clock reconvergence pessimism
                          0.70    1.46   library removal time
                                  1.46   data required time
-----------------------------------------------------------------------------
                                  1.46   data required time
                                 -2.24   data arrival time
-----------------------------------------------------------------------------
                                  0.79   slack (MET)


Startpoint: reset_n (input port clocked by clk)
Endpoint: _18_ (removal check against rising-edge clock clk)
Path Group: asynchronous
Path Type: min
Corner: Slowest

Fanout     Cap    Slew   Delay    Time   Description
-----------------------------------------------------------------------------
                          0.00    0.00   clock clk (rise edge)
                          0.00    0.00   clock network delay (propagated)
                          2.00    2.00 ^ input external delay
                  0.03    0.02    2.02 ^ reset_n (in)
     1    0.00                           reset_n (net)
                  0.03    0.00    2.02 ^ input2/A (sky130_fd_sc_hd__buf_1)
                  0.22    0.23    2.24 ^ input2/X (sky130_fd_sc_hd__buf_1)
     2    0.01                           net2 (net)
                  0.22    0.00    2.24 ^ _18_/RESET_B (sky130_fd_sc_hd__dfrtp_1)
                                  2.24   data arrival time

                          0.00    0.00   clock clk (rise edge)
                          0.00    0.00   clock source latency
                  0.10    0.07    0.07 ^ clk (in)
     1    0.01                           clk (net)
                  0.10    0.00    0.07 ^ clkbuf_0_clk/A (sky130_fd_sc_hd__clkbuf_16)
                  0.07    0.24    0.31 ^ clkbuf_0_clk/X (sky130_fd_sc_hd__clkbuf_16)
     2    0.02                           clknet_0_clk (net)
                  0.07    0.00    0.31 ^ clkbuf_1_1__f_clk/A (sky130_fd_sc_hd__clkbuf_16)
                  0.04    0.20    0.51 ^ clkbuf_1_1__f_clk/X (sky130_fd_sc_hd__clkbuf_16)
     1    0.00                           clknet_1_1__leaf_clk (net)
                  0.04    0.00    0.51 ^ _18_/CLK (sky130_fd_sc_hd__dfrtp_1)
                          0.25    0.76   clock uncertainty
                          0.00    0.76   clock reconvergence pessimism
                          0.70    1.46   library removal time
                                  1.46   data required time
-----------------------------------------------------------------------------
                                  1.46   data required time
                                 -2.24   data arrival time
-----------------------------------------------------------------------------
                                  0.79   slack (MET)


Startpoint: _19_ (rising edge-triggered flip-flop clocked by clk)
Endpoint: _19_ (rising edge-triggered flip-flop clocked by clk)
Path Group: clk
Path Type: min
Corner: Slowest

Fanout     Cap    Slew   Delay    Time   Description
-----------------------------------------------------------------------------
                          0.00    0.00   clock clk (rise edge)
                          0.00    0.00   clock source latency
                  0.10    0.06    0.06 ^ clk (in)
     1    0.01                           clk (net)
                  0.10    0.00    0.06 ^ clkbuf_0_clk/A (sky130_fd_sc_hd__clkbuf_16)
                  0.07    0.22    0.28 ^ clkbuf_0_clk/X (sky130_fd_sc_hd__clkbuf_16)
     2    0.02                           clknet_0_clk (net)
                  0.07    0.00    0.28 ^ clkbuf_1_0__f_clk/A (sky130_fd_sc_hd__clkbuf_16)
                  0.05    0.18    0.46 ^ clkbuf_1_0__f_clk/X (sky130_fd_sc_hd__clkbuf_16)
     1    0.00                           clknet_1_0__leaf_clk (net)
                  0.05    0.00    0.46 ^ _19_/CLK (sky130_fd_sc_hd__dfrtp_2)
                  0.17    0.74    1.20 ^ _19_/Q (sky130_fd_sc_hd__dfrtp_2)
     6    0.02                           net7 (net)
                  0.17    0.00    1.20 ^ _16_/B1 (sky130_fd_sc_hd__a21oi_1)
                  0.07    0.11    1.31 v _16_/Y (sky130_fd_sc_hd__a21oi_1)
     1    0.00                           _07_ (net)
                  0.07    0.00    1.31 v _17_/A2 (sky130_fd_sc_hd__o21bai_1)
                  0.11    0.21    1.52 ^ _17_/Y (sky130_fd_sc_hd__o21bai_1)
     1    0.00                           _01_ (net)
                  0.11    0.00    1.52 ^ _19_/D (sky130_fd_sc_hd__dfrtp_2)
                                  1.52   data arrival time

                          0.00    0.00   clock clk (rise edge)
                          0.00    0.00   clock source latency
                  0.10    0.07    0.07 ^ clk (in)
     1    0.01                           clk (net)
                  0.10    0.00    0.07 ^ clkbuf_0_clk/A (sky130_fd_sc_hd__clkbuf_16)
                  0.07    0.24    0.31 ^ clkbuf_0_clk/X (sky130_fd_sc_hd__clkbuf_16)
     2    0.02                           clknet_0_clk (net)
                  0.07    0.00    0.31 ^ clkbuf_1_0__f_clk/A (sky130_fd_sc_hd__clkbuf_16)
                  0.05    0.20    0.51 ^ clkbuf_1_0__f_clk/X (sky130_fd_sc_hd__clkbuf_16)
     1    0.00                           clknet_1_0__leaf_clk (net)
                  0.05    0.00    0.51 ^ _19_/CLK (sky130_fd_sc_hd__dfrtp_2)
                          0.25    0.76   clock uncertainty
                         -0.05    0.71   clock reconvergence pessimism
                         -0.09    0.62   library hold time
                                  0.62   data required time
-----------------------------------------------------------------------------
                                  0.62   data required time
                                 -1.52   data arrival time
-----------------------------------------------------------------------------
                                  0.90   slack (MET)


Startpoint: _19_ (rising edge-triggered flip-flop clocked by clk)
Endpoint: _18_ (rising edge-triggered flip-flop clocked by clk)
Path Group: clk
Path Type: min
Corner: Slowest

Fanout     Cap    Slew   Delay    Time   Description
-----------------------------------------------------------------------------
                          0.00    0.00   clock clk (rise edge)
                          0.00    0.00   clock source latency
                  0.10    0.06    0.06 ^ clk (in)
     1    0.01                           clk (net)
                  0.10    0.00    0.06 ^ clkbuf_0_clk/A (sky130_fd_sc_hd__clkbuf_16)
                  0.07    0.22    0.28 ^ clkbuf_0_clk/X (sky130_fd_sc_hd__clkbuf_16)
     2    0.02                           clknet_0_clk (net)
                  0.07    0.00    0.28 ^ clkbuf_1_0__f_clk/A (sky130_fd_sc_hd__clkbuf_16)
                  0.05    0.18    0.46 ^ clkbuf_1_0__f_clk/X (sky130_fd_sc_hd__clkbuf_16)
     1    0.00                           clknet_1_0__leaf_clk (net)
                  0.05    0.00    0.46 ^ _19_/CLK (sky130_fd_sc_hd__dfrtp_2)
                  0.17    0.74    1.20 ^ _19_/Q (sky130_fd_sc_hd__dfrtp_2)
     6    0.02                           net7 (net)
                  0.17    0.00    1.20 ^ _12_/A (sky130_fd_sc_hd__or2b_1)
                  0.06    0.19    1.39 ^ _12_/X (sky130_fd_sc_hd__or2b_1)
     1    0.00                           _04_ (net)
                  0.06    0.00    1.39 ^ _15_/A1 (sky130_fd_sc_hd__a211o_1)
                  0.06    0.20    1.60 ^ _15_/X (sky130_fd_sc_hd__a211o_1)
     1    0.00                           _00_ (net)
                  0.06    0.00    1.60 ^ _18_/D (sky130_fd_sc_hd__dfrtp_1)
                                  1.60   data arrival time

                          0.00    0.00   clock clk (rise edge)
                          0.00    0.00   clock source latency
                  0.10    0.07    0.07 ^ clk (in)
     1    0.01                           clk (net)
                  0.10    0.00    0.07 ^ clkbuf_0_clk/A (sky130_fd_sc_hd__clkbuf_16)
                  0.07    0.24    0.31 ^ clkbuf_0_clk/X (sky130_fd_sc_hd__clkbuf_16)
     2    0.02                           clknet_0_clk (net)
                  0.07    0.00    0.31 ^ clkbuf_1_1__f_clk/A (sky130_fd_sc_hd__clkbuf_16)
                  0.04    0.20    0.51 ^ clkbuf_1_1__f_clk/X (sky130_fd_sc_hd__clkbuf_16)
     1    0.00                           clknet_1_1__leaf_clk (net)
                  0.04    0.00    0.51 ^ _18_/CLK (sky130_fd_sc_hd__dfrtp_1)
                          0.25    0.76   clock uncertainty
                         -0.03    0.73   clock reconvergence pessimism
                         -0.08    0.65   library hold time
                                  0.65   data required time
-----------------------------------------------------------------------------
                                  0.65   data required time
                                 -1.60   data arrival time
-----------------------------------------------------------------------------
                                  0.94   slack (MET)


Startpoint: _19_ (rising edge-triggered flip-flop clocked by clk)
Endpoint: current_state[1] (output port clocked by clk)
Path Group: clk
Path Type: min
Corner: Slowest

Fanout     Cap    Slew   Delay    Time   Description
-----------------------------------------------------------------------------
                          0.00    0.00   clock clk (rise edge)
                          0.00    0.00   clock source latency
                  0.10    0.06    0.06 ^ clk (in)
     1    0.01                           clk (net)
                  0.10    0.00    0.06 ^ clkbuf_0_clk/A (sky130_fd_sc_hd__clkbuf_16)
                  0.07    0.22    0.28 ^ clkbuf_0_clk/X (sky130_fd_sc_hd__clkbuf_16)
     2    0.02                           clknet_0_clk (net)
                  0.07    0.00    0.28 ^ clkbuf_1_0__f_clk/A (sky130_fd_sc_hd__clkbuf_16)
                  0.05    0.18    0.46 ^ clkbuf_1_0__f_clk/X (sky130_fd_sc_hd__clkbuf_16)
     1    0.00                           clknet_1_0__leaf_clk (net)
                  0.05    0.00    0.46 ^ _19_/CLK (sky130_fd_sc_hd__dfrtp_2)
                  0.17    0.74    1.20 ^ _19_/Q (sky130_fd_sc_hd__dfrtp_2)
     6    0.02                           net7 (net)
                  0.17    0.00    1.20 ^ output7/A (sky130_fd_sc_hd__clkbuf_4)
                  0.18    0.36    1.56 ^ output7/X (sky130_fd_sc_hd__clkbuf_4)
     1    0.03                           current_state[1] (net)
                  0.18    0.00    1.56 ^ current_state[1] (out)
                                  1.56   data arrival time

                          0.00    0.00   clock clk (rise edge)
                          0.00    0.00   clock network delay (propagated)
                          0.25    0.25   clock uncertainty
                          0.00    0.25   clock reconvergence pessimism
                         -2.00   -1.75   output external delay
                                 -1.75   data required time
-----------------------------------------------------------------------------
                                 -1.75   data required time
                                 -1.56   data arrival time
-----------------------------------------------------------------------------
                                  3.31   slack (MET)


Startpoint: _18_ (rising edge-triggered flip-flop clocked by clk)
Endpoint: current_state[0] (output port clocked by clk)
Path Group: clk
Path Type: min
Corner: Slowest

Fanout     Cap    Slew   Delay    Time   Description
-----------------------------------------------------------------------------
                          0.00    0.00   clock clk (rise edge)
                          0.00    0.00   clock source latency
                  0.10    0.06    0.06 ^ clk (in)
     1    0.01                           clk (net)
                  0.10    0.00    0.06 ^ clkbuf_0_clk/A (sky130_fd_sc_hd__clkbuf_16)
                  0.07    0.22    0.28 ^ clkbuf_0_clk/X (sky130_fd_sc_hd__clkbuf_16)
     2    0.02                           clknet_0_clk (net)
                  0.07    0.00    0.28 ^ clkbuf_1_1__f_clk/A (sky130_fd_sc_hd__clkbuf_16)
                  0.04    0.18    0.46 ^ clkbuf_1_1__f_clk/X (sky130_fd_sc_hd__clkbuf_16)
     1    0.00                           clknet_1_1__leaf_clk (net)
                  0.04    0.00    0.46 ^ _18_/CLK (sky130_fd_sc_hd__dfrtp_1)
                  0.23    0.72    1.18 ^ _18_/Q (sky130_fd_sc_hd__dfrtp_1)
     5    0.02                           net6 (net)
                  0.23    0.00    1.18 ^ output6/A (sky130_fd_sc_hd__clkbuf_4)
                  0.18    0.38    1.57 ^ output6/X (sky130_fd_sc_hd__clkbuf_4)
     1    0.03                           current_state[0] (net)
                  0.18    0.00    1.57 ^ current_state[0] (out)
                                  1.57   data arrival time

                          0.00    0.00   clock clk (rise edge)
                          0.00    0.00   clock network delay (propagated)
                          0.25    0.25   clock uncertainty
                          0.00    0.25   clock reconvergence pessimism
                         -2.00   -1.75   output external delay
                                 -1.75   data required time
-----------------------------------------------------------------------------
                                 -1.75   data required time
                                 -1.57   data arrival time
-----------------------------------------------------------------------------
                                  3.32   slack (MET)


Startpoint: _19_ (rising edge-triggered flip-flop clocked by clk)
Endpoint: clk_gate_en (output port clocked by clk)
Path Group: clk
Path Type: min
Corner: Slowest

Fanout     Cap    Slew   Delay    Time   Description
-----------------------------------------------------------------------------
                          0.00    0.00   clock clk (rise edge)
                          0.00    0.00   clock source latency
                  0.10    0.06    0.06 ^ clk (in)
     1    0.01                           clk (net)
                  0.10    0.00    0.06 ^ clkbuf_0_clk/A (sky130_fd_sc_hd__clkbuf_16)
                  0.07    0.22    0.28 ^ clkbuf_0_clk/X (sky130_fd_sc_hd__clkbuf_16)
     2    0.02                           clknet_0_clk (net)
                  0.07    0.00    0.28 ^ clkbuf_1_0__f_clk/A (sky130_fd_sc_hd__clkbuf_16)
                  0.05    0.18    0.46 ^ clkbuf_1_0__f_clk/X (sky130_fd_sc_hd__clkbuf_16)
     1    0.00                           clknet_1_0__leaf_clk (net)
                  0.05    0.00    0.46 ^ _19_/CLK (sky130_fd_sc_hd__dfrtp_2)
                  0.17    0.74    1.20 ^ _19_/Q (sky130_fd_sc_hd__dfrtp_2)
     6    0.02                           net7 (net)
                  0.17    0.00    1.20 ^ _10_/A (sky130_fd_sc_hd__or2_1)
                  0.06    0.20    1.40 ^ _10_/X (sky130_fd_sc_hd__or2_1)
     1    0.00                           _03_ (net)
                  0.06    0.00    1.40 ^ _11_/A (sky130_fd_sc_hd__clkbuf_1)
                  0.09    0.15    1.55 ^ _11_/X (sky130_fd_sc_hd__clkbuf_1)
     1    0.00                           net5 (net)
                  0.09    0.00    1.55 ^ output5/A (sky130_fd_sc_hd__clkbuf_4)
                  0.18    0.32    1.87 ^ output5/X (sky130_fd_sc_hd__clkbuf_4)
     1    0.03                           clk_gate_en (net)
                  0.18    0.00    1.87 ^ clk_gate_en (out)
                                  1.87   data arrival time

                          0.00    0.00   clock clk (rise edge)
                          0.00    0.00   clock network delay (propagated)
                          0.25    0.25   clock uncertainty
                          0.00    0.25   clock reconvergence pessimism
                         -2.00   -1.75   output external delay
                                 -1.75   data required time
-----------------------------------------------------------------------------
                                 -1.75   data required time
                                 -1.87   data arrival time
-----------------------------------------------------------------------------
                                  3.62   slack (MET)


Startpoint: _19_ (rising edge-triggered flip-flop clocked by clk)
Endpoint: isolation_en (output port clocked by clk)
Path Group: clk
Path Type: min
Corner: Slowest

Fanout     Cap    Slew   Delay    Time   Description
-----------------------------------------------------------------------------
                          0.00    0.00   clock clk (rise edge)
                          0.00    0.00   clock source latency
                  0.10    0.06    0.06 ^ clk (in)
     1    0.01                           clk (net)
                  0.10    0.00    0.06 ^ clkbuf_0_clk/A (sky130_fd_sc_hd__clkbuf_16)
                  0.07    0.22    0.28 ^ clkbuf_0_clk/X (sky130_fd_sc_hd__clkbuf_16)
     2    0.02                           clknet_0_clk (net)
                  0.07    0.00    0.28 ^ clkbuf_1_0__f_clk/A (sky130_fd_sc_hd__clkbuf_16)
                  0.05    0.18    0.46 ^ clkbuf_1_0__f_clk/X (sky130_fd_sc_hd__clkbuf_16)
     1    0.00                           clknet_1_0__leaf_clk (net)
                  0.05    0.00    0.46 ^ _19_/CLK (sky130_fd_sc_hd__dfrtp_2)
                  0.17    0.74    1.20 ^ _19_/Q (sky130_fd_sc_hd__dfrtp_2)
     6    0.02                           net7 (net)
                  0.17    0.00    1.20 ^ _08_/A (sky130_fd_sc_hd__clkbuf_1)
                  0.07    0.18    1.38 ^ _08_/X (sky130_fd_sc_hd__clkbuf_1)
     1    0.00                           _02_ (net)
                  0.07    0.00    1.38 ^ _09_/A (sky130_fd_sc_hd__buf_1)
                  0.15    0.20    1.58 ^ _09_/X (sky130_fd_sc_hd__buf_1)
     2    0.01                           net8 (net)
                  0.15    0.00    1.58 ^ output8/A (sky130_fd_sc_hd__clkbuf_4)
                  0.18    0.35    1.93 ^ output8/X (sky130_fd_sc_hd__clkbuf_4)
     1    0.03                           isolation_en (net)
                  0.18    0.00    1.93 ^ isolation_en (out)
                                  1.93   data arrival time

                          0.00    0.00   clock clk (rise edge)
                          0.00    0.00   clock network delay (propagated)
                          0.25    0.25   clock uncertainty
                          0.00    0.25   clock reconvergence pessimism
                         -2.00   -1.75   output external delay
                                 -1.75   data required time
-----------------------------------------------------------------------------
                                 -1.75   data required time
                                 -1.93   data arrival time
-----------------------------------------------------------------------------
                                  3.68   slack (MET)


Startpoint: _19_ (rising edge-triggered flip-flop clocked by clk)
Endpoint: pwr_gate_en (output port clocked by clk)
Path Group: clk
Path Type: min
Corner: Slowest

Fanout     Cap    Slew   Delay    Time   Description
-----------------------------------------------------------------------------
                          0.00    0.00   clock clk (rise edge)
                          0.00    0.00   clock source latency
                  0.10    0.06    0.06 ^ clk (in)
     1    0.01                           clk (net)
                  0.10    0.00    0.06 ^ clkbuf_0_clk/A (sky130_fd_sc_hd__clkbuf_16)
                  0.07    0.22    0.28 ^ clkbuf_0_clk/X (sky130_fd_sc_hd__clkbuf_16)
     2    0.02                           clknet_0_clk (net)
                  0.07    0.00    0.28 ^ clkbuf_1_0__f_clk/A (sky130_fd_sc_hd__clkbuf_16)
                  0.05    0.18    0.46 ^ clkbuf_1_0__f_clk/X (sky130_fd_sc_hd__clkbuf_16)
     1    0.00                           clknet_1_0__leaf_clk (net)
                  0.05    0.00    0.46 ^ _19_/CLK (sky130_fd_sc_hd__dfrtp_2)
                  0.17    0.74    1.20 ^ _19_/Q (sky130_fd_sc_hd__dfrtp_2)
     6    0.02                           net7 (net)
                  0.17    0.00    1.20 ^ _08_/A (sky130_fd_sc_hd__clkbuf_1)
                  0.07    0.18    1.38 ^ _08_/X (sky130_fd_sc_hd__clkbuf_1)
     1    0.00                           _02_ (net)
                  0.07    0.00    1.38 ^ _09_/A (sky130_fd_sc_hd__buf_1)
                  0.15    0.20    1.58 ^ _09_/X (sky130_fd_sc_hd__buf_1)
     2    0.01                           net8 (net)
                  0.15    0.00    1.58 ^ _20_/A (sky130_fd_sc_hd__clkbuf_1)
                  0.10    0.19    1.78 ^ _20_/X (sky130_fd_sc_hd__clkbuf_1)
     1    0.00                           net9 (net)
                  0.10    0.00    1.78 ^ output9/A (sky130_fd_sc_hd__clkbuf_4)
                  0.18    0.33    2.10 ^ output9/X (sky130_fd_sc_hd__clkbuf_4)
     1    0.03                           pwr_gate_en (net)
                  0.18    0.00    2.10 ^ pwr_gate_en (out)
                                  2.10   data arrival time

                          0.00    0.00   clock clk (rise edge)
                          0.00    0.00   clock network delay (propagated)
                          0.25    0.25   clock uncertainty
                          0.00    0.25   clock reconvergence pessimism
                         -2.00   -1.75   output external delay
                                 -1.75   data required time
-----------------------------------------------------------------------------
                                 -1.75   data required time
                                 -2.10   data arrival time
-----------------------------------------------------------------------------
                                  3.85   slack (MET)



======================= Typical Corner ===================================

Startpoint: _19_ (rising edge-triggered flip-flop clocked by clk)
Endpoint: _19_ (rising edge-triggered flip-flop clocked by clk)
Path Group: clk
Path Type: min
Corner: Typical

Fanout     Cap    Slew   Delay    Time   Description
-----------------------------------------------------------------------------
                          0.00    0.00   clock clk (rise edge)
                          0.00    0.00   clock source latency
                  0.06    0.04    0.04 ^ clk (in)
     1    0.01                           clk (net)
                  0.06    0.00    0.04 ^ clkbuf_0_clk/A (sky130_fd_sc_hd__clkbuf_16)
                  0.04    0.12    0.16 ^ clkbuf_0_clk/X (sky130_fd_sc_hd__clkbuf_16)
     2    0.02                           clknet_0_clk (net)
                  0.04    0.00    0.16 ^ clkbuf_1_0__f_clk/A (sky130_fd_sc_hd__clkbuf_16)
                  0.03    0.10    0.26 ^ clkbuf_1_0__f_clk/X (sky130_fd_sc_hd__clkbuf_16)
     1    0.00                           clknet_1_0__leaf_clk (net)
                  0.03    0.00    0.26 ^ _19_/CLK (sky130_fd_sc_hd__dfrtp_2)
                  0.10    0.37    0.63 ^ _19_/Q (sky130_fd_sc_hd__dfrtp_2)
     6    0.02                           net7 (net)
                  0.10    0.00    0.63 ^ _16_/B1 (sky130_fd_sc_hd__a21oi_1)
                  0.04    0.05    0.69 v _16_/Y (sky130_fd_sc_hd__a21oi_1)
     1    0.00                           _07_ (net)
                  0.04    0.00    0.69 v _17_/A2 (sky130_fd_sc_hd__o21bai_1)
                  0.07    0.12    0.81 ^ _17_/Y (sky130_fd_sc_hd__o21bai_1)
     1    0.00                           _01_ (net)
                  0.07    0.00    0.81 ^ _19_/D (sky130_fd_sc_hd__dfrtp_2)
                                  0.81   data arrival time

                          0.00    0.00   clock clk (rise edge)
                          0.00    0.00   clock source latency
                  0.06    0.04    0.04 ^ clk (in)
     1    0.01                           clk (net)
                  0.06    0.00    0.04 ^ clkbuf_0_clk/A (sky130_fd_sc_hd__clkbuf_16)
                  0.04    0.14    0.18 ^ clkbuf_0_clk/X (sky130_fd_sc_hd__clkbuf_16)
     2    0.02                           clknet_0_clk (net)
                  0.04    0.00    0.18 ^ clkbuf_1_0__f_clk/A (sky130_fd_sc_hd__clkbuf_16)
                  0.03    0.11    0.29 ^ clkbuf_1_0__f_clk/X (sky130_fd_sc_hd__clkbuf_16)
     1    0.00                           clknet_1_0__leaf_clk (net)
                  0.03    0.00    0.29 ^ _19_/CLK (sky130_fd_sc_hd__dfrtp_2)
                          0.25    0.54   clock uncertainty
                         -0.03    0.51   clock reconvergence pessimism
                         -0.04    0.47   library hold time
                                  0.47   data required time
-----------------------------------------------------------------------------
                                  0.47   data required time
                                 -0.81   data arrival time
-----------------------------------------------------------------------------
                                  0.34   slack (MET)


Startpoint: _19_ (rising edge-triggered flip-flop clocked by clk)
Endpoint: _18_ (rising edge-triggered flip-flop clocked by clk)
Path Group: clk
Path Type: min
Corner: Typical

Fanout     Cap    Slew   Delay    Time   Description
-----------------------------------------------------------------------------
                          0.00    0.00   clock clk (rise edge)
                          0.00    0.00   clock source latency
                  0.06    0.04    0.04 ^ clk (in)
     1    0.01                           clk (net)
                  0.06    0.00    0.04 ^ clkbuf_0_clk/A (sky130_fd_sc_hd__clkbuf_16)
                  0.04    0.12    0.16 ^ clkbuf_0_clk/X (sky130_fd_sc_hd__clkbuf_16)
     2    0.02                           clknet_0_clk (net)
                  0.04    0.00    0.16 ^ clkbuf_1_0__f_clk/A (sky130_fd_sc_hd__clkbuf_16)
                  0.03    0.10    0.26 ^ clkbuf_1_0__f_clk/X (sky130_fd_sc_hd__clkbuf_16)
     1    0.00                           clknet_1_0__leaf_clk (net)
                  0.03    0.00    0.26 ^ _19_/CLK (sky130_fd_sc_hd__dfrtp_2)
                  0.10    0.37    0.63 ^ _19_/Q (sky130_fd_sc_hd__dfrtp_2)
     6    0.02                           net7 (net)
                  0.10    0.00    0.63 ^ _12_/A (sky130_fd_sc_hd__or2b_1)
                  0.04    0.10    0.74 ^ _12_/X (sky130_fd_sc_hd__or2b_1)
     1    0.00                           _04_ (net)
                  0.04    0.00    0.74 ^ _15_/A1 (sky130_fd_sc_hd__a211o_1)
                  0.04    0.10    0.83 ^ _15_/X (sky130_fd_sc_hd__a211o_1)
     1    0.00                           _00_ (net)
                  0.04    0.00    0.83 ^ _18_/D (sky130_fd_sc_hd__dfrtp_1)
                                  0.83   data arrival time

                          0.00    0.00   clock clk (rise edge)
                          0.00    0.00   clock source latency
                  0.06    0.04    0.04 ^ clk (in)
     1    0.01                           clk (net)
                  0.06    0.00    0.04 ^ clkbuf_0_clk/A (sky130_fd_sc_hd__clkbuf_16)
                  0.04    0.14    0.18 ^ clkbuf_0_clk/X (sky130_fd_sc_hd__clkbuf_16)
     2    0.02                           clknet_0_clk (net)
                  0.04    0.00    0.18 ^ clkbuf_1_1__f_clk/A (sky130_fd_sc_hd__clkbuf_16)
                  0.03    0.11    0.29 ^ clkbuf_1_1__f_clk/X (sky130_fd_sc_hd__clkbuf_16)
     1    0.00                           clknet_1_1__leaf_clk (net)
                  0.03    0.00    0.29 ^ _18_/CLK (sky130_fd_sc_hd__dfrtp_1)
                          0.25    0.54   clock uncertainty
                         -0.02    0.52   clock reconvergence pessimism
                         -0.04    0.49   library hold time
                                  0.49   data required time
-----------------------------------------------------------------------------
                                  0.49   data required time
                                 -0.83   data arrival time
-----------------------------------------------------------------------------
                                  0.34   slack (MET)


Startpoint: reset_n (input port clocked by clk)
Endpoint: _19_ (removal check against rising-edge clock clk)
Path Group: asynchronous
Path Type: min
Corner: Typical

Fanout     Cap    Slew   Delay    Time   Description
-----------------------------------------------------------------------------
                          0.00    0.00   clock clk (rise edge)
                          0.00    0.00   clock network delay (propagated)
                          2.00    2.00 ^ input external delay
                  0.02    0.01    2.01 ^ reset_n (in)
     1    0.00                           reset_n (net)
                  0.02    0.00    2.01 ^ input2/A (sky130_fd_sc_hd__buf_1)
                  0.14    0.14    2.15 ^ input2/X (sky130_fd_sc_hd__buf_1)
     2    0.01                           net2 (net)
                  0.14    0.00    2.15 ^ _19_/RESET_B (sky130_fd_sc_hd__dfrtp_2)
                                  2.15   data arrival time

                          0.00    0.00   clock clk (rise edge)
                          0.00    0.00   clock source latency
                  0.06    0.04    0.04 ^ clk (in)
     1    0.01                           clk (net)
                  0.06    0.00    0.04 ^ clkbuf_0_clk/A (sky130_fd_sc_hd__clkbuf_16)
                  0.04    0.14    0.18 ^ clkbuf_0_clk/X (sky130_fd_sc_hd__clkbuf_16)
     2    0.02                           clknet_0_clk (net)
                  0.04    0.00    0.18 ^ clkbuf_1_0__f_clk/A (sky130_fd_sc_hd__clkbuf_16)
                  0.03    0.11    0.29 ^ clkbuf_1_0__f_clk/X (sky130_fd_sc_hd__clkbuf_16)
     1    0.00                           clknet_1_0__leaf_clk (net)
                  0.03    0.00    0.29 ^ _19_/CLK (sky130_fd_sc_hd__dfrtp_2)
                          0.25    0.54   clock uncertainty
                          0.00    0.54   clock reconvergence pessimism
                          0.34    0.88   library removal time
                                  0.88   data required time
-----------------------------------------------------------------------------
                                  0.88   data required time
                                 -2.15   data arrival time
-----------------------------------------------------------------------------
                                  1.26   slack (MET)


Startpoint: reset_n (input port clocked by clk)
Endpoint: _18_ (removal check against rising-edge clock clk)
Path Group: asynchronous
Path Type: min
Corner: Typical

Fanout     Cap    Slew   Delay    Time   Description
-----------------------------------------------------------------------------
                          0.00    0.00   clock clk (rise edge)
                          0.00    0.00   clock network delay (propagated)
                          2.00    2.00 ^ input external delay
                  0.02    0.01    2.01 ^ reset_n (in)
     1    0.00                           reset_n (net)
                  0.02    0.00    2.01 ^ input2/A (sky130_fd_sc_hd__buf_1)
                  0.14    0.14    2.15 ^ input2/X (sky130_fd_sc_hd__buf_1)
     2    0.01                           net2 (net)
                  0.14    0.00    2.15 ^ _18_/RESET_B (sky130_fd_sc_hd__dfrtp_1)
                                  2.15   data arrival time

                          0.00    0.00   clock clk (rise edge)
                          0.00    0.00   clock source latency
                  0.06    0.04    0.04 ^ clk (in)
     1    0.01                           clk (net)
                  0.06    0.00    0.04 ^ clkbuf_0_clk/A (sky130_fd_sc_hd__clkbuf_16)
                  0.04    0.14    0.18 ^ clkbuf_0_clk/X (sky130_fd_sc_hd__clkbuf_16)
     2    0.02                           clknet_0_clk (net)
                  0.04    0.00    0.18 ^ clkbuf_1_1__f_clk/A (sky130_fd_sc_hd__clkbuf_16)
                  0.03    0.11    0.29 ^ clkbuf_1_1__f_clk/X (sky130_fd_sc_hd__clkbuf_16)
     1    0.00                           clknet_1_1__leaf_clk (net)
                  0.03    0.00    0.29 ^ _18_/CLK (sky130_fd_sc_hd__dfrtp_1)
                          0.25    0.54   clock uncertainty
                          0.00    0.54   clock reconvergence pessimism
                          0.34    0.88   library removal time
                                  0.88   data required time
-----------------------------------------------------------------------------
                                  0.88   data required time
                                 -2.15   data arrival time
-----------------------------------------------------------------------------
                                  1.26   slack (MET)


Startpoint: _19_ (rising edge-triggered flip-flop clocked by clk)
Endpoint: current_state[1] (output port clocked by clk)
Path Group: clk
Path Type: min
Corner: Typical

Fanout     Cap    Slew   Delay    Time   Description
-----------------------------------------------------------------------------
                          0.00    0.00   clock clk (rise edge)
                          0.00    0.00   clock source latency
                  0.06    0.04    0.04 ^ clk (in)
     1    0.01                           clk (net)
                  0.06    0.00    0.04 ^ clkbuf_0_clk/A (sky130_fd_sc_hd__clkbuf_16)
                  0.04    0.12    0.16 ^ clkbuf_0_clk/X (sky130_fd_sc_hd__clkbuf_16)
     2    0.02                           clknet_0_clk (net)
                  0.04    0.00    0.16 ^ clkbuf_1_0__f_clk/A (sky130_fd_sc_hd__clkbuf_16)
                  0.03    0.10    0.26 ^ clkbuf_1_0__f_clk/X (sky130_fd_sc_hd__clkbuf_16)
     1    0.00                           clknet_1_0__leaf_clk (net)
                  0.03    0.00    0.26 ^ _19_/CLK (sky130_fd_sc_hd__dfrtp_2)
                  0.10    0.37    0.63 ^ _19_/Q (sky130_fd_sc_hd__dfrtp_2)
     6    0.02                           net7 (net)
                  0.10    0.00    0.63 ^ output7/A (sky130_fd_sc_hd__clkbuf_4)
                  0.11    0.20    0.83 ^ output7/X (sky130_fd_sc_hd__clkbuf_4)
     1    0.03                           current_state[1] (net)
                  0.11    0.00    0.83 ^ current_state[1] (out)
                                  0.83   data arrival time

                          0.00    0.00   clock clk (rise edge)
                          0.00    0.00   clock network delay (propagated)
                          0.25    0.25   clock uncertainty
                          0.00    0.25   clock reconvergence pessimism
                         -2.00   -1.75   output external delay
                                 -1.75   data required time
-----------------------------------------------------------------------------
                                 -1.75   data required time
                                 -0.83   data arrival time
-----------------------------------------------------------------------------
                                  2.58   slack (MET)


Startpoint: _18_ (rising edge-triggered flip-flop clocked by clk)
Endpoint: current_state[0] (output port clocked by clk)
Path Group: clk
Path Type: min
Corner: Typical

Fanout     Cap    Slew   Delay    Time   Description
-----------------------------------------------------------------------------
                          0.00    0.00   clock clk (rise edge)
                          0.00    0.00   clock source latency
                  0.06    0.04    0.04 ^ clk (in)
     1    0.01                           clk (net)
                  0.06    0.00    0.04 ^ clkbuf_0_clk/A (sky130_fd_sc_hd__clkbuf_16)
                  0.04    0.12    0.16 ^ clkbuf_0_clk/X (sky130_fd_sc_hd__clkbuf_16)
     2    0.02                           clknet_0_clk (net)
                  0.04    0.00    0.16 ^ clkbuf_1_1__f_clk/A (sky130_fd_sc_hd__clkbuf_16)
                  0.03    0.10    0.26 ^ clkbuf_1_1__f_clk/X (sky130_fd_sc_hd__clkbuf_16)
     1    0.00                           clknet_1_1__leaf_clk (net)
                  0.03    0.00    0.26 ^ _18_/CLK (sky130_fd_sc_hd__dfrtp_1)
                  0.09    0.38    0.65 v _18_/Q (sky130_fd_sc_hd__dfrtp_1)
     5    0.01                           net6 (net)
                  0.09    0.00    0.65 v output6/A (sky130_fd_sc_hd__clkbuf_4)
                  0.08    0.19    0.84 v output6/X (sky130_fd_sc_hd__clkbuf_4)
     1    0.03                           current_state[0] (net)
                  0.08    0.00    0.84 v current_state[0] (out)
                                  0.84   data arrival time

                          0.00    0.00   clock clk (rise edge)
                          0.00    0.00   clock network delay (propagated)
                          0.25    0.25   clock uncertainty
                          0.00    0.25   clock reconvergence pessimism
                         -2.00   -1.75   output external delay
                                 -1.75   data required time
-----------------------------------------------------------------------------
                                 -1.75   data required time
                                 -0.84   data arrival time
-----------------------------------------------------------------------------
                                  2.59   slack (MET)


Startpoint: _19_ (rising edge-triggered flip-flop clocked by clk)
Endpoint: clk_gate_en (output port clocked by clk)
Path Group: clk
Path Type: min
Corner: Typical

Fanout     Cap    Slew   Delay    Time   Description
-----------------------------------------------------------------------------
                          0.00    0.00   clock clk (rise edge)
                          0.00    0.00   clock source latency
                  0.06    0.04    0.04 ^ clk (in)
     1    0.01                           clk (net)
                  0.06    0.00    0.04 ^ clkbuf_0_clk/A (sky130_fd_sc_hd__clkbuf_16)
                  0.04    0.12    0.16 ^ clkbuf_0_clk/X (sky130_fd_sc_hd__clkbuf_16)
     2    0.02                           clknet_0_clk (net)
                  0.04    0.00    0.16 ^ clkbuf_1_0__f_clk/A (sky130_fd_sc_hd__clkbuf_16)
                  0.03    0.10    0.26 ^ clkbuf_1_0__f_clk/X (sky130_fd_sc_hd__clkbuf_16)
     1    0.00                           clknet_1_0__leaf_clk (net)
                  0.03    0.00    0.26 ^ _19_/CLK (sky130_fd_sc_hd__dfrtp_2)
                  0.10    0.37    0.63 ^ _19_/Q (sky130_fd_sc_hd__dfrtp_2)
     6    0.02                           net7 (net)
                  0.10    0.00    0.63 ^ _10_/A (sky130_fd_sc_hd__or2_1)
                  0.04    0.10    0.74 ^ _10_/X (sky130_fd_sc_hd__or2_1)
     1    0.00                           _03_ (net)
                  0.04    0.00    0.74 ^ _11_/A (sky130_fd_sc_hd__clkbuf_1)
                  0.05    0.08    0.82 ^ _11_/X (sky130_fd_sc_hd__clkbuf_1)
     1    0.00                           net5 (net)
                  0.05    0.00    0.82 ^ output5/A (sky130_fd_sc_hd__clkbuf_4)
                  0.11    0.18    1.00 ^ output5/X (sky130_fd_sc_hd__clkbuf_4)
     1    0.03                           clk_gate_en (net)
                  0.11    0.00    1.00 ^ clk_gate_en (out)
                                  1.00   data arrival time

                          0.00    0.00   clock clk (rise edge)
                          0.00    0.00   clock network delay (propagated)
                          0.25    0.25   clock uncertainty
                          0.00    0.25   clock reconvergence pessimism
                         -2.00   -1.75   output external delay
                                 -1.75   data required time
-----------------------------------------------------------------------------
                                 -1.75   data required time
                                 -1.00   data arrival time
-----------------------------------------------------------------------------
                                  2.75   slack (MET)


Startpoint: _19_ (rising edge-triggered flip-flop clocked by clk)
Endpoint: isolation_en (output port clocked by clk)
Path Group: clk
Path Type: min
Corner: Typical

Fanout     Cap    Slew   Delay    Time   Description
-----------------------------------------------------------------------------
                          0.00    0.00   clock clk (rise edge)
                          0.00    0.00   clock source latency
                  0.06    0.04    0.04 ^ clk (in)
     1    0.01                           clk (net)
                  0.06    0.00    0.04 ^ clkbuf_0_clk/A (sky130_fd_sc_hd__clkbuf_16)
                  0.04    0.12    0.16 ^ clkbuf_0_clk/X (sky130_fd_sc_hd__clkbuf_16)
     2    0.02                           clknet_0_clk (net)
                  0.04    0.00    0.16 ^ clkbuf_1_0__f_clk/A (sky130_fd_sc_hd__clkbuf_16)
                  0.03    0.10    0.26 ^ clkbuf_1_0__f_clk/X (sky130_fd_sc_hd__clkbuf_16)
     1    0.00                           clknet_1_0__leaf_clk (net)
                  0.03    0.00    0.26 ^ _19_/CLK (sky130_fd_sc_hd__dfrtp_2)
                  0.07    0.40    0.67 v _19_/Q (sky130_fd_sc_hd__dfrtp_2)
     6    0.02                           net7 (net)
                  0.07    0.00    0.67 v _08_/A (sky130_fd_sc_hd__clkbuf_1)
                  0.03    0.09    0.76 v _08_/X (sky130_fd_sc_hd__clkbuf_1)
     1    0.00                           _02_ (net)
                  0.03    0.00    0.76 v _09_/A (sky130_fd_sc_hd__buf_1)
                  0.05    0.09    0.85 v _09_/X (sky130_fd_sc_hd__buf_1)
     2    0.01                           net8 (net)
                  0.05    0.00    0.85 v output8/A (sky130_fd_sc_hd__clkbuf_4)
                  0.08    0.17    1.03 v output8/X (sky130_fd_sc_hd__clkbuf_4)
     1    0.03                           isolation_en (net)
                  0.08    0.00    1.03 v isolation_en (out)
                                  1.03   data arrival time

                          0.00    0.00   clock clk (rise edge)
                          0.00    0.00   clock network delay (propagated)
                          0.25    0.25   clock uncertainty
                          0.00    0.25   clock reconvergence pessimism
                         -2.00   -1.75   output external delay
                                 -1.75   data required time
-----------------------------------------------------------------------------
                                 -1.75   data required time
                                 -1.03   data arrival time
-----------------------------------------------------------------------------
                                  2.78   slack (MET)


Startpoint: _19_ (rising edge-triggered flip-flop clocked by clk)
Endpoint: pwr_gate_en (output port clocked by clk)
Path Group: clk
Path Type: min
Corner: Typical

Fanout     Cap    Slew   Delay    Time   Description
-----------------------------------------------------------------------------
                          0.00    0.00   clock clk (rise edge)
                          0.00    0.00   clock source latency
                  0.06    0.04    0.04 ^ clk (in)
     1    0.01                           clk (net)
                  0.06    0.00    0.04 ^ clkbuf_0_clk/A (sky130_fd_sc_hd__clkbuf_16)
                  0.04    0.12    0.16 ^ clkbuf_0_clk/X (sky130_fd_sc_hd__clkbuf_16)
     2    0.02                           clknet_0_clk (net)
                  0.04    0.00    0.16 ^ clkbuf_1_0__f_clk/A (sky130_fd_sc_hd__clkbuf_16)
                  0.03    0.10    0.26 ^ clkbuf_1_0__f_clk/X (sky130_fd_sc_hd__clkbuf_16)
     1    0.00                           clknet_1_0__leaf_clk (net)
                  0.03    0.00    0.26 ^ _19_/CLK (sky130_fd_sc_hd__dfrtp_2)
                  0.07    0.40    0.67 v _19_/Q (sky130_fd_sc_hd__dfrtp_2)
     6    0.02                           net7 (net)
                  0.07    0.00    0.67 v _08_/A (sky130_fd_sc_hd__clkbuf_1)
                  0.03    0.09    0.76 v _08_/X (sky130_fd_sc_hd__clkbuf_1)
     1    0.00                           _02_ (net)
                  0.03    0.00    0.76 v _09_/A (sky130_fd_sc_hd__buf_1)
                  0.05    0.09    0.85 v _09_/X (sky130_fd_sc_hd__buf_1)
     2    0.01                           net8 (net)
                  0.05    0.00    0.85 v _20_/A (sky130_fd_sc_hd__clkbuf_1)
                  0.03    0.09    0.94 v _20_/X (sky130_fd_sc_hd__clkbuf_1)
     1    0.00                           net9 (net)
                  0.03    0.00    0.94 v output9/A (sky130_fd_sc_hd__clkbuf_4)
                  0.08    0.17    1.11 v output9/X (sky130_fd_sc_hd__clkbuf_4)
     1    0.03                           pwr_gate_en (net)
                  0.08    0.00    1.11 v pwr_gate_en (out)
                                  1.11   data arrival time

                          0.00    0.00   clock clk (rise edge)
                          0.00    0.00   clock network delay (propagated)
                          0.25    0.25   clock uncertainty
                          0.00    0.25   clock reconvergence pessimism
                         -2.00   -1.75   output external delay
                                 -1.75   data required time
-----------------------------------------------------------------------------
                                 -1.75   data required time
                                 -1.11   data arrival time
-----------------------------------------------------------------------------
                                  2.86   slack (MET)



