Tue Apr 28 12:42:24 UTC 2026 - Executing "openroad -exit -no_init -python /openlane/scripts/odbpy/lefutil.py get_metal_layers -o /openlane/designs/pmu_controller/runs/RUN_2026.04.28_12.42.24/tmp/layers.list /home/mgangadhar/.ciel/sky130A/libs.ref/sky130_fd_sc_hd/techlef/sky130_fd_sc_hd__nom.tlef"

Tue Apr 28 12:42:24 UTC 2026 - Executing "/openlane/scripts/mergeLef.py -o /openlane/designs/pmu_controller/runs/RUN_2026.04.28_12.42.24/tmp/merged.nom.lef -i /home/mgangadhar/.ciel/sky130A/libs.ref/sky130_fd_sc_hd/techlef/sky130_fd_sc_hd__nom.tlef {/home/mgangadhar/.ciel/sky130A/libs.ref/sky130_fd_sc_hd/lef/sky130_ef_sc_hd.lef /home/mgangadhar/.ciel/sky130A/libs.ref/sky130_fd_sc_hd/lef/sky130_fd_sc_hd.lef} |& tee /dev/null"

Tue Apr 28 12:42:25 UTC 2026 - Executing "/openlane/scripts/mergeLef.py -o /openlane/designs/pmu_controller/runs/RUN_2026.04.28_12.42.24/tmp/merged.min.lef -i /home/mgangadhar/.ciel/sky130A/libs.ref/sky130_fd_sc_hd/techlef/sky130_fd_sc_hd__min.tlef {/home/mgangadhar/.ciel/sky130A/libs.ref/sky130_fd_sc_hd/lef/sky130_ef_sc_hd.lef /home/mgangadhar/.ciel/sky130A/libs.ref/sky130_fd_sc_hd/lef/sky130_fd_sc_hd.lef} |& tee /dev/null"

Tue Apr 28 12:42:25 UTC 2026 - Executing "/openlane/scripts/mergeLef.py -o /openlane/designs/pmu_controller/runs/RUN_2026.04.28_12.42.24/tmp/merged.max.lef -i /home/mgangadhar/.ciel/sky130A/libs.ref/sky130_fd_sc_hd/techlef/sky130_fd_sc_hd__max.tlef {/home/mgangadhar/.ciel/sky130A/libs.ref/sky130_fd_sc_hd/lef/sky130_ef_sc_hd.lef /home/mgangadhar/.ciel/sky130A/libs.ref/sky130_fd_sc_hd/lef/sky130_fd_sc_hd.lef} |& tee /dev/null"

Tue Apr 28 12:42:25 UTC 2026 - Executing "python3 /openlane/scripts/mergeLib.py --output /openlane/designs/pmu_controller/runs/RUN_2026.04.28_12.42.24/tmp/synthesis/merged.lib --name sky130A_merged /home/mgangadhar/.ciel/sky130A/libs.ref/sky130_fd_sc_hd/lib/sky130_fd_sc_hd__tt_025C_1v80.lib"

Tue Apr 28 12:42:25 UTC 2026 - Executing "python3 /openlane/scripts/libtrim.py --cell-file /openlane/designs/pmu_controller/runs/RUN_2026.04.28_12.42.24/tmp/synthesis/trimmed.lib.exclude.list --output /openlane/designs/pmu_controller/runs/RUN_2026.04.28_12.42.24/tmp/synthesis/trimmed.lib /openlane/designs/pmu_controller/runs/RUN_2026.04.28_12.42.24/tmp/synthesis/merged.lib"

Tue Apr 28 12:42:25 UTC 2026 - Executing "python3 /openlane/scripts/libtrim.py --cell-file /openlane/designs/pmu_controller/runs/RUN_2026.04.28_12.42.24/tmp/cts/cts.lib.exclude.list --output /openlane/designs/pmu_controller/runs/RUN_2026.04.28_12.42.24/tmp/cts/cts.lib /home/mgangadhar/.ciel/sky130A/libs.ref/sky130_fd_sc_hd/lib/sky130_fd_sc_hd__tt_025C_1v80.lib"

Tue Apr 28 12:42:25 UTC 2026 - Executing "python3 /openlane/scripts/libtrim.py --cell-file /openlane/designs/pmu_controller/runs/RUN_2026.04.28_12.42.24/tmp/cts/cts-fastest.lib.exclude.list --output /openlane/designs/pmu_controller/runs/RUN_2026.04.28_12.42.24/tmp/cts/cts-fastest.lib /home/mgangadhar/.ciel/sky130A/libs.ref/sky130_fd_sc_hd/lib/sky130_fd_sc_hd__ff_n40C_1v95.lib"

Tue Apr 28 12:42:26 UTC 2026 - Executing "python3 /openlane/scripts/libtrim.py --cell-file /openlane/designs/pmu_controller/runs/RUN_2026.04.28_12.42.24/tmp/cts/cts-slowest.lib.exclude.list --output /openlane/designs/pmu_controller/runs/RUN_2026.04.28_12.42.24/tmp/cts/cts-slowest.lib /home/mgangadhar/.ciel/sky130A/libs.ref/sky130_fd_sc_hd/lib/sky130_fd_sc_hd__ss_100C_1v60.lib"

Tue Apr 28 12:42:26 UTC 2026 - Executing "python3 /openlane/scripts/new_tracks.py -i /home/mgangadhar/.ciel/sky130A/libs.tech/openlane/sky130_fd_sc_hd/tracks.info -o /openlane/designs/pmu_controller/runs/RUN_2026.04.28_12.42.24/tmp/routing/config.tracks"

Tue Apr 28 12:42:26 UTC 2026 - Executing "echo {OpenLane ff5509f65b17bfa4068d5336495ab1718987ff69} > /openlane/designs/pmu_controller/runs/RUN_2026.04.28_12.42.24/OPENLANE_COMMIT"

Tue Apr 28 12:42:26 UTC 2026 - Executing "bash -c {verilator  --lint-only  -Wall  --Wno-DECLFILENAME  --top-module pmu_controller  /openlane/designs/pmu_controller/src/pmu_controller.v -Wno-fatal --relative-includes |& tee /openlane/designs/pmu_controller/runs/RUN_2026.04.28_12.42.24/logs/synthesis/linter.log /dev/null}"

Tue Apr 28 12:42:26 UTC 2026 - Executing "sed -E {s/^([[:space:]]+)pg_pin(.*)/\1pin\2\n\1    direction : "inout";/g} /home/mgangadhar/.ciel/sky130A/libs.ref/sky130_fd_sc_hd/lib/sky130_fd_sc_hd__tt_025C_1v80.lib > /openlane/designs/pmu_controller/runs/RUN_2026.04.28_12.42.24/tmp/synthesis/1-sky130_fd_sc_hd__tt_025C_1v80.no_pg.lib"

Tue Apr 28 12:42:27 UTC 2026 - Executing "sed -E {s/^([[:space:]]+)pg_pin(.*)/\1pin\2\n\1    direction : "inout";/g} /openlane/designs/pmu_controller/runs/RUN_2026.04.28_12.42.24/tmp/synthesis/trimmed.lib > /openlane/designs/pmu_controller/runs/RUN_2026.04.28_12.42.24/tmp/synthesis/1-trimmed.no_pg.lib"

Tue Apr 28 12:42:27 UTC 2026 - Executing "yosys -c /openlane/scripts/yosys/synth.tcl |& tee /dev/null /openlane/designs/pmu_controller/runs/RUN_2026.04.28_12.42.24/logs/synthesis/1-synthesis.log"

Tue Apr 28 12:42:27 UTC 2026 - Executing "sed -i.bak -e {s/\(set ::env(CURRENT_NETLIST)\).*/\1 \/openlane\/designs\/pmu_controller\/runs\/RUN_2026.04.28_12.42.24\/results\/synthesis\/pmu_controller.v/} /openlane/designs/pmu_controller/runs/RUN_2026.04.28_12.42.24/config.tcl"

Tue Apr 28 12:42:27 UTC 2026 - Executing "sed -i.bak /defparam/d /openlane/designs/pmu_controller/runs/RUN_2026.04.28_12.42.24/results/synthesis/pmu_controller.v"

Tue Apr 28 12:42:28 UTC 2026 - Executing "sta -exit -no_init /openlane/scripts/openroad/sta/multi_corner.tcl |& tee /dev/null /openlane/designs/pmu_controller/runs/RUN_2026.04.28_12.42.24/logs/synthesis/2-sta.log"

Tue Apr 28 12:42:28 UTC 2026 - Executing "openroad -exit /openlane/scripts/openroad/floorplan.tcl |& tee /dev/null /openlane/designs/pmu_controller/runs/RUN_2026.04.28_12.42.24/logs/floorplan/3-initial_fp.log"

Tue Apr 28 12:42:29 UTC 2026 - Executing "openroad -exit -no_init -python /openlane/scripts/odbpy/snap_to_grid.py --output /openlane/designs/pmu_controller/runs/RUN_2026.04.28_12.42.24/tmp/floorplan/3-minimized_pdn.txt --input-lef /openlane/designs/pmu_controller/runs/RUN_2026.04.28_12.42.24/tmp/merged.nom.lef 2.1275 2.04 4.255 4.08"

Tue Apr 28 12:42:29 UTC 2026 - Executing "openroad -exit -no_init -python /openlane/scripts/odbpy/defutil.py extract_core_dims --output-data /openlane/designs/pmu_controller/runs/RUN_2026.04.28_12.42.24/tmp/dimensions.txt --input-lef /openlane/designs/pmu_controller/runs/RUN_2026.04.28_12.42.24/tmp/merged.nom.lef /openlane/designs/pmu_controller/runs/RUN_2026.04.28_12.42.24/tmp/floorplan/3-initial_fp.def"

Tue Apr 28 12:42:29 UTC 2026 - Executing "openroad -exit /openlane/scripts/openroad/ioplacer.tcl |& tee /dev/null /openlane/designs/pmu_controller/runs/RUN_2026.04.28_12.42.24/logs/floorplan/4-io.log"

Tue Apr 28 12:42:30 UTC 2026 - Executing "openroad -exit /openlane/scripts/openroad/tapcell.tcl |& tee /dev/null /openlane/designs/pmu_controller/runs/RUN_2026.04.28_12.42.24/logs/floorplan/5-tap.log"

Tue Apr 28 12:42:30 UTC 2026 - Executing "openroad -exit /openlane/scripts/openroad/pdn.tcl |& tee /dev/null /openlane/designs/pmu_controller/runs/RUN_2026.04.28_12.42.24/logs/floorplan/6-pdn.log"

