[INFO]: Run Directory: /openlane/designs/pmu_controller/runs/RUN_2026.04.28_12.42.24
[INFO]: Saving runtime environment...
[INFO]: Preparing LEF files for the nom corner...
[INFO]: Preparing LEF files for the min corner...
[INFO]: Preparing LEF files for the max corner...
[INFO]: Running linter (Verilator) (log: designs/pmu_controller/runs/RUN_2026.04.28_12.42.24/logs/synthesis/linter.log)...
[INFO]: 0 errors found by linter
[WARNING]: 1 warnings found by linter
[INFO]: Running Synthesis (log: designs/pmu_controller/runs/RUN_2026.04.28_12.42.24/logs/synthesis/1-synthesis.log)...
[INFO]: Running Single-Corner Static Timing Analysis (log: designs/pmu_controller/runs/RUN_2026.04.28_12.42.24/logs/synthesis/2-sta.log)...
[INFO]: Running Initial Floorplanning (log: designs/pmu_controller/runs/RUN_2026.04.28_12.42.24/logs/floorplan/3-initial_fp.log)...
[WARNING]: Current core area is too small for the power grid settings chosen. The power grid will be scaled down.
[INFO]: Floorplanned with width 17.02 and height 16.32.
[INFO]: Running IO Placement...
[INFO]: Running Tap/Decap Insertion (log: designs/pmu_controller/runs/RUN_2026.04.28_12.42.24/logs/floorplan/5-tap.log)...
[INFO]: Power planning with power {VPWR} and ground {VGND}...
[INFO]: Generating PDN (log: designs/pmu_controller/runs/RUN_2026.04.28_12.42.24/logs/floorplan/6-pdn.log)...
[ERROR]: during executing openroad script /openlane/scripts/openroad/pdn.tcl
[ERROR]: Log: designs/pmu_controller/runs/RUN_2026.04.28_12.42.24/logs/floorplan/6-pdn.log
[ERROR]: Last 10 lines:
Using 1e+03 for resistance...
Using 1e-09 for time...
Using 1e+00 for voltage...
Using 1e-03 for current...
Using 1e-09 for power...
Using 1e-06 for distance...
Reading design constraints file at '/openlane/designs/pmu_controller/runs/RUN_2026.04.28_12.42.24/tmp/floorplan/3-initial_fp.sdc'…
[ERROR PDN-0175] Pitch 4.2550 is too small for, must be atleast 6.6000
Error: pdn_cfg.tcl, 92 PDN-0175
child process exited abnormally

[ERROR]: Creating issue reproducible...
[INFO]: Saving runtime environment...
[INFO]: Reproducible packaged: Please tarball and upload 'designs/pmu_controller/runs/RUN_2026.04.28_12.42.24/issue_reproducible' if you're going to submit an issue.
[ERROR]: Step 6 (floorplan) failed with error:
-code 1 -level 0 -errorcode NONE -errorinfo {
    while executing
"throw_error"
    (procedure "run_tcl_script" line 219)
    invoked from within
"run_tcl_script -tool openroad -no_consume {*}$args"
    (procedure "run_openroad_script" line 2)
    invoked from within
"run_openroad_script $::env(SCRIPTS_DIR)/openroad/pdn.tcl  -indexed_log [index_file $::env(floorplan_logs)/pdn.log]  -save "to=$::env(floorplan_results..."
    (procedure "gen_pdn" line 15)
    invoked from within
"gen_pdn"
    (procedure "run_power_grid_generation" line 65)
    invoked from within
"run_power_grid_generation"
    (procedure "run_floorplan" line 56)
    invoked from within
"run_floorplan"} -errorline 1
[INFO]: Saving current set of views in 'designs/pmu_controller/runs/RUN_2026.04.28_12.42.24/results/final'...
[INFO]: Generating final set of reports...
[INFO]: Created manufacturability report at 'designs/pmu_controller/runs/RUN_2026.04.28_12.42.24/reports/manufacturability.rpt'.
[INFO]: Created metrics report at 'designs/pmu_controller/runs/RUN_2026.04.28_12.42.24/reports/metrics.csv'.
[INFO]: Saving runtime environment...
[ERROR]: Flow failed.
[INFO]: The failure may have been because of the following warnings:
