
===========================================================================
report_checks -path_delay max (Setup)
============================================================================
======================= Typical Corner ===================================

Startpoint: _19_ (rising edge-triggered flip-flop clocked by clk)
Endpoint: clk_gate_en (output port clocked by clk)
Path Group: clk
Path Type: max

Fanout     Cap    Slew   Delay    Time   Description
-----------------------------------------------------------------------------
                          0.00    0.00   clock clk (rise edge)
                          0.00    0.00   clock source latency
                  0.06    0.04    0.04 ^ clk (in)
     1    0.01                           clk (net)
                  0.06    0.00    0.04 ^ clkbuf_0_clk/A (sky130_fd_sc_hd__clkbuf_16)
                  0.04    0.13    0.17 ^ clkbuf_0_clk/X (sky130_fd_sc_hd__clkbuf_16)
     2    0.02                           clknet_0_clk (net)
                  0.04    0.00    0.17 ^ clkbuf_1_0__f_clk/A (sky130_fd_sc_hd__clkbuf_16)
                  0.03    0.11    0.29 ^ clkbuf_1_0__f_clk/X (sky130_fd_sc_hd__clkbuf_16)
     1    0.00                           clknet_1_0__leaf_clk (net)
                  0.03    0.00    0.29 ^ _19_/CLK (sky130_fd_sc_hd__dfrtp_1)
                  0.09    0.42    0.71 v _19_/Q (sky130_fd_sc_hd__dfrtp_1)
     6    0.01                           net7 (net)
                  0.09    0.00    0.71 v _10_/A (sky130_fd_sc_hd__or2_1)
                  0.05    0.24    0.95 v _10_/X (sky130_fd_sc_hd__or2_1)
     1    0.00                           _03_ (net)
                  0.05    0.00    0.95 v _11_/A (sky130_fd_sc_hd__clkbuf_1)
                  0.03    0.09    1.05 v _11_/X (sky130_fd_sc_hd__clkbuf_1)
     1    0.00                           net5 (net)
                  0.03    0.00    1.05 v output5/A (sky130_fd_sc_hd__clkbuf_4)
                  0.08    0.18    1.23 v output5/X (sky130_fd_sc_hd__clkbuf_4)
     1    0.03                           clk_gate_en (net)
                  0.08    0.00    1.23 v clk_gate_en (out)
                                  1.23   data arrival time

                         10.00   10.00   clock clk (rise edge)
                          0.00   10.00   clock network delay (propagated)
                         -0.25    9.75   clock uncertainty
                          0.00    9.75   clock reconvergence pessimism
                         -2.00    7.75   output external delay
                                  7.75   data required time
-----------------------------------------------------------------------------
                                  7.75   data required time
                                 -1.23   data arrival time
-----------------------------------------------------------------------------
                                  6.52   slack (MET)


Startpoint: _19_ (rising edge-triggered flip-flop clocked by clk)
Endpoint: pwr_gate_en (output port clocked by clk)
Path Group: clk
Path Type: max

Fanout     Cap    Slew   Delay    Time   Description
-----------------------------------------------------------------------------
                          0.00    0.00   clock clk (rise edge)
                          0.00    0.00   clock source latency
                  0.06    0.04    0.04 ^ clk (in)
     1    0.01                           clk (net)
                  0.06    0.00    0.04 ^ clkbuf_0_clk/A (sky130_fd_sc_hd__clkbuf_16)
                  0.04    0.13    0.17 ^ clkbuf_0_clk/X (sky130_fd_sc_hd__clkbuf_16)
     2    0.02                           clknet_0_clk (net)
                  0.04    0.00    0.17 ^ clkbuf_1_0__f_clk/A (sky130_fd_sc_hd__clkbuf_16)
                  0.03    0.11    0.29 ^ clkbuf_1_0__f_clk/X (sky130_fd_sc_hd__clkbuf_16)
     1    0.00                           clknet_1_0__leaf_clk (net)
                  0.03    0.00    0.29 ^ _19_/CLK (sky130_fd_sc_hd__dfrtp_1)
                  0.14    0.41    0.69 ^ _19_/Q (sky130_fd_sc_hd__dfrtp_1)
     6    0.02                           net7 (net)
                  0.14    0.00    0.69 ^ _08_/A (sky130_fd_sc_hd__clkbuf_1)
                  0.04    0.11    0.80 ^ _08_/X (sky130_fd_sc_hd__clkbuf_1)
     1    0.00                           _02_ (net)
                  0.04    0.00    0.80 ^ _09_/A (sky130_fd_sc_hd__clkbuf_1)
                  0.07    0.11    0.91 ^ _09_/X (sky130_fd_sc_hd__clkbuf_1)
     2    0.01                           net8 (net)
                  0.07    0.00    0.91 ^ _20_/A (sky130_fd_sc_hd__clkbuf_1)
                  0.05    0.10    1.01 ^ _20_/X (sky130_fd_sc_hd__clkbuf_1)
     1    0.00                           net9 (net)
                  0.05    0.00    1.01 ^ output9/A (sky130_fd_sc_hd__buf_2)
                  0.17    0.21    1.22 ^ output9/X (sky130_fd_sc_hd__buf_2)
     1    0.03                           pwr_gate_en (net)
                  0.17    0.00    1.22 ^ pwr_gate_en (out)
                                  1.22   data arrival time

                         10.00   10.00   clock clk (rise edge)
                          0.00   10.00   clock network delay (propagated)
                         -0.25    9.75   clock uncertainty
                          0.00    9.75   clock reconvergence pessimism
                         -2.00    7.75   output external delay
                                  7.75   data required time
-----------------------------------------------------------------------------
                                  7.75   data required time
                                 -1.22   data arrival time
-----------------------------------------------------------------------------
                                  6.53   slack (MET)


Startpoint: _19_ (rising edge-triggered flip-flop clocked by clk)
Endpoint: isolation_en (output port clocked by clk)
Path Group: clk
Path Type: max

Fanout     Cap    Slew   Delay    Time   Description
-----------------------------------------------------------------------------
                          0.00    0.00   clock clk (rise edge)
                          0.00    0.00   clock source latency
                  0.06    0.04    0.04 ^ clk (in)
     1    0.01                           clk (net)
                  0.06    0.00    0.04 ^ clkbuf_0_clk/A (sky130_fd_sc_hd__clkbuf_16)
                  0.04    0.13    0.17 ^ clkbuf_0_clk/X (sky130_fd_sc_hd__clkbuf_16)
     2    0.02                           clknet_0_clk (net)
                  0.04    0.00    0.17 ^ clkbuf_1_0__f_clk/A (sky130_fd_sc_hd__clkbuf_16)
                  0.03    0.11    0.29 ^ clkbuf_1_0__f_clk/X (sky130_fd_sc_hd__clkbuf_16)
     1    0.00                           clknet_1_0__leaf_clk (net)
                  0.03    0.00    0.29 ^ _19_/CLK (sky130_fd_sc_hd__dfrtp_1)
                  0.14    0.41    0.69 ^ _19_/Q (sky130_fd_sc_hd__dfrtp_1)
     6    0.02                           net7 (net)
                  0.14    0.00    0.69 ^ _08_/A (sky130_fd_sc_hd__clkbuf_1)
                  0.04    0.11    0.80 ^ _08_/X (sky130_fd_sc_hd__clkbuf_1)
     1    0.00                           _02_ (net)
                  0.04    0.00    0.80 ^ _09_/A (sky130_fd_sc_hd__clkbuf_1)
                  0.07    0.11    0.91 ^ _09_/X (sky130_fd_sc_hd__clkbuf_1)
     2    0.01                           net8 (net)
                  0.07    0.00    0.91 ^ output8/A (sky130_fd_sc_hd__buf_2)
                  0.17    0.22    1.13 ^ output8/X (sky130_fd_sc_hd__buf_2)
     1    0.03                           isolation_en (net)
                  0.17    0.00    1.13 ^ isolation_en (out)
                                  1.13   data arrival time

                         10.00   10.00   clock clk (rise edge)
                          0.00   10.00   clock network delay (propagated)
                         -0.25    9.75   clock uncertainty
                          0.00    9.75   clock reconvergence pessimism
                         -2.00    7.75   output external delay
                                  7.75   data required time
-----------------------------------------------------------------------------
                                  7.75   data required time
                                 -1.13   data arrival time
-----------------------------------------------------------------------------
                                  6.62   slack (MET)


Startpoint: _19_ (rising edge-triggered flip-flop clocked by clk)
Endpoint: current_state[1] (output port clocked by clk)
Path Group: clk
Path Type: max

Fanout     Cap    Slew   Delay    Time   Description
-----------------------------------------------------------------------------
                          0.00    0.00   clock clk (rise edge)
                          0.00    0.00   clock source latency
                  0.06    0.04    0.04 ^ clk (in)
     1    0.01                           clk (net)
                  0.06    0.00    0.04 ^ clkbuf_0_clk/A (sky130_fd_sc_hd__clkbuf_16)
                  0.04    0.13    0.17 ^ clkbuf_0_clk/X (sky130_fd_sc_hd__clkbuf_16)
     2    0.02                           clknet_0_clk (net)
                  0.04    0.00    0.17 ^ clkbuf_1_0__f_clk/A (sky130_fd_sc_hd__clkbuf_16)
                  0.03    0.11    0.29 ^ clkbuf_1_0__f_clk/X (sky130_fd_sc_hd__clkbuf_16)
     1    0.00                           clknet_1_0__leaf_clk (net)
                  0.03    0.00    0.29 ^ _19_/CLK (sky130_fd_sc_hd__dfrtp_1)
                  0.14    0.41    0.69 ^ _19_/Q (sky130_fd_sc_hd__dfrtp_1)
     6    0.02                           net7 (net)
                  0.14    0.00    0.69 ^ output7/A (sky130_fd_sc_hd__buf_2)
                  0.17    0.24    0.94 ^ output7/X (sky130_fd_sc_hd__buf_2)
     1    0.03                           current_state[1] (net)
                  0.17    0.00    0.94 ^ current_state[1] (out)
                                  0.94   data arrival time

                         10.00   10.00   clock clk (rise edge)
                          0.00   10.00   clock network delay (propagated)
                         -0.25    9.75   clock uncertainty
                          0.00    9.75   clock reconvergence pessimism
                         -2.00    7.75   output external delay
                                  7.75   data required time
-----------------------------------------------------------------------------
                                  7.75   data required time
                                 -0.94   data arrival time
-----------------------------------------------------------------------------
                                  6.81   slack (MET)


Startpoint: _18_ (rising edge-triggered flip-flop clocked by clk)
Endpoint: current_state[0] (output port clocked by clk)
Path Group: clk
Path Type: max

Fanout     Cap    Slew   Delay    Time   Description
-----------------------------------------------------------------------------
                          0.00    0.00   clock clk (rise edge)
                          0.00    0.00   clock source latency
                  0.06    0.04    0.04 ^ clk (in)
     1    0.01                           clk (net)
                  0.06    0.00    0.04 ^ clkbuf_0_clk/A (sky130_fd_sc_hd__clkbuf_16)
                  0.04    0.13    0.17 ^ clkbuf_0_clk/X (sky130_fd_sc_hd__clkbuf_16)
     2    0.02                           clknet_0_clk (net)
                  0.04    0.00    0.17 ^ clkbuf_1_1__f_clk/A (sky130_fd_sc_hd__clkbuf_16)
                  0.03    0.11    0.28 ^ clkbuf_1_1__f_clk/X (sky130_fd_sc_hd__clkbuf_16)
     1    0.00                           clknet_1_1__leaf_clk (net)
                  0.03    0.00    0.28 ^ _18_/CLK (sky130_fd_sc_hd__dfrtp_1)
                  0.13    0.39    0.68 ^ _18_/Q (sky130_fd_sc_hd__dfrtp_1)
     5    0.01                           net6 (net)
                  0.13    0.00    0.68 ^ output6/A (sky130_fd_sc_hd__buf_2)
                  0.17    0.24    0.91 ^ output6/X (sky130_fd_sc_hd__buf_2)
     1    0.03                           current_state[0] (net)
                  0.17    0.00    0.92 ^ current_state[0] (out)
                                  0.92   data arrival time

                         10.00   10.00   clock clk (rise edge)
                          0.00   10.00   clock network delay (propagated)
                         -0.25    9.75   clock uncertainty
                          0.00    9.75   clock reconvergence pessimism
                         -2.00    7.75   output external delay
                                  7.75   data required time
-----------------------------------------------------------------------------
                                  7.75   data required time
                                 -0.92   data arrival time
-----------------------------------------------------------------------------
                                  6.83   slack (MET)


Startpoint: app_idle (input port clocked by clk)
Endpoint: _18_ (rising edge-triggered flip-flop clocked by clk)
Path Group: clk
Path Type: max

Fanout     Cap    Slew   Delay    Time   Description
-----------------------------------------------------------------------------
                          0.00    0.00   clock clk (rise edge)
                          0.00    0.00   clock network delay (propagated)
                          2.00    2.00 ^ input external delay
                  0.02    0.01    2.01 ^ app_idle (in)
     1    0.00                           app_idle (net)
                  0.02    0.00    2.01 ^ input1/A (sky130_fd_sc_hd__buf_1)
                  0.10    0.12    2.13 ^ input1/X (sky130_fd_sc_hd__buf_1)
     3    0.01                           net1 (net)
                  0.10    0.00    2.13 ^ _12_/B_N (sky130_fd_sc_hd__or2b_1)
                  0.04    0.24    2.37 v _12_/X (sky130_fd_sc_hd__or2b_1)
     1    0.00                           _04_ (net)
                  0.04    0.00    2.37 v _15_/A1 (sky130_fd_sc_hd__a211o_1)
                  0.05    0.26    2.63 v _15_/X (sky130_fd_sc_hd__a211o_1)
     1    0.00                           _00_ (net)
                  0.05    0.00    2.63 v _18_/D (sky130_fd_sc_hd__dfrtp_1)
                                  2.63   data arrival time

                         10.00   10.00   clock clk (rise edge)
                          0.00   10.00   clock source latency
                  0.06    0.04   10.04 ^ clk (in)
     1    0.01                           clk (net)
                  0.06    0.00   10.04 ^ clkbuf_0_clk/A (sky130_fd_sc_hd__clkbuf_16)
                  0.04    0.12   10.16 ^ clkbuf_0_clk/X (sky130_fd_sc_hd__clkbuf_16)
     2    0.02                           clknet_0_clk (net)
                  0.04    0.00   10.16 ^ clkbuf_1_1__f_clk/A (sky130_fd_sc_hd__clkbuf_16)
                  0.03    0.10   10.26 ^ clkbuf_1_1__f_clk/X (sky130_fd_sc_hd__clkbuf_16)
     1    0.00                           clknet_1_1__leaf_clk (net)
                  0.03    0.00   10.26 ^ _18_/CLK (sky130_fd_sc_hd__dfrtp_1)
                         -0.25   10.01   clock uncertainty
                          0.00   10.01   clock reconvergence pessimism
                         -0.12    9.89   library setup time
                                  9.89   data required time
-----------------------------------------------------------------------------
                                  9.89   data required time
                                 -2.63   data arrival time
-----------------------------------------------------------------------------
                                  7.26   slack (MET)


Startpoint: app_idle (input port clocked by clk)
Endpoint: _19_ (rising edge-triggered flip-flop clocked by clk)
Path Group: clk
Path Type: max

Fanout     Cap    Slew   Delay    Time   Description
-----------------------------------------------------------------------------
                          0.00    0.00   clock clk (rise edge)
                          0.00    0.00   clock network delay (propagated)
                          2.00    2.00 v input external delay
                  0.01    0.01    2.01 v app_idle (in)
     1    0.00                           app_idle (net)
                  0.01    0.00    2.01 v input1/A (sky130_fd_sc_hd__buf_1)
                  0.05    0.10    2.10 v input1/X (sky130_fd_sc_hd__buf_1)
     3    0.01                           net1 (net)
                  0.05    0.00    2.10 v _16_/A2 (sky130_fd_sc_hd__a21oi_1)
                  0.11    0.15    2.25 ^ _16_/Y (sky130_fd_sc_hd__a21oi_1)
     1    0.00                           _07_ (net)
                  0.11    0.00    2.25 ^ _17_/A2 (sky130_fd_sc_hd__o21bai_1)
                  0.05    0.07    2.32 v _17_/Y (sky130_fd_sc_hd__o21bai_1)
     1    0.00                           _01_ (net)
                  0.05    0.00    2.32 v _19_/D (sky130_fd_sc_hd__dfrtp_1)
                                  2.32   data arrival time

                         10.00   10.00   clock clk (rise edge)
                          0.00   10.00   clock source latency
                  0.06    0.04   10.04 ^ clk (in)
     1    0.01                           clk (net)
                  0.06    0.00   10.04 ^ clkbuf_0_clk/A (sky130_fd_sc_hd__clkbuf_16)
                  0.04    0.12   10.16 ^ clkbuf_0_clk/X (sky130_fd_sc_hd__clkbuf_16)
     2    0.02                           clknet_0_clk (net)
                  0.04    0.00   10.16 ^ clkbuf_1_0__f_clk/A (sky130_fd_sc_hd__clkbuf_16)
                  0.03    0.10   10.26 ^ clkbuf_1_0__f_clk/X (sky130_fd_sc_hd__clkbuf_16)
     1    0.00                           clknet_1_0__leaf_clk (net)
                  0.03    0.00   10.26 ^ _19_/CLK (sky130_fd_sc_hd__dfrtp_1)
                         -0.25   10.01   clock uncertainty
                          0.00   10.01   clock reconvergence pessimism
                         -0.12    9.89   library setup time
                                  9.89   data required time
-----------------------------------------------------------------------------
                                  9.89   data required time
                                 -2.32   data arrival time
-----------------------------------------------------------------------------
                                  7.56   slack (MET)


Startpoint: reset_n (input port clocked by clk)
Endpoint: _18_ (recovery check against rising-edge clock clk)
Path Group: asynchronous
Path Type: max

Fanout     Cap    Slew   Delay    Time   Description
-----------------------------------------------------------------------------
                          0.00    0.00   clock clk (rise edge)
                          0.00    0.00   clock network delay (propagated)
                          2.00    2.00 ^ input external delay
                  0.02    0.01    2.01 ^ reset_n (in)
     1    0.00                           reset_n (net)
                  0.02    0.00    2.01 ^ input2/A (sky130_fd_sc_hd__buf_1)
                  0.13    0.14    2.15 ^ input2/X (sky130_fd_sc_hd__buf_1)
     2    0.01                           net2 (net)
                  0.13    0.00    2.15 ^ _18_/RESET_B (sky130_fd_sc_hd__dfrtp_1)
                                  2.15   data arrival time

                         10.00   10.00   clock clk (rise edge)
                          0.00   10.00   clock source latency
                  0.06    0.04   10.04 ^ clk (in)
     1    0.01                           clk (net)
                  0.06    0.00   10.04 ^ clkbuf_0_clk/A (sky130_fd_sc_hd__clkbuf_16)
                  0.04    0.12   10.16 ^ clkbuf_0_clk/X (sky130_fd_sc_hd__clkbuf_16)
     2    0.02                           clknet_0_clk (net)
                  0.04    0.00   10.16 ^ clkbuf_1_1__f_clk/A (sky130_fd_sc_hd__clkbuf_16)
                  0.03    0.10   10.26 ^ clkbuf_1_1__f_clk/X (sky130_fd_sc_hd__clkbuf_16)
     1    0.00                           clknet_1_1__leaf_clk (net)
                  0.03    0.00   10.26 ^ _18_/CLK (sky130_fd_sc_hd__dfrtp_1)
                         -0.25   10.01   clock uncertainty
                          0.00   10.01   clock reconvergence pessimism
                          0.20   10.21   library recovery time
                                 10.21   data required time
-----------------------------------------------------------------------------
                                 10.21   data required time
                                 -2.15   data arrival time
-----------------------------------------------------------------------------
                                  8.06   slack (MET)


Startpoint: reset_n (input port clocked by clk)
Endpoint: _19_ (recovery check against rising-edge clock clk)
Path Group: asynchronous
Path Type: max

Fanout     Cap    Slew   Delay    Time   Description
-----------------------------------------------------------------------------
                          0.00    0.00   clock clk (rise edge)
                          0.00    0.00   clock network delay (propagated)
                          2.00    2.00 ^ input external delay
                  0.02    0.01    2.01 ^ reset_n (in)
     1    0.00                           reset_n (net)
                  0.02    0.00    2.01 ^ input2/A (sky130_fd_sc_hd__buf_1)
                  0.13    0.14    2.15 ^ input2/X (sky130_fd_sc_hd__buf_1)
     2    0.01                           net2 (net)
                  0.13    0.00    2.15 ^ _19_/RESET_B (sky130_fd_sc_hd__dfrtp_1)
                                  2.15   data arrival time

                         10.00   10.00   clock clk (rise edge)
                          0.00   10.00   clock source latency
                  0.06    0.04   10.04 ^ clk (in)
     1    0.01                           clk (net)
                  0.06    0.00   10.04 ^ clkbuf_0_clk/A (sky130_fd_sc_hd__clkbuf_16)
                  0.04    0.12   10.16 ^ clkbuf_0_clk/X (sky130_fd_sc_hd__clkbuf_16)
     2    0.02                           clknet_0_clk (net)
                  0.04    0.00   10.16 ^ clkbuf_1_0__f_clk/A (sky130_fd_sc_hd__clkbuf_16)
                  0.03    0.10   10.26 ^ clkbuf_1_0__f_clk/X (sky130_fd_sc_hd__clkbuf_16)
     1    0.00                           clknet_1_0__leaf_clk (net)
                  0.03    0.00   10.26 ^ _19_/CLK (sky130_fd_sc_hd__dfrtp_1)
                         -0.25   10.01   clock uncertainty
                          0.00   10.01   clock reconvergence pessimism
                          0.20   10.21   library recovery time
                                 10.21   data required time
-----------------------------------------------------------------------------
                                 10.21   data required time
                                 -2.15   data arrival time
-----------------------------------------------------------------------------
                                  8.06   slack (MET)



