
 /----------------------------------------------------------------------------\
 |                                                                            |
 |  yosys -- Yosys Open SYnthesis Suite                                       |
 |                                                                            |
 |  Copyright (C) 2012 - 2020  Claire Xenia Wolf <claire@yosyshq.com>         |
 |                                                                            |
 |  Permission to use, copy, modify, and/or distribute this software for any  |
 |  purpose with or without fee is hereby granted, provided that the above    |
 |  copyright notice and this permission notice appear in all copies.         |
 |                                                                            |
 |  THE SOFTWARE IS PROVIDED "AS IS" AND THE AUTHOR DISCLAIMS ALL WARRANTIES  |
 |  WITH REGARD TO THIS SOFTWARE INCLUDING ALL IMPLIED WARRANTIES OF          |
 |  MERCHANTABILITY AND FITNESS. IN NO EVENT SHALL THE AUTHOR BE LIABLE FOR   |
 |  ANY SPECIAL, DIRECT, INDIRECT, OR CONSEQUENTIAL DAMAGES OR ANY DAMAGES    |
 |  WHATSOEVER RESULTING FROM LOSS OF USE, DATA OR PROFITS, WHETHER IN AN     |
 |  ACTION OF CONTRACT, NEGLIGENCE OR OTHER TORTIOUS ACTION, ARISING OUT OF   |
 |  OR IN CONNECTION WITH THE USE OR PERFORMANCE OF THIS SOFTWARE.            |
 |                                                                            |
 \----------------------------------------------------------------------------/

 Yosys 0.30+48 (git sha1 14d50a176d5, gcc 8.3.1 -fPIC -Os)

[TCL: yosys -import] Command name collision: found pre-existing command `cd' -> skip.
[TCL: yosys -import] Command name collision: found pre-existing command `eval' -> skip.
[TCL: yosys -import] Command name collision: found pre-existing command `exec' -> skip.
[TCL: yosys -import] Command name collision: found pre-existing command `read' -> skip.
[TCL: yosys -import] Command name collision: found pre-existing command `trace' -> skip.

1. Executing Verilog-2005 frontend: /openlane/designs/pmu_controller/src/pmu_controller.v
Parsing SystemVerilog input from `/openlane/designs/pmu_controller/src/pmu_controller.v' to AST representation.
Generating RTLIL representation for module `\pmu_controller'.
Successfully finished Verilog frontend.

2. Generating Graphviz representation of design.
Writing dot description to `/openlane/designs/pmu_controller/runs/RUN_2026.04.28_12.48.54/tmp/synthesis/hierarchy.dot'.
Dumping module pmu_controller to page 1.

3. Executing HIERARCHY pass (managing design hierarchy).

3.1. Analyzing design hierarchy..
Top module:  \pmu_controller

3.2. Analyzing design hierarchy..
Top module:  \pmu_controller
Removed 0 unused modules.

4. Executing TRIBUF pass.

5. Executing HIERARCHY pass (managing design hierarchy).

5.1. Analyzing design hierarchy..
Top module:  \pmu_controller

5.2. Analyzing design hierarchy..
Top module:  \pmu_controller
Removed 0 unused modules.

6. Executing PROC_CLEAN pass (remove empty switches from decision trees).
Cleaned up 0 empty switches.

7. Executing PROC_RMDEAD pass (remove dead branches from decision trees).
Marked 1 switch rules as full_case in process $proc$/openlane/designs/pmu_controller/src/pmu_controller.v:58$6 in module pmu_controller.
Removed 1 dead cases from process $proc$/openlane/designs/pmu_controller/src/pmu_controller.v:32$3 in module pmu_controller.
Marked 7 switch rules as full_case in process $proc$/openlane/designs/pmu_controller/src/pmu_controller.v:32$3 in module pmu_controller.
Marked 1 switch rules as full_case in process $proc$/openlane/designs/pmu_controller/src/pmu_controller.v:24$1 in module pmu_controller.
Removed a total of 1 dead cases.

8. Executing PROC_PRUNE pass (remove redundant assignments in processes).
Removed 1 redundant assignment.
Promoted 4 assignments to connections.

9. Executing PROC_INIT pass (extract init attributes).

10. Executing PROC_ARST pass (detect async resets in processes).
Found async reset \reset_n in `\pmu_controller.$proc$/openlane/designs/pmu_controller/src/pmu_controller.v:24$1'.

11. Executing PROC_ROM pass (convert switches to ROMs).
Converted 0 switches.
<suppressed ~8 debug messages>

12. Executing PROC_MUX pass (convert decision trees to multiplexers).
Creating decoders for process `\pmu_controller.$proc$/openlane/designs/pmu_controller/src/pmu_controller.v:58$6'.
     1/3: $1\clk_gate_en[0:0]
     2/3: $1\isolation_en[0:0]
     3/3: $1\pwr_gate_en[0:0]
Creating decoders for process `\pmu_controller.$proc$/openlane/designs/pmu_controller/src/pmu_controller.v:32$3'.
     1/7: $7\next_state[1:0]
     2/7: $6\next_state[1:0]
     3/7: $5\next_state[1:0]
     4/7: $4\next_state[1:0]
     5/7: $3\next_state[1:0]
     6/7: $2\next_state[1:0]
     7/7: $1\next_state[1:0]
Creating decoders for process `\pmu_controller.$proc$/openlane/designs/pmu_controller/src/pmu_controller.v:24$1'.
     1/1: $0\state[1:0]

13. Executing PROC_DLATCH pass (convert process syncs to latches).
No latch inferred for signal `\pmu_controller.\pwr_gate_en' from process `\pmu_controller.$proc$/openlane/designs/pmu_controller/src/pmu_controller.v:58$6'.
No latch inferred for signal `\pmu_controller.\isolation_en' from process `\pmu_controller.$proc$/openlane/designs/pmu_controller/src/pmu_controller.v:58$6'.
No latch inferred for signal `\pmu_controller.\clk_gate_en' from process `\pmu_controller.$proc$/openlane/designs/pmu_controller/src/pmu_controller.v:58$6'.
No latch inferred for signal `\pmu_controller.\next_state' from process `\pmu_controller.$proc$/openlane/designs/pmu_controller/src/pmu_controller.v:32$3'.

14. Executing PROC_DFF pass (convert process syncs to FFs).
Creating register for signal `\pmu_controller.\state' using process `\pmu_controller.$proc$/openlane/designs/pmu_controller/src/pmu_controller.v:24$1'.
  created $adff cell `$procdff$82' with positive edge clock and negative level reset.

15. Executing PROC_MEMWR pass (convert process memory writes to cells).

16. Executing PROC_CLEAN pass (remove empty switches from decision trees).
Found and cleaned up 1 empty switch in `\pmu_controller.$proc$/openlane/designs/pmu_controller/src/pmu_controller.v:58$6'.
Removing empty process `pmu_controller.$proc$/openlane/designs/pmu_controller/src/pmu_controller.v:58$6'.
Found and cleaned up 7 empty switches in `\pmu_controller.$proc$/openlane/designs/pmu_controller/src/pmu_controller.v:32$3'.
Removing empty process `pmu_controller.$proc$/openlane/designs/pmu_controller/src/pmu_controller.v:32$3'.
Removing empty process `pmu_controller.$proc$/openlane/designs/pmu_controller/src/pmu_controller.v:24$1'.
Cleaned up 8 empty switches.

17. Executing CHECK pass (checking for obvious problems).
Checking module pmu_controller...
Found and reported 0 problems.

18. Executing OPT_EXPR pass (perform const folding).
Optimizing module pmu_controller.
<suppressed ~2 debug messages>

19. Executing FLATTEN pass (flatten design).

20. Executing OPT_EXPR pass (perform const folding).
Optimizing module pmu_controller.

21. Executing OPT_CLEAN pass (remove unused cells and wires).
Finding unused cells or wires in module \pmu_controller..
Removed 1 unused cells and 33 unused wires.
<suppressed ~2 debug messages>

22. Executing OPT pass (performing simple optimizations).

22.1. Executing OPT_EXPR pass (perform const folding).
Optimizing module pmu_controller.

22.2. Executing OPT_MERGE pass (detect identical cells).
Finding identical cells in module `\pmu_controller'.
<suppressed ~36 debug messages>
Removed a total of 12 cells.

22.3. Executing OPT_MUXTREE pass (detect dead branches in mux trees).
Running muxtree optimizer on module \pmu_controller..
  Creating internal representation of mux trees.
  Evaluating internal representation of mux trees.
  Analyzing evaluation results.
    dead port 2/2 on $mux $procmux$23.
    dead port 1/2 on $mux $procmux$26.
    dead port 2/2 on $mux $procmux$32.
    dead port 1/2 on $mux $procmux$35.
    dead port 1/2 on $mux $procmux$43.
    dead port 2/2 on $mux $procmux$45.
    dead port 1/2 on $mux $procmux$48.
    dead port 2/2 on $mux $procmux$55.
    dead port 1/2 on $mux $procmux$58.
    dead port 2/2 on $mux $procmux$66.
    dead port 1/2 on $mux $procmux$69.
    dead port 1/2 on $mux $procmux$77.
Removed 12 multiplexer ports.
<suppressed ~4 debug messages>

22.4. Executing OPT_REDUCE pass (consolidate $*mux and $reduce_* inputs).
  Optimizing cells in module \pmu_controller.
    New ctrl vector for $pmux cell $procmux$13: $auto$opt_reduce.cc:134:opt_pmux$84
    New ctrl vector for $pmux cell $procmux$17: $auto$opt_reduce.cc:134:opt_pmux$86
    New ctrl vector for $pmux cell $procmux$8: $auto$opt_reduce.cc:134:opt_pmux$88
  Optimizing cells in module \pmu_controller.
Performed a total of 3 changes.

22.5. Executing OPT_MERGE pass (detect identical cells).
Finding identical cells in module `\pmu_controller'.
<suppressed ~6 debug messages>
Removed a total of 2 cells.

22.6. Executing OPT_DFF pass (perform DFF optimizations).

22.7. Executing OPT_CLEAN pass (remove unused cells and wires).
Finding unused cells or wires in module \pmu_controller..
Removed 0 unused cells and 25 unused wires.
<suppressed ~1 debug messages>

22.8. Executing OPT_EXPR pass (perform const folding).
Optimizing module pmu_controller.

22.9. Rerunning OPT passes. (Maybe there is more to do..)

22.10. Executing OPT_MUXTREE pass (detect dead branches in mux trees).
Running muxtree optimizer on module \pmu_controller..
  Creating internal representation of mux trees.
  Evaluating internal representation of mux trees.
  Analyzing evaluation results.
Removed 0 multiplexer ports.
<suppressed ~3 debug messages>

22.11. Executing OPT_REDUCE pass (consolidate $*mux and $reduce_* inputs).
  Optimizing cells in module \pmu_controller.
Performed a total of 0 changes.

22.12. Executing OPT_MERGE pass (detect identical cells).
Finding identical cells in module `\pmu_controller'.
Removed a total of 0 cells.

22.13. Executing OPT_DFF pass (perform DFF optimizations).

22.14. Executing OPT_CLEAN pass (remove unused cells and wires).
Finding unused cells or wires in module \pmu_controller..

22.15. Executing OPT_EXPR pass (perform const folding).
Optimizing module pmu_controller.

22.16. Finished OPT passes. (There is nothing left to do.)

23. Executing FSM pass (extract and optimize FSM).

23.1. Executing FSM_DETECT pass (finding FSMs in design).
Not marking pmu_controller.state as FSM state register:
    Register is connected to module port.
    Users of register don't seem to benefit from recoding.

23.2. Executing FSM_EXTRACT pass (extracting FSM from design).

23.3. Executing FSM_OPT pass (simple optimizations of FSMs).

23.4. Executing OPT_CLEAN pass (remove unused cells and wires).
Finding unused cells or wires in module \pmu_controller..

23.5. Executing FSM_OPT pass (simple optimizations of FSMs).

23.6. Executing FSM_RECODE pass (re-assigning FSM state encoding).

23.7. Executing FSM_INFO pass (dumping all available information on FSM cells).

23.8. Executing FSM_MAP pass (mapping FSMs to basic logic).

24. Executing OPT pass (performing simple optimizations).

24.1. Executing OPT_EXPR pass (perform const folding).
Optimizing module pmu_controller.

24.2. Executing OPT_MERGE pass (detect identical cells).
Finding identical cells in module `\pmu_controller'.
Removed a total of 0 cells.

24.3. Executing OPT_MUXTREE pass (detect dead branches in mux trees).
Running muxtree optimizer on module \pmu_controller..
  Creating internal representation of mux trees.
  Evaluating internal representation of mux trees.
  Analyzing evaluation results.
Removed 0 multiplexer ports.
<suppressed ~3 debug messages>

24.4. Executing OPT_REDUCE pass (consolidate $*mux and $reduce_* inputs).
  Optimizing cells in module \pmu_controller.
Performed a total of 0 changes.

24.5. Executing OPT_MERGE pass (detect identical cells).
Finding identical cells in module `\pmu_controller'.
Removed a total of 0 cells.

24.6. Executing OPT_DFF pass (perform DFF optimizations).
Adding EN signal on $procdff$82 ($adff) from module pmu_controller (D = \next_state, Q = \state).

24.7. Executing OPT_CLEAN pass (remove unused cells and wires).
Finding unused cells or wires in module \pmu_controller..

24.8. Executing OPT_EXPR pass (perform const folding).
Optimizing module pmu_controller.

24.9. Rerunning OPT passes. (Maybe there is more to do..)

24.10. Executing OPT_MUXTREE pass (detect dead branches in mux trees).
Running muxtree optimizer on module \pmu_controller..
  Creating internal representation of mux trees.
  Evaluating internal representation of mux trees.
  Analyzing evaluation results.
Removed 0 multiplexer ports.
<suppressed ~3 debug messages>

24.11. Executing OPT_REDUCE pass (consolidate $*mux and $reduce_* inputs).
  Optimizing cells in module \pmu_controller.
Performed a total of 0 changes.

24.12. Executing OPT_MERGE pass (detect identical cells).
Finding identical cells in module `\pmu_controller'.
Removed a total of 0 cells.

24.13. Executing OPT_DFF pass (perform DFF optimizations).

24.14. Executing OPT_CLEAN pass (remove unused cells and wires).
Finding unused cells or wires in module \pmu_controller..

24.15. Executing OPT_EXPR pass (perform const folding).
Optimizing module pmu_controller.

24.16. Finished OPT passes. (There is nothing left to do.)

25. Executing WREDUCE pass (reducing word size of cells).
Removed top 1 bits (of 2) from port B of cell pmu_controller.$procmux$11_CMP0 ($eq).

26. Executing PEEPOPT pass (run peephole optimizers).

27. Executing OPT_CLEAN pass (remove unused cells and wires).
Finding unused cells or wires in module \pmu_controller..

28. Executing ALUMACC pass (create $alu and $macc cells).
Extracting $alu and $macc cells in module pmu_controller:
  created 0 $alu and 0 $macc cells.

29. Executing SHARE pass (SAT-based resource sharing).

30. Executing OPT pass (performing simple optimizations).

30.1. Executing OPT_EXPR pass (perform const folding).
Optimizing module pmu_controller.

30.2. Executing OPT_MERGE pass (detect identical cells).
Finding identical cells in module `\pmu_controller'.
Removed a total of 0 cells.

30.3. Executing OPT_MUXTREE pass (detect dead branches in mux trees).
Running muxtree optimizer on module \pmu_controller..
  Creating internal representation of mux trees.
  Evaluating internal representation of mux trees.
  Analyzing evaluation results.
Removed 0 multiplexer ports.
<suppressed ~3 debug messages>

30.4. Executing OPT_REDUCE pass (consolidate $*mux and $reduce_* inputs).
  Optimizing cells in module \pmu_controller.
Performed a total of 0 changes.

30.5. Executing OPT_MERGE pass (detect identical cells).
Finding identical cells in module `\pmu_controller'.
Removed a total of 0 cells.

30.6. Executing OPT_DFF pass (perform DFF optimizations).

30.7. Executing OPT_CLEAN pass (remove unused cells and wires).
Finding unused cells or wires in module \pmu_controller..

30.8. Executing OPT_EXPR pass (perform const folding).
Optimizing module pmu_controller.

30.9. Finished OPT passes. (There is nothing left to do.)

31. Executing MEMORY pass.

31.1. Executing OPT_MEM pass (optimize memories).
Performed a total of 0 transformations.

31.2. Executing OPT_MEM_PRIORITY pass (removing unnecessary memory write priority relations).
Performed a total of 0 transformations.

31.3. Executing OPT_MEM_FEEDBACK pass (finding memory read-to-write feedback paths).

31.4. Executing MEMORY_BMUX2ROM pass (converting muxes to ROMs).

31.5. Executing MEMORY_DFF pass (merging $dff cells to $memrd).

31.6. Executing OPT_CLEAN pass (remove unused cells and wires).
Finding unused cells or wires in module \pmu_controller..

31.7. Executing MEMORY_SHARE pass (consolidating $memrd/$memwr cells).

31.8. Executing OPT_MEM_WIDEN pass (optimize memories where all ports are wide).
Performed a total of 0 transformations.

31.9. Executing OPT_CLEAN pass (remove unused cells and wires).
Finding unused cells or wires in module \pmu_controller..

31.10. Executing MEMORY_COLLECT pass (generating $mem cells).

32. Executing OPT_CLEAN pass (remove unused cells and wires).
Finding unused cells or wires in module \pmu_controller..

33. Executing OPT pass (performing simple optimizations).

33.1. Executing OPT_EXPR pass (perform const folding).
Optimizing module pmu_controller.
<suppressed ~7 debug messages>

33.2. Executing OPT_MERGE pass (detect identical cells).
Finding identical cells in module `\pmu_controller'.
Removed a total of 0 cells.

33.3. Executing OPT_DFF pass (perform DFF optimizations).

33.4. Executing OPT_CLEAN pass (remove unused cells and wires).
Finding unused cells or wires in module \pmu_controller..
Removed 0 unused cells and 6 unused wires.
<suppressed ~1 debug messages>

33.5. Finished fast OPT passes.

34. Executing MEMORY_MAP pass (converting memories to logic and flip-flops).

35. Executing OPT pass (performing simple optimizations).

35.1. Executing OPT_EXPR pass (perform const folding).
Optimizing module pmu_controller.

35.2. Executing OPT_MERGE pass (detect identical cells).
Finding identical cells in module `\pmu_controller'.
Removed a total of 0 cells.

35.3. Executing OPT_MUXTREE pass (detect dead branches in mux trees).
Running muxtree optimizer on module \pmu_controller..
  Creating internal representation of mux trees.
  Evaluating internal representation of mux trees.
  Analyzing evaluation results.
Removed 0 multiplexer ports.
<suppressed ~1 debug messages>

35.4. Executing OPT_REDUCE pass (consolidate $*mux and $reduce_* inputs).
  Optimizing cells in module \pmu_controller.
    Consolidated identical input bits for $mux cell $procmux$53:
      Old ports: A=2'10, B=2'00, Y=$4\next_state[1:0]
      New ports: A=1'1, B=1'0, Y=$4\next_state[1:0] [1]
      New connections: $4\next_state[1:0] [0] = 1'0
    New ctrl vector for $pmux cell $procmux$71: { $procmux$11_CMP $auto$opt_reduce.cc:134:opt_pmux$101 }
  Optimizing cells in module \pmu_controller.
Performed a total of 2 changes.

35.5. Executing OPT_MERGE pass (detect identical cells).
Finding identical cells in module `\pmu_controller'.
<suppressed ~3 debug messages>
Removed a total of 1 cells.

35.6. Executing OPT_SHARE pass.

35.7. Executing OPT_DFF pass (perform DFF optimizations).

35.8. Executing OPT_CLEAN pass (remove unused cells and wires).
Finding unused cells or wires in module \pmu_controller..
Removed 0 unused cells and 1 unused wires.
<suppressed ~1 debug messages>

35.9. Executing OPT_EXPR pass (perform const folding).
Optimizing module pmu_controller.
<suppressed ~1 debug messages>

35.10. Rerunning OPT passes. (Maybe there is more to do..)

35.11. Executing OPT_MUXTREE pass (detect dead branches in mux trees).
Running muxtree optimizer on module \pmu_controller..
  Creating internal representation of mux trees.
  Evaluating internal representation of mux trees.
  Analyzing evaluation results.
Removed 0 multiplexer ports.
<suppressed ~1 debug messages>

35.12. Executing OPT_REDUCE pass (consolidate $*mux and $reduce_* inputs).
  Optimizing cells in module \pmu_controller.
Performed a total of 0 changes.

35.13. Executing OPT_MERGE pass (detect identical cells).
Finding identical cells in module `\pmu_controller'.
Removed a total of 0 cells.

35.14. Executing OPT_SHARE pass.

35.15. Executing OPT_DFF pass (perform DFF optimizations).

35.16. Executing OPT_CLEAN pass (remove unused cells and wires).
Finding unused cells or wires in module \pmu_controller..

35.17. Executing OPT_EXPR pass (perform const folding).
Optimizing module pmu_controller.

35.18. Finished OPT passes. (There is nothing left to do.)

36. Executing TECHMAP pass (map to technology primitives).

36.1. Executing Verilog-2005 frontend: /build/bin/../share/yosys/techmap.v
Parsing Verilog input from `/build/bin/../share/yosys/techmap.v' to AST representation.
Generating RTLIL representation for module `\_90_simplemap_bool_ops'.
Generating RTLIL representation for module `\_90_simplemap_reduce_ops'.
Generating RTLIL representation for module `\_90_simplemap_logic_ops'.
Generating RTLIL representation for module `\_90_simplemap_compare_ops'.
Generating RTLIL representation for module `\_90_simplemap_various'.
Generating RTLIL representation for module `\_90_simplemap_registers'.
Generating RTLIL representation for module `\_90_shift_ops_shr_shl_sshl_sshr'.
Generating RTLIL representation for module `\_90_shift_shiftx'.
Generating RTLIL representation for module `\_90_fa'.
Generating RTLIL representation for module `\_90_lcu'.
Generating RTLIL representation for module `\_90_alu'.
Generating RTLIL representation for module `\_90_macc'.
Generating RTLIL representation for module `\_90_alumacc'.
Generating RTLIL representation for module `\$__div_mod_u'.
Generating RTLIL representation for module `\$__div_mod_trunc'.
Generating RTLIL representation for module `\_90_div'.
Generating RTLIL representation for module `\_90_mod'.
Generating RTLIL representation for module `\$__div_mod_floor'.
Generating RTLIL representation for module `\_90_divfloor'.
Generating RTLIL representation for module `\_90_modfloor'.
Generating RTLIL representation for module `\_90_pow'.
Generating RTLIL representation for module `\_90_pmux'.
Generating RTLIL representation for module `\_90_demux'.
Generating RTLIL representation for module `\_90_lut'.
Successfully finished Verilog frontend.

36.2. Continuing TECHMAP pass.
Using extmapper simplemap for cells of type $reduce_or.
Using extmapper simplemap for cells of type $logic_not.
Using extmapper simplemap for cells of type $logic_and.
Using extmapper simplemap for cells of type $eq.
Using extmapper simplemap for cells of type $ne.
Using extmapper simplemap for cells of type $reduce_and.
Using extmapper simplemap for cells of type $not.
Using extmapper simplemap for cells of type $adffe.
Using template $paramod$521ce43182eecb9f60c72393a788160d2c356bf5\_90_pmux for cells of type $pmux.
Using extmapper simplemap for cells of type $mux.
Using extmapper simplemap for cells of type $and.
No more expansions possible.
<suppressed ~109 debug messages>

37. Executing OPT pass (performing simple optimizations).

37.1. Executing OPT_EXPR pass (perform const folding).
Optimizing module pmu_controller.
<suppressed ~28 debug messages>

37.2. Executing OPT_MERGE pass (detect identical cells).
Finding identical cells in module `\pmu_controller'.
<suppressed ~9 debug messages>
Removed a total of 3 cells.

37.3. Executing OPT_DFF pass (perform DFF optimizations).

37.4. Executing OPT_CLEAN pass (remove unused cells and wires).
Finding unused cells or wires in module \pmu_controller..
Removed 1 unused cells and 40 unused wires.
<suppressed ~2 debug messages>

37.5. Finished fast OPT passes.

38. Executing ABC pass (technology mapping using ABC).

38.1. Extracting gate netlist of module `\pmu_controller' to `<abc-temp-dir>/input.blif'..
Extracted 32 gates and 39 wires to a netlist network with 5 inputs and 5 outputs.

38.1.1. Executing ABC.
Running ABC command: "<yosys-exe-dir>/yosys-abc" -s -f <abc-temp-dir>/abc.script 2>&1
ABC: ABC command line: "source <abc-temp-dir>/abc.script".
ABC: 
ABC: + read_blif <abc-temp-dir>/input.blif 
ABC: + read_library <abc-temp-dir>/stdcells.genlib 
ABC: Entered genlib library with 13 gates from file "<abc-temp-dir>/stdcells.genlib".
ABC: + strash 
ABC: + dretime 
ABC: + map 
ABC: + write_blif <abc-temp-dir>/output.blif 

38.1.2. Re-integrating ABC results.
ABC RESULTS:               AND cells:        1
ABC RESULTS:             ORNOT cells:        1
ABC RESULTS:              NAND cells:        1
ABC RESULTS:               NOR cells:        3
ABC RESULTS:            ANDNOT cells:        7
ABC RESULTS:                OR cells:        8
ABC RESULTS:        internal signals:       29
ABC RESULTS:           input signals:        5
ABC RESULTS:          output signals:        5
Removing temp directory.

39. Executing OPT pass (performing simple optimizations).

39.1. Executing OPT_EXPR pass (perform const folding).
Optimizing module pmu_controller.

39.2. Executing OPT_MERGE pass (detect identical cells).
Finding identical cells in module `\pmu_controller'.
<suppressed ~6 debug messages>
Removed a total of 2 cells.

39.3. Executing OPT_DFF pass (perform DFF optimizations).

39.4. Executing OPT_CLEAN pass (remove unused cells and wires).
Finding unused cells or wires in module \pmu_controller..
Removed 0 unused cells and 36 unused wires.
<suppressed ~1 debug messages>

39.5. Finished fast OPT passes.

40. Executing HIERARCHY pass (managing design hierarchy).

40.1. Analyzing design hierarchy..
Top module:  \pmu_controller

40.2. Analyzing design hierarchy..
Top module:  \pmu_controller
Removed 0 unused modules.

41. Printing statistics.

=== pmu_controller ===

   Number of wires:                 26
   Number of wire bits:             29
   Number of public wires:          11
   Number of public wire bits:      14
   Number of memories:               0
   Number of memory bits:            0
   Number of processes:              0
   Number of cells:                 21
     $_ANDNOT_                       7
     $_AND_                          1
     $_DFFE_PN0P_                    2
     $_NAND_                         1
     $_NOR_                          3
     $_ORNOT_                        1
     $_OR_                           6

42. Executing CHECK pass (checking for obvious problems).
Checking module pmu_controller...
Found and reported 0 problems.

43. Generating Graphviz representation of design.
Writing dot description to `/openlane/designs/pmu_controller/runs/RUN_2026.04.28_12.48.54/tmp/synthesis/post_techmap.dot'.
Dumping module pmu_controller to page 1.

44. Executing SHARE pass (SAT-based resource sharing).

45. Executing OPT pass (performing simple optimizations).

45.1. Executing OPT_EXPR pass (perform const folding).
Optimizing module pmu_controller.

45.2. Executing OPT_MERGE pass (detect identical cells).
Finding identical cells in module `\pmu_controller'.
Removed a total of 0 cells.

45.3. Executing OPT_MUXTREE pass (detect dead branches in mux trees).
Running muxtree optimizer on module \pmu_controller..
  Creating internal representation of mux trees.
  No muxes found in this module.
Removed 0 multiplexer ports.

45.4. Executing OPT_REDUCE pass (consolidate $*mux and $reduce_* inputs).
  Optimizing cells in module \pmu_controller.
Performed a total of 0 changes.

45.5. Executing OPT_MERGE pass (detect identical cells).
Finding identical cells in module `\pmu_controller'.
Removed a total of 0 cells.

45.6. Executing OPT_DFF pass (perform DFF optimizations).

45.7. Executing OPT_CLEAN pass (remove unused cells and wires).
Finding unused cells or wires in module \pmu_controller..

45.8. Executing OPT_EXPR pass (perform const folding).
Optimizing module pmu_controller.

45.9. Finished OPT passes. (There is nothing left to do.)

46. Executing OPT_CLEAN pass (remove unused cells and wires).
Finding unused cells or wires in module \pmu_controller..
Removed 0 unused cells and 1 unused wires.
<suppressed ~1 debug messages>

47. Printing statistics.

=== pmu_controller ===

   Number of wires:                 25
   Number of wire bits:             27
   Number of public wires:          10
   Number of public wire bits:      12
   Number of memories:               0
   Number of memory bits:            0
   Number of processes:              0
   Number of cells:                 21
     $_ANDNOT_                       7
     $_AND_                          1
     $_DFFE_PN0P_                    2
     $_NAND_                         1
     $_NOR_                          3
     $_ORNOT_                        1
     $_OR_                           6

mapping tbuf

48. Executing TECHMAP pass (map to technology primitives).

48.1. Executing Verilog-2005 frontend: /home/mgangadhar/.ciel/sky130A/libs.tech/openlane/sky130_fd_sc_hd/tribuff_map.v
Parsing Verilog input from `/home/mgangadhar/.ciel/sky130A/libs.tech/openlane/sky130_fd_sc_hd/tribuff_map.v' to AST representation.
Generating RTLIL representation for module `\$_TBUF_'.
Successfully finished Verilog frontend.

48.2. Continuing TECHMAP pass.
No more expansions possible.
<suppressed ~3 debug messages>

49. Executing SIMPLEMAP pass (map simple cells to gate primitives).

50. Executing TECHMAP pass (map to technology primitives).

50.1. Executing Verilog-2005 frontend: /home/mgangadhar/.ciel/sky130A/libs.tech/openlane/sky130_fd_sc_hd/latch_map.v
Parsing Verilog input from `/home/mgangadhar/.ciel/sky130A/libs.tech/openlane/sky130_fd_sc_hd/latch_map.v' to AST representation.
Generating RTLIL representation for module `\$_DLATCH_P_'.
Generating RTLIL representation for module `\$_DLATCH_N_'.
Successfully finished Verilog frontend.

50.2. Continuing TECHMAP pass.
No more expansions possible.
<suppressed ~4 debug messages>

51. Executing SIMPLEMAP pass (map simple cells to gate primitives).

52. Executing DFFLIBMAP pass (mapping DFF cells to sequential cells from liberty file).
  cell sky130_fd_sc_hd__dfxtp_2 (noninv, pins=3, area=21.27) is a direct match for cell type $_DFF_P_.
  cell sky130_fd_sc_hd__dfrtp_2 (noninv, pins=4, area=26.28) is a direct match for cell type $_DFF_PN0_.
  cell sky130_fd_sc_hd__dfstp_2 (noninv, pins=4, area=26.28) is a direct match for cell type $_DFF_PN1_.
  cell sky130_fd_sc_hd__dfbbn_2 (noninv, pins=6, area=35.03) is a direct match for cell type $_DFFSR_NNN_.
  final dff cell mappings:
    unmapped dff cell: $_DFF_N_
    \sky130_fd_sc_hd__dfxtp_2 _DFF_P_ (.CLK( C), .D( D), .Q( Q));
    unmapped dff cell: $_DFF_NN0_
    unmapped dff cell: $_DFF_NN1_
    unmapped dff cell: $_DFF_NP0_
    unmapped dff cell: $_DFF_NP1_
    \sky130_fd_sc_hd__dfrtp_2 _DFF_PN0_ (.CLK( C), .D( D), .Q( Q), .RESET_B( R));
    \sky130_fd_sc_hd__dfstp_2 _DFF_PN1_ (.CLK( C), .D( D), .Q( Q), .SET_B( R));
    unmapped dff cell: $_DFF_PP0_
    unmapped dff cell: $_DFF_PP1_
    \sky130_fd_sc_hd__dfbbn_2 _DFFSR_NNN_ (.CLK_N( C), .D( D), .Q( Q), .Q_N(~Q), .RESET_B( R), .SET_B( S));
    unmapped dff cell: $_DFFSR_NNP_
    unmapped dff cell: $_DFFSR_NPN_
    unmapped dff cell: $_DFFSR_NPP_
    unmapped dff cell: $_DFFSR_PNN_
    unmapped dff cell: $_DFFSR_PNP_
    unmapped dff cell: $_DFFSR_PPN_
    unmapped dff cell: $_DFFSR_PPP_

52.1. Executing DFFLEGALIZE pass (convert FFs to types supported by the target).
Mapping DFF cells in module `\pmu_controller':
  mapped 2 $_DFF_PN0_ cells to \sky130_fd_sc_hd__dfrtp_2 cells.

53. Printing statistics.

=== pmu_controller ===

   Number of wires:                 27
   Number of wire bits:             29
   Number of public wires:          10
   Number of public wire bits:      12
   Number of memories:               0
   Number of memory bits:            0
   Number of processes:              0
   Number of cells:                 23
     $_ANDNOT_                       7
     $_AND_                          1
     $_MUX_                          2
     $_NAND_                         1
     $_NOR_                          3
     $_ORNOT_                        1
     $_OR_                           6
     sky130_fd_sc_hd__dfrtp_2        2

[INFO]: USING STRATEGY AREA 0

54. Executing ABC pass (technology mapping using ABC).

54.1. Extracting gate netlist of module `\pmu_controller' to `/tmp/yosys-abc-ZOKmAU/input.blif'..
Extracted 21 gates and 26 wires to a netlist network with 5 inputs and 4 outputs.

54.1.1. Executing ABC.
Running ABC command: "/build/bin/yosys-abc" -s -f /tmp/yosys-abc-ZOKmAU/abc.script 2>&1
ABC: ABC command line: "source /tmp/yosys-abc-ZOKmAU/abc.script".
ABC: 
ABC: + read_blif /tmp/yosys-abc-ZOKmAU/input.blif 
ABC: + read_lib -w /openlane/designs/pmu_controller/runs/RUN_2026.04.28_12.48.54/tmp/synthesis/trimmed.lib 
ABC: Parsing finished successfully.  Parsing time =     0.04 sec
ABC: Scl_LibertyReadGenlib() skipped sequential cell "sky130_fd_sc_hd__dfbbn_2".
ABC: Scl_LibertyReadGenlib() skipped sequential cell "sky130_fd_sc_hd__dfrbp_2".
ABC: Scl_LibertyReadGenlib() skipped sequential cell "sky130_fd_sc_hd__dfrtp_2".
ABC: Scl_LibertyReadGenlib() skipped sequential cell "sky130_fd_sc_hd__dfrtp_4".
ABC: Scl_LibertyReadGenlib() skipped sequential cell "sky130_fd_sc_hd__dfsbp_2".
ABC: Scl_LibertyReadGenlib() skipped sequential cell "sky130_fd_sc_hd__dfstp_2".
ABC: Scl_LibertyReadGenlib() skipped sequential cell "sky130_fd_sc_hd__dfstp_4".
ABC: Scl_LibertyReadGenlib() skipped sequential cell "sky130_fd_sc_hd__dfxbp_2".
ABC: Scl_LibertyReadGenlib() skipped sequential cell "sky130_fd_sc_hd__dfxtp_2".
ABC: Scl_LibertyReadGenlib() skipped sequential cell "sky130_fd_sc_hd__dfxtp_4".
ABC: Scl_LibertyReadGenlib() skipped sequential cell "sky130_fd_sc_hd__dlxtn_1".
ABC: Scl_LibertyReadGenlib() skipped sequential cell "sky130_fd_sc_hd__dlxtn_2".
ABC: Scl_LibertyReadGenlib() skipped sequential cell "sky130_fd_sc_hd__dlxtn_4".
ABC: Scl_LibertyReadGenlib() skipped sequential cell "sky130_fd_sc_hd__dlxtp_1".
ABC: Scl_LibertyReadGenlib() skipped three-state cell "sky130_fd_sc_hd__ebufn_2".
ABC: Scl_LibertyReadGenlib() skipped three-state cell "sky130_fd_sc_hd__ebufn_4".
ABC: Scl_LibertyReadGenlib() skipped three-state cell "sky130_fd_sc_hd__ebufn_8".
ABC: Library "sky130A_merged" from "/openlane/designs/pmu_controller/runs/RUN_2026.04.28_12.48.54/tmp/synthesis/trimmed.lib" has 175 cells (17 skipped: 14 seq; 3 tri-state; 0 no func; 0 dont_use).  Time =     0.06 sec
ABC: Memory =    9.54 MB. Time =     0.06 sec
ABC: Warning: Detected 2 multi-output gates (for example, "sky130_fd_sc_hd__fa_1").
ABC: + read_constr -v /openlane/designs/pmu_controller/runs/RUN_2026.04.28_12.48.54/tmp/synthesis/synthesis.sdc 
ABC: Setting driving cell to be "sky130_fd_sc_hd__inv_2".
ABC: Setting output load to be 33.442001.
ABC: + read_constr /openlane/designs/pmu_controller/runs/RUN_2026.04.28_12.48.54/tmp/synthesis/synthesis.sdc 
ABC: + fx 
ABC: + mfs 
ABC: + strash 
ABC: + refactor 
ABC: + balance 
ABC: + rewrite 
ABC: + refactor 
ABC: + balance 
ABC: + rewrite 
ABC: + rewrite -z 
ABC: + balance 
ABC: + refactor -z 
ABC: + rewrite -z 
ABC: + balance 
ABC: + retime -D -D 10000.0 -M 5 
ABC: + scleanup 
ABC: Error: The network is combinational.
ABC: + fraig_store 
ABC: + balance 
ABC: + fraig_store 
ABC: + balance 
ABC: + rewrite 
ABC: + refactor 
ABC: + balance 
ABC: + rewrite 
ABC: + rewrite -z 
ABC: + balance 
ABC: + refactor -z 
ABC: + rewrite -z 
ABC: + balance 
ABC: + fraig_store 
ABC: + balance 
ABC: + rewrite 
ABC: + refactor 
ABC: + balance 
ABC: + rewrite 
ABC: + rewrite -z 
ABC: + balance 
ABC: + refactor -z 
ABC: + rewrite -z 
ABC: + balance 
ABC: + fraig_store 
ABC: + balance 
ABC: + rewrite 
ABC: + refactor 
ABC: + balance 
ABC: + rewrite 
ABC: + rewrite -z 
ABC: + balance 
ABC: + refactor -z 
ABC: + rewrite -z 
ABC: + balance 
ABC: + fraig_store 
ABC: + fraig_restore 
ABC: + amap -m -Q 0.1 -F 20 -A 20 -C 5000 
ABC: + retime -D -D 10000.0 
ABC: + &get -n 
ABC: + &st 
ABC: + &dch 
ABC: + &nf 
ABC: + &put 
ABC: + buffer -N 10 -S 750.0 
ABC: + upsize -D 10000.0 
ABC: Current delay (695.98 ps) does not exceed the target delay (10000.00 ps). Upsizing is not performed.
ABC: + dnsize -D 10000.0 
ABC: + stime -p 
ABC: WireLoad = "none"  Gates =     10 ( 30.0 %)   Cap = 12.8 ff (  7.5 %)   Area =       77.57 ( 70.0 %)   Delay =   688.60 ps  ( 20.0 %)               
ABC: Path  0 --       3 : 0    3 pi                       A =   0.00  Df =  27.0  -15.3 ps  S =  43.0 ps  Cin =  0.0 ff  Cout =   7.8 ff  Cmax =   0.0 ff  G =    0  
ABC: Path  1 --      14 : 2    1 sky130_fd_sc_hd__or2b_2  A =   8.76  Df = 305.6 -153.8 ps  S =  49.8 ps  Cin =  1.6 ff  Cout =   2.5 ff  Cmax = 312.2 ff  G =  150  
ABC: Path  2 --      17 : 4    1 sky130_fd_sc_hd__a211o_2 A =  10.01  Df = 688.6 -278.0 ps  S = 166.3 ps  Cin =  2.4 ff  Cout =  33.4 ff  Cmax = 325.0 ff  G = 1421  
ABC: Start-point = pi2 (\app_idle).  End-point = po2 ($auto$rtlil.cc:2607:MuxGate$330).
ABC: + print_stats -m 
ABC: netlist                       : i/o =    5/    4  lat =    0  nd =    10  edge =     22  area =77.57  delay = 2.00  lev = 2
ABC: + write_blif /tmp/yosys-abc-ZOKmAU/output.blif 

54.1.2. Re-integrating ABC results.
ABC RESULTS:   sky130_fd_sc_hd__or2_2 cells:        1
ABC RESULTS:   sky130_fd_sc_hd__buf_1 cells:        3
ABC RESULTS:   sky130_fd_sc_hd__or2b_2 cells:        1
ABC RESULTS:   sky130_fd_sc_hd__and2b_2 cells:        1
ABC RESULTS:   sky130_fd_sc_hd__nor3b_2 cells:        1
ABC RESULTS:   sky130_fd_sc_hd__a211o_2 cells:        1
ABC RESULTS:   sky130_fd_sc_hd__a21oi_2 cells:        1
ABC RESULTS:   sky130_fd_sc_hd__o21bai_2 cells:        1
ABC RESULTS:        internal signals:       17
ABC RESULTS:           input signals:        5
ABC RESULTS:          output signals:        4
Removing temp directory.

55. Executing SETUNDEF pass (replace undef values with defined constants).

56. Executing HILOMAP pass (mapping to constant drivers).

57. Executing SPLITNETS pass (splitting up multi-bit signals).

58. Executing OPT_CLEAN pass (remove unused cells and wires).
Finding unused cells or wires in module \pmu_controller..
Removed 0 unused cells and 26 unused wires.
<suppressed ~3 debug messages>

59. Executing INSBUF pass (insert buffer cells for connected wires).
Add pmu_controller/$auto$insbuf.cc:97:execute$344: \isolation_en -> \pwr_gate_en

60. Executing CHECK pass (checking for obvious problems).
Checking module pmu_controller...
Warning: Wire pmu_controller.\pwr_gate_en is used but has no driver.
Warning: Wire pmu_controller.\isolation_en is used but has no driver.
Warning: Wire pmu_controller.\current_state [1] is used but has no driver.
Warning: Wire pmu_controller.\current_state [0] is used but has no driver.
Warning: Wire pmu_controller.\clk_gate_en is used but has no driver.
Found and reported 5 problems.

61. Printing statistics.

=== pmu_controller ===

   Number of wires:                 17
   Number of wire bits:             18
   Number of public wires:           9
   Number of public wire bits:      10
   Number of memories:               0
   Number of memory bits:            0
   Number of processes:              0
   Number of cells:                 13
     sky130_fd_sc_hd__a211o_2        1
     sky130_fd_sc_hd__a21oi_2        1
     sky130_fd_sc_hd__and2b_2        1
     sky130_fd_sc_hd__buf_1          3
     sky130_fd_sc_hd__buf_2          1
     sky130_fd_sc_hd__dfrtp_2        2
     sky130_fd_sc_hd__nor3b_2        1
     sky130_fd_sc_hd__o21bai_2       1
     sky130_fd_sc_hd__or2_2          1
     sky130_fd_sc_hd__or2b_2         1

   Chip area for module '\pmu_controller': 135.129600

62. Executing Verilog backend.
Dumping module `\pmu_controller'.

Warnings: 5 unique messages, 5 total
End of script. Logfile hash: ac0be71893, CPU: user 0.27s system 0.03s, MEM: 28.38 MB peak
Yosys 0.30+48 (git sha1 14d50a176d5, gcc 8.3.1 -fPIC -Os)
Time spent: 43% 2x abc (0 sec), 21% 1x dfflibmap (0 sec), ...
