OpenSTA 2.4.0 41a51eaf4c Copyright (c) 2021, Parallax Software, Inc.
License GPLv3: GNU GPL version 3 <http://gnu.org/licenses/gpl.html>

This is free software, and you are free to change and redistribute it
under certain conditions; type `show_copying' for details. 
This program comes with ABSOLUTELY NO WARRANTY; for details type `show_warranty'.
define_corners Typical
read_liberty -corner Typical /home/mgangadhar/.ciel/sky130A/libs.ref/sky130_fd_sc_hd/lib/sky130_fd_sc_hd__tt_025C_1v80.lib
Using 1e-12 for capacitance...
Using 1e+03 for resistance...
Using 1e-09 for time...
Using 1e+00 for voltage...
Using 1e-03 for current...
Using 1e-09 for power...
Using 1e-06 for distance...
Reading netlist '/openlane/designs/pmu_controller/runs/RUN_2026.04.28_12.48.54/results/synthesis/pmu_controller.v'…
Reading design constraints file at '/openlane/scripts/base.sdc'…
[INFO]: Setting output delay to: 2.0
[INFO]: Setting input delay to: 2.0
[INFO]: Setting load to: 0.033442
[INFO]: Setting clock uncertainty to: 0.25
[INFO]: Setting clock transition to: 0.15
[INFO]: Setting timing derate to: 5.0 %
min_report

===========================================================================
report_checks -path_delay min (Hold)
============================================================================
======================= Typical Corner ===================================

Startpoint: _19_ (rising edge-triggered flip-flop clocked by clk)
Endpoint: _19_ (rising edge-triggered flip-flop clocked by clk)
Path Group: clk
Path Type: min

Fanout     Cap    Slew   Delay    Time   Description
-----------------------------------------------------------------------------
                  0.15    0.00    0.00   clock clk (rise edge)
                          0.00    0.00   clock network delay (ideal)
                  0.15    0.00    0.00 ^ _19_/CLK (sky130_fd_sc_hd__dfrtp_2)
                  0.24    0.51    0.51 ^ _19_/Q (sky130_fd_sc_hd__dfrtp_2)
     6    0.05                           current_state[1] (net)
                  0.24    0.00    0.51 ^ _16_/B1 (sky130_fd_sc_hd__a21oi_2)
                  0.03    0.05    0.56 v _16_/Y (sky130_fd_sc_hd__a21oi_2)
     1    0.00                           _07_ (net)
                  0.03    0.00    0.56 v _17_/A2 (sky130_fd_sc_hd__o21bai_2)
                  0.04    0.08    0.64 ^ _17_/Y (sky130_fd_sc_hd__o21bai_2)
     1    0.00                           _01_ (net)
                  0.04    0.00    0.64 ^ _19_/D (sky130_fd_sc_hd__dfrtp_2)
                                  0.64   data arrival time

                  0.15    0.00    0.00   clock clk (rise edge)
                          0.00    0.00   clock network delay (ideal)
                          0.25    0.25   clock uncertainty
                          0.00    0.25   clock reconvergence pessimism
                                  0.25 ^ _19_/CLK (sky130_fd_sc_hd__dfrtp_2)
                         -0.02    0.23   library hold time
                                  0.23   data required time
-----------------------------------------------------------------------------
                                  0.23   data required time
                                 -0.64   data arrival time
-----------------------------------------------------------------------------
                                  0.41   slack (MET)


Startpoint: _19_ (rising edge-triggered flip-flop clocked by clk)
Endpoint: _18_ (rising edge-triggered flip-flop clocked by clk)
Path Group: clk
Path Type: min

Fanout     Cap    Slew   Delay    Time   Description
-----------------------------------------------------------------------------
                  0.15    0.00    0.00   clock clk (rise edge)
                          0.00    0.00   clock network delay (ideal)
                  0.15    0.00    0.00 ^ _19_/CLK (sky130_fd_sc_hd__dfrtp_2)
                  0.24    0.51    0.51 ^ _19_/Q (sky130_fd_sc_hd__dfrtp_2)
     6    0.05                           current_state[1] (net)
                  0.24    0.00    0.51 ^ _12_/A (sky130_fd_sc_hd__or2b_2)
                  0.03    0.14    0.65 ^ _12_/X (sky130_fd_sc_hd__or2b_2)
     1    0.00                           _04_ (net)
                  0.03    0.00    0.65 ^ _15_/A1 (sky130_fd_sc_hd__a211o_2)
                  0.02    0.09    0.74 ^ _15_/X (sky130_fd_sc_hd__a211o_2)
     1    0.00                           _00_ (net)
                  0.02    0.00    0.74 ^ _18_/D (sky130_fd_sc_hd__dfrtp_2)
                                  0.74   data arrival time

                  0.15    0.00    0.00   clock clk (rise edge)
                          0.00    0.00   clock network delay (ideal)
                          0.25    0.25   clock uncertainty
                          0.00    0.25   clock reconvergence pessimism
                                  0.25 ^ _18_/CLK (sky130_fd_sc_hd__dfrtp_2)
                         -0.02    0.23   library hold time
                                  0.23   data required time
-----------------------------------------------------------------------------
                                  0.23   data required time
                                 -0.74   data arrival time
-----------------------------------------------------------------------------
                                  0.51   slack (MET)


Startpoint: reset_n (input port clocked by clk)
Endpoint: _18_ (removal check against rising-edge clock clk)
Path Group: asynchronous
Path Type: min

Fanout     Cap    Slew   Delay    Time   Description
-----------------------------------------------------------------------------
                  0.15    0.00    0.00   clock clk (rise edge)
                          0.00    0.00   clock network delay (ideal)
                          2.00    2.00 ^ input external delay
                  0.04    0.02    2.02 ^ reset_n (in)
     2    0.01                           reset_n (net)
                  0.04    0.00    2.02 ^ _18_/RESET_B (sky130_fd_sc_hd__dfrtp_2)
                                  2.02   data arrival time

                  0.15    0.00    0.00   clock clk (rise edge)
                          0.00    0.00   clock network delay (ideal)
                          0.25    0.25   clock uncertainty
                          0.00    0.25   clock reconvergence pessimism
                                  0.25 ^ _18_/CLK (sky130_fd_sc_hd__dfrtp_2)
                          0.35    0.60   library removal time
                                  0.60   data required time
-----------------------------------------------------------------------------
                                  0.60   data required time
                                 -2.02   data arrival time
-----------------------------------------------------------------------------
                                  1.43   slack (MET)


Startpoint: reset_n (input port clocked by clk)
Endpoint: _19_ (removal check against rising-edge clock clk)
Path Group: asynchronous
Path Type: min

Fanout     Cap    Slew   Delay    Time   Description
-----------------------------------------------------------------------------
                  0.15    0.00    0.00   clock clk (rise edge)
                          0.00    0.00   clock network delay (ideal)
                          2.00    2.00 ^ input external delay
                  0.04    0.02    2.02 ^ reset_n (in)
     2    0.01                           reset_n (net)
                  0.04    0.00    2.02 ^ _19_/RESET_B (sky130_fd_sc_hd__dfrtp_2)
                                  2.02   data arrival time

                  0.15    0.00    0.00   clock clk (rise edge)
                          0.00    0.00   clock network delay (ideal)
                          0.25    0.25   clock uncertainty
                          0.00    0.25   clock reconvergence pessimism
                                  0.25 ^ _19_/CLK (sky130_fd_sc_hd__dfrtp_2)
                          0.35    0.60   library removal time
                                  0.60   data required time
-----------------------------------------------------------------------------
                                  0.60   data required time
                                 -2.02   data arrival time
-----------------------------------------------------------------------------
                                  1.43   slack (MET)


Startpoint: _18_ (rising edge-triggered flip-flop clocked by clk)
Endpoint: current_state[0] (output port clocked by clk)
Path Group: clk
Path Type: min

Fanout     Cap    Slew   Delay    Time   Description
-----------------------------------------------------------------------------
                  0.15    0.00    0.00   clock clk (rise edge)
                          0.00    0.00   clock network delay (ideal)
                  0.15    0.00    0.00 ^ _18_/CLK (sky130_fd_sc_hd__dfrtp_2)
                  0.23    0.50    0.50 ^ _18_/Q (sky130_fd_sc_hd__dfrtp_2)
     5    0.05                           current_state[0] (net)
                  0.23    0.00    0.50 ^ current_state[0] (out)
                                  0.50   data arrival time

                  0.15    0.00    0.00   clock clk (rise edge)
                          0.00    0.00   clock network delay (ideal)
                          0.25    0.25   clock uncertainty
                          0.00    0.25   clock reconvergence pessimism
                         -2.00   -1.75   output external delay
                                 -1.75   data required time
-----------------------------------------------------------------------------
                                 -1.75   data required time
                                 -0.50   data arrival time
-----------------------------------------------------------------------------
                                  2.25   slack (MET)


Startpoint: _19_ (rising edge-triggered flip-flop clocked by clk)
Endpoint: current_state[1] (output port clocked by clk)
Path Group: clk
Path Type: min

Fanout     Cap    Slew   Delay    Time   Description
-----------------------------------------------------------------------------
                  0.15    0.00    0.00   clock clk (rise edge)
                          0.00    0.00   clock network delay (ideal)
                  0.15    0.00    0.00 ^ _19_/CLK (sky130_fd_sc_hd__dfrtp_2)
                  0.14    0.51    0.51 v _19_/Q (sky130_fd_sc_hd__dfrtp_2)
     6    0.05                           current_state[1] (net)
                  0.14    0.00    0.51 v current_state[1] (out)
                                  0.51   data arrival time

                  0.15    0.00    0.00   clock clk (rise edge)
                          0.00    0.00   clock network delay (ideal)
                          0.25    0.25   clock uncertainty
                          0.00    0.25   clock reconvergence pessimism
                         -2.00   -1.75   output external delay
                                 -1.75   data required time
-----------------------------------------------------------------------------
                                 -1.75   data required time
                                 -0.51   data arrival time
-----------------------------------------------------------------------------
                                  2.26   slack (MET)


Startpoint: _19_ (rising edge-triggered flip-flop clocked by clk)
Endpoint: isolation_en (output port clocked by clk)
Path Group: clk
Path Type: min

Fanout     Cap    Slew   Delay    Time   Description
-----------------------------------------------------------------------------
                  0.15    0.00    0.00   clock clk (rise edge)
                          0.00    0.00   clock network delay (ideal)
                  0.15    0.00    0.00 ^ _19_/CLK (sky130_fd_sc_hd__dfrtp_2)
                  0.14    0.51    0.51 v _19_/Q (sky130_fd_sc_hd__dfrtp_2)
     6    0.05                           current_state[1] (net)
                  0.14    0.00    0.51 v _08_/A (sky130_fd_sc_hd__buf_1)
                  0.02    0.12    0.62 v _08_/X (sky130_fd_sc_hd__buf_1)
     1    0.00                           _02_ (net)
                  0.02    0.00    0.62 v _09_/A (sky130_fd_sc_hd__buf_1)
                  0.20    0.21    0.83 v _09_/X (sky130_fd_sc_hd__buf_1)
     2    0.04                           isolation_en (net)
                  0.20    0.00    0.83 v isolation_en (out)
                                  0.83   data arrival time

                  0.15    0.00    0.00   clock clk (rise edge)
                          0.00    0.00   clock network delay (ideal)
                          0.25    0.25   clock uncertainty
                          0.00    0.25   clock reconvergence pessimism
                         -2.00   -1.75   output external delay
                                 -1.75   data required time
-----------------------------------------------------------------------------
                                 -1.75   data required time
                                 -0.83   data arrival time
-----------------------------------------------------------------------------
                                  2.58   slack (MET)


Startpoint: _18_ (rising edge-triggered flip-flop clocked by clk)
Endpoint: clk_gate_en (output port clocked by clk)
Path Group: clk
Path Type: min

Fanout     Cap    Slew   Delay    Time   Description
-----------------------------------------------------------------------------
                  0.15    0.00    0.00   clock clk (rise edge)
                          0.00    0.00   clock network delay (ideal)
                  0.15    0.00    0.00 ^ _18_/CLK (sky130_fd_sc_hd__dfrtp_2)
                  0.23    0.50    0.50 ^ _18_/Q (sky130_fd_sc_hd__dfrtp_2)
     5    0.05                           current_state[0] (net)
                  0.23    0.00    0.50 ^ _10_/B (sky130_fd_sc_hd__or2_2)
                  0.03    0.14    0.64 ^ _10_/X (sky130_fd_sc_hd__or2_2)
     1    0.00                           _03_ (net)
                  0.03    0.00    0.64 ^ _11_/A (sky130_fd_sc_hd__buf_1)
                  0.40    0.30    0.94 ^ _11_/X (sky130_fd_sc_hd__buf_1)
     1    0.03                           clk_gate_en (net)
                  0.40    0.00    0.94 ^ clk_gate_en (out)
                                  0.94   data arrival time

                  0.15    0.00    0.00   clock clk (rise edge)
                          0.00    0.00   clock network delay (ideal)
                          0.25    0.25   clock uncertainty
                          0.00    0.25   clock reconvergence pessimism
                         -2.00   -1.75   output external delay
                                 -1.75   data required time
-----------------------------------------------------------------------------
                                 -1.75   data required time
                                 -0.94   data arrival time
-----------------------------------------------------------------------------
                                  2.69   slack (MET)


Startpoint: _19_ (rising edge-triggered flip-flop clocked by clk)
Endpoint: pwr_gate_en (output port clocked by clk)
Path Group: clk
Path Type: min

Fanout     Cap    Slew   Delay    Time   Description
-----------------------------------------------------------------------------
                  0.15    0.00    0.00   clock clk (rise edge)
                          0.00    0.00   clock network delay (ideal)
                  0.15    0.00    0.00 ^ _19_/CLK (sky130_fd_sc_hd__dfrtp_2)
                  0.14    0.51    0.51 v _19_/Q (sky130_fd_sc_hd__dfrtp_2)
     6    0.05                           current_state[1] (net)
                  0.14    0.00    0.51 v _08_/A (sky130_fd_sc_hd__buf_1)
                  0.02    0.12    0.62 v _08_/X (sky130_fd_sc_hd__buf_1)
     1    0.00                           _02_ (net)
                  0.02    0.00    0.62 v _09_/A (sky130_fd_sc_hd__buf_1)
                  0.20    0.21    0.83 v _09_/X (sky130_fd_sc_hd__buf_1)
     2    0.04                           isolation_en (net)
                  0.20    0.00    0.83 v _20_/A (sky130_fd_sc_hd__buf_2)
                  0.09    0.24    1.06 v _20_/X (sky130_fd_sc_hd__buf_2)
     1    0.03                           pwr_gate_en (net)
                  0.09    0.00    1.06 v pwr_gate_en (out)
                                  1.06   data arrival time

                  0.15    0.00    0.00   clock clk (rise edge)
                          0.00    0.00   clock network delay (ideal)
                          0.25    0.25   clock uncertainty
                          0.00    0.25   clock reconvergence pessimism
                         -2.00   -1.75   output external delay
                                 -1.75   data required time
-----------------------------------------------------------------------------
                                 -1.75   data required time
                                 -1.06   data arrival time
-----------------------------------------------------------------------------
                                  2.81   slack (MET)



min_report_end
max_report

===========================================================================
report_checks -path_delay max (Setup)
============================================================================
======================= Typical Corner ===================================

Startpoint: _19_ (rising edge-triggered flip-flop clocked by clk)
Endpoint: pwr_gate_en (output port clocked by clk)
Path Group: clk
Path Type: max

Fanout     Cap    Slew   Delay    Time   Description
-----------------------------------------------------------------------------
                  0.15    0.00    0.00   clock clk (rise edge)
                          0.00    0.00   clock network delay (ideal)
                  0.15    0.00    0.00 ^ _19_/CLK (sky130_fd_sc_hd__dfrtp_2)
                  0.24    0.56    0.56 ^ _19_/Q (sky130_fd_sc_hd__dfrtp_2)
     6    0.05                           current_state[1] (net)
                  0.24    0.00    0.56 ^ _08_/A (sky130_fd_sc_hd__buf_1)
                  0.04    0.12    0.68 ^ _08_/X (sky130_fd_sc_hd__buf_1)
     1    0.00                           _02_ (net)
                  0.04    0.00    0.68 ^ _09_/A (sky130_fd_sc_hd__buf_1)
                  0.42    0.35    1.03 ^ _09_/X (sky130_fd_sc_hd__buf_1)
     2    0.04                           isolation_en (net)
                  0.42    0.00    1.03 ^ _20_/A (sky130_fd_sc_hd__buf_2)
                  0.17    0.30    1.33 ^ _20_/X (sky130_fd_sc_hd__buf_2)
     1    0.03                           pwr_gate_en (net)
                  0.17    0.00    1.33 ^ pwr_gate_en (out)
                                  1.33   data arrival time

                  0.15   10.00   10.00   clock clk (rise edge)
                          0.00   10.00   clock network delay (ideal)
                         -0.25    9.75   clock uncertainty
                          0.00    9.75   clock reconvergence pessimism
                         -2.00    7.75   output external delay
                                  7.75   data required time
-----------------------------------------------------------------------------
                                  7.75   data required time
                                 -1.33   data arrival time
-----------------------------------------------------------------------------
                                  6.42   slack (MET)


Startpoint: _19_ (rising edge-triggered flip-flop clocked by clk)
Endpoint: clk_gate_en (output port clocked by clk)
Path Group: clk
Path Type: max

Fanout     Cap    Slew   Delay    Time   Description
-----------------------------------------------------------------------------
                  0.15    0.00    0.00   clock clk (rise edge)
                          0.00    0.00   clock network delay (ideal)
                  0.15    0.00    0.00 ^ _19_/CLK (sky130_fd_sc_hd__dfrtp_2)
                  0.14    0.56    0.56 v _19_/Q (sky130_fd_sc_hd__dfrtp_2)
     6    0.05                           current_state[1] (net)
                  0.14    0.00    0.56 v _10_/A (sky130_fd_sc_hd__or2_2)
                  0.05    0.33    0.89 v _10_/X (sky130_fd_sc_hd__or2_2)
     1    0.00                           _03_ (net)
                  0.05    0.00    0.89 v _11_/A (sky130_fd_sc_hd__buf_1)
                  0.19    0.23    1.12 v _11_/X (sky130_fd_sc_hd__buf_1)
     1    0.03                           clk_gate_en (net)
                  0.19    0.00    1.12 v clk_gate_en (out)
                                  1.12   data arrival time

                  0.15   10.00   10.00   clock clk (rise edge)
                          0.00   10.00   clock network delay (ideal)
                         -0.25    9.75   clock uncertainty
                          0.00    9.75   clock reconvergence pessimism
                         -2.00    7.75   output external delay
                                  7.75   data required time
-----------------------------------------------------------------------------
                                  7.75   data required time
                                 -1.12   data arrival time
-----------------------------------------------------------------------------
                                  6.63   slack (MET)


Startpoint: _19_ (rising edge-triggered flip-flop clocked by clk)
Endpoint: isolation_en (output port clocked by clk)
Path Group: clk
Path Type: max

Fanout     Cap    Slew   Delay    Time   Description
-----------------------------------------------------------------------------
                  0.15    0.00    0.00   clock clk (rise edge)
                          0.00    0.00   clock network delay (ideal)
                  0.15    0.00    0.00 ^ _19_/CLK (sky130_fd_sc_hd__dfrtp_2)
                  0.24    0.56    0.56 ^ _19_/Q (sky130_fd_sc_hd__dfrtp_2)
     6    0.05                           current_state[1] (net)
                  0.24    0.00    0.56 ^ _08_/A (sky130_fd_sc_hd__buf_1)
                  0.04    0.12    0.68 ^ _08_/X (sky130_fd_sc_hd__buf_1)
     1    0.00                           _02_ (net)
                  0.04    0.00    0.68 ^ _09_/A (sky130_fd_sc_hd__buf_1)
                  0.42    0.35    1.03 ^ _09_/X (sky130_fd_sc_hd__buf_1)
     2    0.04                           isolation_en (net)
                  0.42    0.00    1.03 ^ isolation_en (out)
                                  1.03   data arrival time

                  0.15   10.00   10.00   clock clk (rise edge)
                          0.00   10.00   clock network delay (ideal)
                         -0.25    9.75   clock uncertainty
                          0.00    9.75   clock reconvergence pessimism
                         -2.00    7.75   output external delay
                                  7.75   data required time
-----------------------------------------------------------------------------
                                  7.75   data required time
                                 -1.03   data arrival time
-----------------------------------------------------------------------------
                                  6.72   slack (MET)


Startpoint: app_idle (input port clocked by clk)
Endpoint: _18_ (rising edge-triggered flip-flop clocked by clk)
Path Group: clk
Path Type: max

Fanout     Cap    Slew   Delay    Time   Description
-----------------------------------------------------------------------------
                  0.15    0.00    0.00   clock clk (rise edge)
                          0.00    0.00   clock network delay (ideal)
                          2.00    2.00 ^ input external delay
                  0.04    0.03    2.03 ^ app_idle (in)
     3    0.01                           app_idle (net)
                  0.04    0.00    2.03 ^ _12_/B_N (sky130_fd_sc_hd__or2b_2)
                  0.05    0.29    2.32 v _12_/X (sky130_fd_sc_hd__or2b_2)
     1    0.00                           _04_ (net)
                  0.05    0.00    2.32 v _15_/A1 (sky130_fd_sc_hd__a211o_2)
                  0.04    0.30    2.62 v _15_/X (sky130_fd_sc_hd__a211o_2)
     1    0.00                           _00_ (net)
                  0.04    0.00    2.62 v _18_/D (sky130_fd_sc_hd__dfrtp_2)
                                  2.62   data arrival time

                  0.15   10.00   10.00   clock clk (rise edge)
                          0.00   10.00   clock network delay (ideal)
                         -0.25    9.75   clock uncertainty
                          0.00    9.75   clock reconvergence pessimism
                                  9.75 ^ _18_/CLK (sky130_fd_sc_hd__dfrtp_2)
                         -0.09    9.66   library setup time
                                  9.66   data required time
-----------------------------------------------------------------------------
                                  9.66   data required time
                                 -2.62   data arrival time
-----------------------------------------------------------------------------
                                  7.04   slack (MET)


Startpoint: _19_ (rising edge-triggered flip-flop clocked by clk)
Endpoint: current_state[1] (output port clocked by clk)
Path Group: clk
Path Type: max

Fanout     Cap    Slew   Delay    Time   Description
-----------------------------------------------------------------------------
                  0.15    0.00    0.00   clock clk (rise edge)
                          0.00    0.00   clock network delay (ideal)
                  0.15    0.00    0.00 ^ _19_/CLK (sky130_fd_sc_hd__dfrtp_2)
                  0.24    0.56    0.56 ^ _19_/Q (sky130_fd_sc_hd__dfrtp_2)
     6    0.05                           current_state[1] (net)
                  0.24    0.00    0.56 ^ current_state[1] (out)
                                  0.56   data arrival time

                  0.15   10.00   10.00   clock clk (rise edge)
                          0.00   10.00   clock network delay (ideal)
                         -0.25    9.75   clock uncertainty
                          0.00    9.75   clock reconvergence pessimism
                         -2.00    7.75   output external delay
                                  7.75   data required time
-----------------------------------------------------------------------------
                                  7.75   data required time
                                 -0.56   data arrival time
-----------------------------------------------------------------------------
                                  7.19   slack (MET)


Startpoint: _18_ (rising edge-triggered flip-flop clocked by clk)
Endpoint: current_state[0] (output port clocked by clk)
Path Group: clk
Path Type: max

Fanout     Cap    Slew   Delay    Time   Description
-----------------------------------------------------------------------------
                  0.15    0.00    0.00   clock clk (rise edge)
                          0.00    0.00   clock network delay (ideal)
                  0.15    0.00    0.00 ^ _18_/CLK (sky130_fd_sc_hd__dfrtp_2)
                  0.13    0.55    0.55 v _18_/Q (sky130_fd_sc_hd__dfrtp_2)
     5    0.04                           current_state[0] (net)
                  0.13    0.00    0.55 v current_state[0] (out)
                                  0.55   data arrival time

                  0.15   10.00   10.00   clock clk (rise edge)
                          0.00   10.00   clock network delay (ideal)
                         -0.25    9.75   clock uncertainty
                          0.00    9.75   clock reconvergence pessimism
                         -2.00    7.75   output external delay
                                  7.75   data required time
-----------------------------------------------------------------------------
                                  7.75   data required time
                                 -0.55   data arrival time
-----------------------------------------------------------------------------
                                  7.20   slack (MET)


Startpoint: app_idle (input port clocked by clk)
Endpoint: _19_ (rising edge-triggered flip-flop clocked by clk)
Path Group: clk
Path Type: max

Fanout     Cap    Slew   Delay    Time   Description
-----------------------------------------------------------------------------
                  0.15    0.00    0.00   clock clk (rise edge)
                          0.00    0.00   clock network delay (ideal)
                          2.00    2.00 v input external delay
                  0.02    0.01    2.01 v app_idle (in)
     3    0.01                           app_idle (net)
                  0.02    0.00    2.01 v _16_/A2 (sky130_fd_sc_hd__a21oi_2)
                  0.10    0.13    2.14 ^ _16_/Y (sky130_fd_sc_hd__a21oi_2)
     1    0.00                           _07_ (net)
                  0.10    0.00    2.14 ^ _17_/A2 (sky130_fd_sc_hd__o21bai_2)
                  0.04    0.06    2.20 v _17_/Y (sky130_fd_sc_hd__o21bai_2)
     1    0.00                           _01_ (net)
                  0.04    0.00    2.20 v _19_/D (sky130_fd_sc_hd__dfrtp_2)
                                  2.20   data arrival time

                  0.15   10.00   10.00   clock clk (rise edge)
                          0.00   10.00   clock network delay (ideal)
                         -0.25    9.75   clock uncertainty
                          0.00    9.75   clock reconvergence pessimism
                                  9.75 ^ _19_/CLK (sky130_fd_sc_hd__dfrtp_2)
                         -0.09    9.66   library setup time
                                  9.66   data required time
-----------------------------------------------------------------------------
                                  9.66   data required time
                                 -2.20   data arrival time
-----------------------------------------------------------------------------
                                  7.46   slack (MET)


Startpoint: reset_n (input port clocked by clk)
Endpoint: _18_ (recovery check against rising-edge clock clk)
Path Group: asynchronous
Path Type: max

Fanout     Cap    Slew   Delay    Time   Description
-----------------------------------------------------------------------------
                  0.15    0.00    0.00   clock clk (rise edge)
                          0.00    0.00   clock network delay (ideal)
                          2.00    2.00 ^ input external delay
                  0.04    0.03    2.03 ^ reset_n (in)
     2    0.01                           reset_n (net)
                  0.04    0.00    2.03 ^ _18_/RESET_B (sky130_fd_sc_hd__dfrtp_2)
                                  2.03   data arrival time

                  0.15   10.00   10.00   clock clk (rise edge)
                          0.00   10.00   clock network delay (ideal)
                         -0.25    9.75   clock uncertainty
                          0.00    9.75   clock reconvergence pessimism
                                  9.75 ^ _18_/CLK (sky130_fd_sc_hd__dfrtp_2)
                          0.25   10.00   library recovery time
                                 10.00   data required time
-----------------------------------------------------------------------------
                                 10.00   data required time
                                 -2.03   data arrival time
-----------------------------------------------------------------------------
                                  7.98   slack (MET)


Startpoint: reset_n (input port clocked by clk)
Endpoint: _19_ (recovery check against rising-edge clock clk)
Path Group: asynchronous
Path Type: max

Fanout     Cap    Slew   Delay    Time   Description
-----------------------------------------------------------------------------
                  0.15    0.00    0.00   clock clk (rise edge)
                          0.00    0.00   clock network delay (ideal)
                          2.00    2.00 ^ input external delay
                  0.04    0.03    2.03 ^ reset_n (in)
     2    0.01                           reset_n (net)
                  0.04    0.00    2.03 ^ _19_/RESET_B (sky130_fd_sc_hd__dfrtp_2)
                                  2.03   data arrival time

                  0.15   10.00   10.00   clock clk (rise edge)
                          0.00   10.00   clock network delay (ideal)
                         -0.25    9.75   clock uncertainty
                          0.00    9.75   clock reconvergence pessimism
                                  9.75 ^ _19_/CLK (sky130_fd_sc_hd__dfrtp_2)
                          0.25   10.00   library recovery time
                                 10.00   data required time
-----------------------------------------------------------------------------
                                 10.00   data required time
                                 -2.03   data arrival time
-----------------------------------------------------------------------------
                                  7.98   slack (MET)



max_report_end
checks_report

===========================================================================
report_checks -unconstrained
===========================================================================
======================= Typical Corner ===================================

Startpoint: reset_n (input port clocked by clk)
Endpoint: _18_ (recovery check against rising-edge clock clk)
Path Group: asynchronous
Path Type: max

Fanout     Cap    Slew   Delay    Time   Description
-----------------------------------------------------------------------------
                  0.15    0.00    0.00   clock clk (rise edge)
                          0.00    0.00   clock network delay (ideal)
                          2.00    2.00 ^ input external delay
                  0.04    0.03    2.03 ^ reset_n (in)
     2    0.01                           reset_n (net)
                  0.04    0.00    2.03 ^ _18_/RESET_B (sky130_fd_sc_hd__dfrtp_2)
                                  2.03   data arrival time

                  0.15   10.00   10.00   clock clk (rise edge)
                          0.00   10.00   clock network delay (ideal)
                         -0.25    9.75   clock uncertainty
                          0.00    9.75   clock reconvergence pessimism
                                  9.75 ^ _18_/CLK (sky130_fd_sc_hd__dfrtp_2)
                          0.25   10.00   library recovery time
                                 10.00   data required time
-----------------------------------------------------------------------------
                                 10.00   data required time
                                 -2.03   data arrival time
-----------------------------------------------------------------------------
                                  7.98   slack (MET)


Startpoint: _19_ (rising edge-triggered flip-flop clocked by clk)
Endpoint: pwr_gate_en (output port clocked by clk)
Path Group: clk
Path Type: max

Fanout     Cap    Slew   Delay    Time   Description
-----------------------------------------------------------------------------
                  0.15    0.00    0.00   clock clk (rise edge)
                          0.00    0.00   clock network delay (ideal)
                  0.15    0.00    0.00 ^ _19_/CLK (sky130_fd_sc_hd__dfrtp_2)
                  0.24    0.56    0.56 ^ _19_/Q (sky130_fd_sc_hd__dfrtp_2)
     6    0.05                           current_state[1] (net)
                  0.24    0.00    0.56 ^ _08_/A (sky130_fd_sc_hd__buf_1)
                  0.04    0.12    0.68 ^ _08_/X (sky130_fd_sc_hd__buf_1)
     1    0.00                           _02_ (net)
                  0.04    0.00    0.68 ^ _09_/A (sky130_fd_sc_hd__buf_1)
                  0.42    0.35    1.03 ^ _09_/X (sky130_fd_sc_hd__buf_1)
     2    0.04                           isolation_en (net)
                  0.42    0.00    1.03 ^ _20_/A (sky130_fd_sc_hd__buf_2)
                  0.17    0.30    1.33 ^ _20_/X (sky130_fd_sc_hd__buf_2)
     1    0.03                           pwr_gate_en (net)
                  0.17    0.00    1.33 ^ pwr_gate_en (out)
                                  1.33   data arrival time

                  0.15   10.00   10.00   clock clk (rise edge)
                          0.00   10.00   clock network delay (ideal)
                         -0.25    9.75   clock uncertainty
                          0.00    9.75   clock reconvergence pessimism
                         -2.00    7.75   output external delay
                                  7.75   data required time
-----------------------------------------------------------------------------
                                  7.75   data required time
                                 -1.33   data arrival time
-----------------------------------------------------------------------------
                                  6.42   slack (MET)




===========================================================================
report_checks --slack_max -0.01
============================================================================
======================= Typical Corner ===================================

No paths found.


===========================================================================
 report_check_types -max_slew -max_cap -max_fanout -violators
============================================================================
======================= Typical Corner ===================================



===========================================================================
report_parasitic_annotation -report_unannotated
============================================================================
Found 18 unannotated drivers.
 app_idle
 clk
 reset_n
 thermal_alert
 wakeup_event
 _08_/X
 _09_/X
 _10_/X
 _11_/X
 _12_/X
 _13_/X
 _14_/Y
 _15_/X
 _16_/Y
 _17_/Y
 _18_/Q
 _19_/Q
 _20_/X
Found 0 partially unannotated drivers.

===========================================================================
max slew violation count 0
max fanout violation count 0
max cap violation count 0
============================================================================

===========================================================================
check_setup -verbose -unconstrained_endpoints -multiple_clock -no_clock -no_input_delay -loops -generated_clocks
===========================================================================
checks_report_end
power_report

===========================================================================
 report_power
============================================================================
======================= Typical Corner ===================================

Group                  Internal  Switching    Leakage      Total
                          Power      Power      Power      Power (Watts)
----------------------------------------------------------------
Sequential             8.42e-06   2.32e-06   2.13e-11   1.07e-05  70.4%
Combinational          1.92e-06   2.59e-06   3.08e-11   4.51e-06  29.6%
Macro                  0.00e+00   0.00e+00   0.00e+00   0.00e+00   0.0%
Pad                    0.00e+00   0.00e+00   0.00e+00   0.00e+00   0.0%
----------------------------------------------------------------
Total                  1.03e-05   4.91e-06   5.21e-11   1.52e-05 100.0%
                          67.8%      32.2%       0.0%

power_report_end
skew_report

===========================================================================
report_clock_skew
============================================================================
Clock clk
Latency      CRPR       Skew
_18_/CLK ^
   0.01
_18_/CLK ^
   0.01      0.00       0.00

skew_report_end
summary_report

===========================================================================
report_tns
============================================================================
tns 0.00

===========================================================================
report_wns
============================================================================
wns 0.00

===========================================================================
report_worst_slack -max (Setup)
============================================================================
worst slack 6.42

===========================================================================
report_worst_slack -min (Hold)
============================================================================
worst slack 0.41
summary_report_end
[WARNING] Did not save OpenROAD database!
Writing SDF to '/openlane/designs/pmu_controller/runs/RUN_2026.04.28_12.48.54/results/synthesis/pmu_controller.sdf'…
