Tue Apr 28 12:48:54 UTC 2026 - Executing "openroad -exit -no_init -python /openlane/scripts/odbpy/lefutil.py get_metal_layers -o /openlane/designs/pmu_controller/runs/RUN_2026.04.28_12.48.54/tmp/layers.list /home/mgangadhar/.ciel/sky130A/libs.ref/sky130_fd_sc_hd/techlef/sky130_fd_sc_hd__nom.tlef"

Tue Apr 28 12:48:55 UTC 2026 - Executing "/openlane/scripts/mergeLef.py -o /openlane/designs/pmu_controller/runs/RUN_2026.04.28_12.48.54/tmp/merged.nom.lef -i /home/mgangadhar/.ciel/sky130A/libs.ref/sky130_fd_sc_hd/techlef/sky130_fd_sc_hd__nom.tlef {/home/mgangadhar/.ciel/sky130A/libs.ref/sky130_fd_sc_hd/lef/sky130_ef_sc_hd.lef /home/mgangadhar/.ciel/sky130A/libs.ref/sky130_fd_sc_hd/lef/sky130_fd_sc_hd.lef} |& tee /dev/null"

Tue Apr 28 12:48:55 UTC 2026 - Executing "/openlane/scripts/mergeLef.py -o /openlane/designs/pmu_controller/runs/RUN_2026.04.28_12.48.54/tmp/merged.min.lef -i /home/mgangadhar/.ciel/sky130A/libs.ref/sky130_fd_sc_hd/techlef/sky130_fd_sc_hd__min.tlef {/home/mgangadhar/.ciel/sky130A/libs.ref/sky130_fd_sc_hd/lef/sky130_ef_sc_hd.lef /home/mgangadhar/.ciel/sky130A/libs.ref/sky130_fd_sc_hd/lef/sky130_fd_sc_hd.lef} |& tee /dev/null"

Tue Apr 28 12:48:55 UTC 2026 - Executing "/openlane/scripts/mergeLef.py -o /openlane/designs/pmu_controller/runs/RUN_2026.04.28_12.48.54/tmp/merged.max.lef -i /home/mgangadhar/.ciel/sky130A/libs.ref/sky130_fd_sc_hd/techlef/sky130_fd_sc_hd__max.tlef {/home/mgangadhar/.ciel/sky130A/libs.ref/sky130_fd_sc_hd/lef/sky130_ef_sc_hd.lef /home/mgangadhar/.ciel/sky130A/libs.ref/sky130_fd_sc_hd/lef/sky130_fd_sc_hd.lef} |& tee /dev/null"

Tue Apr 28 12:48:55 UTC 2026 - Executing "python3 /openlane/scripts/mergeLib.py --output /openlane/designs/pmu_controller/runs/RUN_2026.04.28_12.48.54/tmp/synthesis/merged.lib --name sky130A_merged /home/mgangadhar/.ciel/sky130A/libs.ref/sky130_fd_sc_hd/lib/sky130_fd_sc_hd__tt_025C_1v80.lib"

Tue Apr 28 12:48:55 UTC 2026 - Executing "python3 /openlane/scripts/libtrim.py --cell-file /openlane/designs/pmu_controller/runs/RUN_2026.04.28_12.48.54/tmp/synthesis/trimmed.lib.exclude.list --output /openlane/designs/pmu_controller/runs/RUN_2026.04.28_12.48.54/tmp/synthesis/trimmed.lib /openlane/designs/pmu_controller/runs/RUN_2026.04.28_12.48.54/tmp/synthesis/merged.lib"

Tue Apr 28 12:48:55 UTC 2026 - Executing "python3 /openlane/scripts/libtrim.py --cell-file /openlane/designs/pmu_controller/runs/RUN_2026.04.28_12.48.54/tmp/cts/cts.lib.exclude.list --output /openlane/designs/pmu_controller/runs/RUN_2026.04.28_12.48.54/tmp/cts/cts.lib /home/mgangadhar/.ciel/sky130A/libs.ref/sky130_fd_sc_hd/lib/sky130_fd_sc_hd__tt_025C_1v80.lib"

Tue Apr 28 12:48:55 UTC 2026 - Executing "python3 /openlane/scripts/libtrim.py --cell-file /openlane/designs/pmu_controller/runs/RUN_2026.04.28_12.48.54/tmp/cts/cts-fastest.lib.exclude.list --output /openlane/designs/pmu_controller/runs/RUN_2026.04.28_12.48.54/tmp/cts/cts-fastest.lib /home/mgangadhar/.ciel/sky130A/libs.ref/sky130_fd_sc_hd/lib/sky130_fd_sc_hd__ff_n40C_1v95.lib"

Tue Apr 28 12:48:56 UTC 2026 - Executing "python3 /openlane/scripts/libtrim.py --cell-file /openlane/designs/pmu_controller/runs/RUN_2026.04.28_12.48.54/tmp/cts/cts-slowest.lib.exclude.list --output /openlane/designs/pmu_controller/runs/RUN_2026.04.28_12.48.54/tmp/cts/cts-slowest.lib /home/mgangadhar/.ciel/sky130A/libs.ref/sky130_fd_sc_hd/lib/sky130_fd_sc_hd__ss_100C_1v60.lib"

Tue Apr 28 12:48:56 UTC 2026 - Executing "python3 /openlane/scripts/new_tracks.py -i /home/mgangadhar/.ciel/sky130A/libs.tech/openlane/sky130_fd_sc_hd/tracks.info -o /openlane/designs/pmu_controller/runs/RUN_2026.04.28_12.48.54/tmp/routing/config.tracks"

Tue Apr 28 12:48:56 UTC 2026 - Executing "echo {OpenLane ff5509f65b17bfa4068d5336495ab1718987ff69} > /openlane/designs/pmu_controller/runs/RUN_2026.04.28_12.48.54/OPENLANE_COMMIT"

Tue Apr 28 12:48:56 UTC 2026 - Executing "bash -c {verilator  --lint-only  -Wall  --Wno-DECLFILENAME  --top-module pmu_controller  /openlane/designs/pmu_controller/src/pmu_controller.v -Wno-fatal --relative-includes |& tee /openlane/designs/pmu_controller/runs/RUN_2026.04.28_12.48.54/logs/synthesis/linter.log /dev/null}"

Tue Apr 28 12:48:56 UTC 2026 - Executing "sed -E {s/^([[:space:]]+)pg_pin(.*)/\1pin\2\n\1    direction : "inout";/g} /home/mgangadhar/.ciel/sky130A/libs.ref/sky130_fd_sc_hd/lib/sky130_fd_sc_hd__tt_025C_1v80.lib > /openlane/designs/pmu_controller/runs/RUN_2026.04.28_12.48.54/tmp/synthesis/1-sky130_fd_sc_hd__tt_025C_1v80.no_pg.lib"

Tue Apr 28 12:48:56 UTC 2026 - Executing "sed -E {s/^([[:space:]]+)pg_pin(.*)/\1pin\2\n\1    direction : "inout";/g} /openlane/designs/pmu_controller/runs/RUN_2026.04.28_12.48.54/tmp/synthesis/trimmed.lib > /openlane/designs/pmu_controller/runs/RUN_2026.04.28_12.48.54/tmp/synthesis/1-trimmed.no_pg.lib"

Tue Apr 28 12:48:57 UTC 2026 - Executing "yosys -c /openlane/scripts/yosys/synth.tcl |& tee /dev/null /openlane/designs/pmu_controller/runs/RUN_2026.04.28_12.48.54/logs/synthesis/1-synthesis.log"

Tue Apr 28 12:48:57 UTC 2026 - Executing "sed -i.bak -e {s/\(set ::env(CURRENT_NETLIST)\).*/\1 \/openlane\/designs\/pmu_controller\/runs\/RUN_2026.04.28_12.48.54\/results\/synthesis\/pmu_controller.v/} /openlane/designs/pmu_controller/runs/RUN_2026.04.28_12.48.54/config.tcl"

Tue Apr 28 12:48:57 UTC 2026 - Executing "sed -i.bak /defparam/d /openlane/designs/pmu_controller/runs/RUN_2026.04.28_12.48.54/results/synthesis/pmu_controller.v"

Tue Apr 28 12:48:57 UTC 2026 - Executing "sta -exit -no_init /openlane/scripts/openroad/sta/multi_corner.tcl |& tee /dev/null /openlane/designs/pmu_controller/runs/RUN_2026.04.28_12.48.54/logs/synthesis/2-sta.log"

Tue Apr 28 12:48:58 UTC 2026 - Executing "openroad -exit /openlane/scripts/openroad/floorplan.tcl |& tee /dev/null /openlane/designs/pmu_controller/runs/RUN_2026.04.28_12.48.54/logs/floorplan/3-initial_fp.log"

Tue Apr 28 12:48:58 UTC 2026 - Executing "openroad -exit -no_init -python /openlane/scripts/odbpy/snap_to_grid.py --output /openlane/designs/pmu_controller/runs/RUN_2026.04.28_12.48.54/tmp/floorplan/3-minimized_pdn.txt --input-lef /openlane/designs/pmu_controller/runs/RUN_2026.04.28_12.48.54/tmp/merged.nom.lef 4.83 3.3999999999999995 9.66 6.799999999999999"

Tue Apr 28 12:48:59 UTC 2026 - Executing "openroad -exit -no_init -python /openlane/scripts/odbpy/defutil.py extract_core_dims --output-data /openlane/designs/pmu_controller/runs/RUN_2026.04.28_12.48.54/tmp/dimensions.txt --input-lef /openlane/designs/pmu_controller/runs/RUN_2026.04.28_12.48.54/tmp/merged.nom.lef /openlane/designs/pmu_controller/runs/RUN_2026.04.28_12.48.54/tmp/floorplan/3-initial_fp.def"

Tue Apr 28 12:48:59 UTC 2026 - Executing "openroad -exit /openlane/scripts/openroad/ioplacer.tcl |& tee /dev/null /openlane/designs/pmu_controller/runs/RUN_2026.04.28_12.48.54/logs/floorplan/4-io.log"

Tue Apr 28 12:48:59 UTC 2026 - Executing "openroad -exit /openlane/scripts/openroad/tapcell.tcl |& tee /dev/null /openlane/designs/pmu_controller/runs/RUN_2026.04.28_12.48.54/logs/floorplan/5-tap.log"

Tue Apr 28 12:49:00 UTC 2026 - Executing "openroad -exit /openlane/scripts/openroad/pdn.tcl |& tee /dev/null /openlane/designs/pmu_controller/runs/RUN_2026.04.28_12.48.54/logs/floorplan/6-pdn.log"

Tue Apr 28 12:49:01 UTC 2026 - Executing "openroad -exit /openlane/scripts/openroad/gpl.tcl |& tee /dev/null /openlane/designs/pmu_controller/runs/RUN_2026.04.28_12.48.54/logs/placement/7-global.log"

Tue Apr 28 12:49:01 UTC 2026 - Executing "sed -i.bak -e {s/\(set ::env(CURRENT_NETLIST)\).*/\1 \/openlane\/designs\/pmu_controller\/runs\/RUN_2026.04.28_12.48.54\/tmp\/placement\/7-global.nl.v/} /openlane/designs/pmu_controller/runs/RUN_2026.04.28_12.48.54/config.tcl"

Tue Apr 28 12:49:01 UTC 2026 - Executing "openroad -exit /openlane/scripts/openroad/sta/multi_corner.tcl |& tee /dev/null /openlane/designs/pmu_controller/runs/RUN_2026.04.28_12.48.54/logs/placement/8-gpl_sta.log"

Tue Apr 28 12:49:02 UTC 2026 - Executing "openroad -exit /openlane/scripts/openroad/resizer.tcl |& tee /dev/null /openlane/designs/pmu_controller/runs/RUN_2026.04.28_12.48.54/logs/placement/9-resizer.log"

Tue Apr 28 12:49:03 UTC 2026 - Executing "sed -i.bak -e {s/\(set ::env(CURRENT_NETLIST)\).*/\1 \/openlane\/designs\/pmu_controller\/runs\/RUN_2026.04.28_12.48.54\/tmp\/placement\/9-resizer.nl.v/} /openlane/designs/pmu_controller/runs/RUN_2026.04.28_12.48.54/config.tcl"

Tue Apr 28 12:49:03 UTC 2026 - Executing "openroad -exit /openlane/scripts/openroad/dpl.tcl |& tee /dev/null /openlane/designs/pmu_controller/runs/RUN_2026.04.28_12.48.54/logs/placement/10-detailed.log"

Tue Apr 28 12:49:03 UTC 2026 - Executing "sed -i.bak -e {s/\(set ::env(CURRENT_NETLIST)\).*/\1 \/openlane\/designs\/pmu_controller\/runs\/RUN_2026.04.28_12.48.54\/results\/placement\/pmu_controller.nl.v/} /openlane/designs/pmu_controller/runs/RUN_2026.04.28_12.48.54/config.tcl"

Tue Apr 28 12:49:04 UTC 2026 - Executing "openroad -exit /openlane/scripts/openroad/sta/multi_corner.tcl |& tee /dev/null /openlane/designs/pmu_controller/runs/RUN_2026.04.28_12.48.54/logs/placement/11-dpl_sta.log"

Tue Apr 28 12:49:04 UTC 2026 - Executing "openroad -exit /openlane/scripts/openroad/cts.tcl |& tee /dev/null /openlane/designs/pmu_controller/runs/RUN_2026.04.28_12.48.54/logs/cts/12-cts.log"

Tue Apr 28 12:49:31 UTC 2026 - Executing "openroad -exit /openlane/scripts/openroad/sta/multi_corner.tcl |& tee /dev/null /openlane/designs/pmu_controller/runs/RUN_2026.04.28_12.48.54/logs/cts/13-cts_sta.log"

Tue Apr 28 12:49:32 UTC 2026 - Executing "openroad -exit /openlane/scripts/openroad/resizer_timing.tcl |& tee /dev/null /openlane/designs/pmu_controller/runs/RUN_2026.04.28_12.48.54/logs/cts/14-resizer.log"

Tue Apr 28 12:49:33 UTC 2026 - Executing "sed -i.bak -e {s/\(set ::env(CURRENT_NETLIST)\).*/\1 \/openlane\/designs\/pmu_controller\/runs\/RUN_2026.04.28_12.48.54\/tmp\/cts\/14-pmu_controller.resized.nl.v/} /openlane/designs/pmu_controller/runs/RUN_2026.04.28_12.48.54/config.tcl"

Tue Apr 28 12:49:33 UTC 2026 - Executing "openroad -exit /openlane/scripts/openroad/resizer_routing_design.tcl |& tee /dev/null /openlane/designs/pmu_controller/runs/RUN_2026.04.28_12.48.54/logs/routing/15-resizer_design.log"

Tue Apr 28 12:49:34 UTC 2026 - Executing "sed -i.bak -e {s/\(set ::env(CURRENT_NETLIST)\).*/\1 \/openlane\/designs\/pmu_controller\/runs\/RUN_2026.04.28_12.48.54\/tmp\/15-pmu_controller.nl.v/} /openlane/designs/pmu_controller/runs/RUN_2026.04.28_12.48.54/config.tcl"

Tue Apr 28 12:49:34 UTC 2026 - Executing "openroad -exit /openlane/scripts/openroad/sta/multi_corner.tcl |& tee /dev/null /openlane/designs/pmu_controller/runs/RUN_2026.04.28_12.48.54/logs/routing/16-rsz_design_sta.log"

Tue Apr 28 12:49:34 UTC 2026 - Executing "openroad -exit /openlane/scripts/openroad/resizer_routing_timing.tcl |& tee /dev/null /openlane/designs/pmu_controller/runs/RUN_2026.04.28_12.48.54/logs/routing/17-resizer_timing.log"

Tue Apr 28 12:49:36 UTC 2026 - Executing "sed -i.bak -e {s/\(set ::env(CURRENT_NETLIST)\).*/\1 \/openlane\/designs\/pmu_controller\/runs\/RUN_2026.04.28_12.48.54\/tmp\/17-pmu_controller.nl.v/} /openlane/designs/pmu_controller/runs/RUN_2026.04.28_12.48.54/config.tcl"

Tue Apr 28 12:49:36 UTC 2026 - Executing "openroad -exit /openlane/scripts/openroad/sta/multi_corner.tcl |& tee /dev/null /openlane/designs/pmu_controller/runs/RUN_2026.04.28_12.48.54/logs/routing/18-rsz_timing_sta.log"

Tue Apr 28 12:49:36 UTC 2026 - Executing "openroad -exit /openlane/scripts/openroad/groute.tcl |& tee /dev/null /openlane/designs/pmu_controller/runs/RUN_2026.04.28_12.48.54/logs/routing/19-global.log"

Tue Apr 28 12:49:37 UTC 2026 - Executing "openroad -exit /openlane/scripts/openroad/write_views.tcl |& tee /dev/null /openlane/designs/pmu_controller/runs/RUN_2026.04.28_12.48.54/logs/routing/19-global_write_netlist.log"

Tue Apr 28 12:49:37 UTC 2026 - Executing "sed -i.bak -e {s/\(set ::env(CURRENT_NETLIST)\).*/\1 \/openlane\/designs\/pmu_controller\/runs\/RUN_2026.04.28_12.48.54\/tmp\/routing\/global.nl.v/} /openlane/designs/pmu_controller/runs/RUN_2026.04.28_12.48.54/config.tcl"

Tue Apr 28 12:49:37 UTC 2026 - Executing "openroad -exit /openlane/scripts/openroad/sta/multi_corner.tcl |& tee /dev/null /openlane/designs/pmu_controller/runs/RUN_2026.04.28_12.48.54/logs/routing/21-grt_sta.log"

Tue Apr 28 12:49:38 UTC 2026 - Executing "openroad -exit /openlane/scripts/openroad/fill.tcl |& tee /dev/null /openlane/designs/pmu_controller/runs/RUN_2026.04.28_12.48.54/logs/routing/22-fill.log"

Tue Apr 28 12:49:38 UTC 2026 - Executing "sed -i.bak -e {s/\(set ::env(CURRENT_NETLIST)\).*/\1 \/openlane\/designs\/pmu_controller\/runs\/RUN_2026.04.28_12.48.54\/tmp\/routing\/22-fill.nl.v/} /openlane/designs/pmu_controller/runs/RUN_2026.04.28_12.48.54/config.tcl"

Tue Apr 28 12:49:38 UTC 2026 - Executing "openroad -exit /openlane/scripts/openroad/droute.tcl |& tee /dev/null /openlane/designs/pmu_controller/runs/RUN_2026.04.28_12.48.54/logs/routing/23-detailed.log"

Tue Apr 28 12:49:42 UTC 2026 - Executing "sed -i.bak -e {s/\(set ::env(CURRENT_NETLIST)\).*/\1 \/openlane\/designs\/pmu_controller\/runs\/RUN_2026.04.28_12.48.54\/results\/routing\/pmu_controller.nl.v/} /openlane/designs/pmu_controller/runs/RUN_2026.04.28_12.48.54/config.tcl"

Tue Apr 28 12:49:42 UTC 2026 - Executing "python3 /openlane/scripts/drc_rosetta.py tr to_klayout -o /openlane/designs/pmu_controller/runs/RUN_2026.04.28_12.48.54/reports/routing/drt.klayout.xml --design-name pmu_controller /openlane/designs/pmu_controller/runs/RUN_2026.04.28_12.48.54/reports/routing/drt.drc"

Tue Apr 28 12:49:43 UTC 2026 - Executing "openroad -exit -no_init -python /openlane/scripts/odbpy/wire_lengths.py --report-out /openlane/designs/pmu_controller/runs/RUN_2026.04.28_12.48.54/reports/routing/24-wire_lengths.csv --input-lef /openlane/designs/pmu_controller/runs/RUN_2026.04.28_12.48.54/tmp/merged.nom.lef --output-def /dev/null --output /openlane/designs/pmu_controller/runs/RUN_2026.04.28_12.48.54/results/routing/pmu_controller.odb /openlane/designs/pmu_controller/runs/RUN_2026.04.28_12.48.54/results/routing/pmu_controller.odb |& tee /dev/null /openlane/designs/pmu_controller/runs/RUN_2026.04.28_12.48.54/logs/routing/24-wire_lengths.log"

Tue Apr 28 12:49:43 UTC 2026 - Executing "openroad -exit /openlane/scripts/openroad/rcx.tcl |& tee /dev/null /openlane/designs/pmu_controller/runs/RUN_2026.04.28_12.48.54/logs/signoff/25-parasitics_extraction.min.log"

Tue Apr 28 12:49:43 UTC 2026 - Executing "sta -exit -no_init /openlane/scripts/openroad/sta/multi_corner.tcl |& tee /dev/null /openlane/designs/pmu_controller/runs/RUN_2026.04.28_12.48.54/logs/signoff/26-rcx_mcsta.min.log"

Tue Apr 28 12:49:44 UTC 2026 - Executing "openroad -exit /openlane/scripts/openroad/rcx.tcl |& tee /dev/null /openlane/designs/pmu_controller/runs/RUN_2026.04.28_12.48.54/logs/signoff/27-parasitics_extraction.max.log"

Tue Apr 28 12:49:45 UTC 2026 - Executing "sta -exit -no_init /openlane/scripts/openroad/sta/multi_corner.tcl |& tee /dev/null /openlane/designs/pmu_controller/runs/RUN_2026.04.28_12.48.54/logs/signoff/28-rcx_mcsta.max.log"

Tue Apr 28 12:49:46 UTC 2026 - Executing "openroad -exit /openlane/scripts/openroad/rcx.tcl |& tee /dev/null /openlane/designs/pmu_controller/runs/RUN_2026.04.28_12.48.54/logs/signoff/29-parasitics_extraction.nom.log"

Tue Apr 28 12:49:46 UTC 2026 - Executing "sta -exit -no_init /openlane/scripts/openroad/sta/multi_corner.tcl |& tee /dev/null /openlane/designs/pmu_controller/runs/RUN_2026.04.28_12.48.54/logs/signoff/30-rcx_mcsta.nom.log"

Tue Apr 28 12:49:47 UTC 2026 - Executing "sta -exit -no_init /openlane/scripts/openroad/sta/multi_corner.tcl |& tee /dev/null /openlane/designs/pmu_controller/runs/RUN_2026.04.28_12.48.54/logs/signoff/31-rcx_sta.log"

Tue Apr 28 12:49:48 UTC 2026 - Executing "openroad -exit /openlane/scripts/openroad/irdrop.tcl |& tee /dev/null /openlane/designs/pmu_controller/runs/RUN_2026.04.28_12.48.54/logs/signoff/32-irdrop.log"

Tue Apr 28 12:49:48 UTC 2026 - Executing "magic -noconsole -dnull -rcfile /home/mgangadhar/.ciel/sky130A/libs.tech/magic/sky130A.magicrc < /openlane/scripts/magic/wrapper.tcl |& tee /dev/null /openlane/designs/pmu_controller/runs/RUN_2026.04.28_12.48.54/logs/signoff/33-gdsii.log"

Tue Apr 28 12:49:49 UTC 2026 - Executing "magic -noconsole -dnull -rcfile /home/mgangadhar/.ciel/sky130A/libs.tech/magic/sky130A.magicrc < /openlane/scripts/magic/wrapper.tcl |& tee /dev/null /openlane/designs/pmu_controller/runs/RUN_2026.04.28_12.48.54/logs/signoff/33-gds_ptrs.log"

Tue Apr 28 12:49:49 UTC 2026 - Executing "sed -i.bak -n {/^<< properties >>/,/^<< end >>/p} /openlane/designs/pmu_controller/runs/RUN_2026.04.28_12.48.54/tmp/signoff/gds_ptrs.mag"

Tue Apr 28 12:49:49 UTC 2026 - Executing "magic -noconsole -dnull -rcfile /home/mgangadhar/.ciel/sky130A/libs.tech/magic/sky130A.magicrc < /openlane/scripts/magic/wrapper.tcl |& tee /dev/null /openlane/designs/pmu_controller/runs/RUN_2026.04.28_12.48.54/logs/signoff/33-lef.log"

Tue Apr 28 12:49:49 UTC 2026 - Executing "magic -noconsole -dnull -rcfile /home/mgangadhar/.ciel/sky130A/libs.tech/magic/sky130A.magicrc < /openlane/scripts/magic/wrapper.tcl |& tee /dev/null /openlane/designs/pmu_controller/runs/RUN_2026.04.28_12.48.54/logs/signoff/33-maglef.log"

Tue Apr 28 12:49:50 UTC 2026 - Executing "python3 /openlane/scripts/klayout/stream_out.py --output /openlane/designs/pmu_controller/runs/RUN_2026.04.28_12.48.54/results/signoff/pmu_controller.klayout.gds --lyt /home/mgangadhar/.ciel/sky130A/libs.tech/klayout/tech/sky130A.lyt --lym /home/mgangadhar/.ciel/sky130A/libs.tech/klayout/tech/sky130A.map --lyp /home/mgangadhar/.ciel/sky130A/libs.tech/klayout/tech/sky130A.lyp --top pmu_controller --with-gds-file /home/mgangadhar/.ciel/sky130A/libs.ref/sky130_fd_sc_hd/gds/sky130_fd_sc_hd.gds --input-lef /openlane/designs/pmu_controller/runs/RUN_2026.04.28_12.48.54/tmp/merged.nom.lef /openlane/designs/pmu_controller/runs/RUN_2026.04.28_12.48.54/results/routing/pmu_controller.def |& tee /dev/null /openlane/designs/pmu_controller/runs/RUN_2026.04.28_12.48.54/logs/signoff/34-gdsii-klayout.log"

Tue Apr 28 12:49:51 UTC 2026 - Executing "klayout -b -r /openlane/scripts/klayout/xor.drc -rd a=/openlane/designs/pmu_controller/runs/RUN_2026.04.28_12.48.54/results/signoff/pmu_controller.gds -rd b=/openlane/designs/pmu_controller/runs/RUN_2026.04.28_12.48.54/results/signoff/pmu_controller.klayout.gds -rd jobs=1 -rd rdb_out=/openlane/designs/pmu_controller/runs/RUN_2026.04.28_12.48.54/reports/signoff/35-xor.xml -rd ignore=81/14 -rd rpt_out=/openlane/designs/pmu_controller/runs/RUN_2026.04.28_12.48.54/reports/signoff/35-xor.rpt |& tee /dev/null /openlane/designs/pmu_controller/runs/RUN_2026.04.28_12.48.54/logs/signoff/35-xor.log"

Tue Apr 28 12:49:51 UTC 2026 - Executing "magic -noconsole -dnull -rcfile /home/mgangadhar/.ciel/sky130A/libs.tech/magic/sky130A.magicrc < /openlane/scripts/magic/wrapper.tcl |& tee /dev/null /openlane/designs/pmu_controller/runs/RUN_2026.04.28_12.48.54/logs/signoff/36-spice.log"

Tue Apr 28 12:49:52 UTC 2026 - Executing "openroad -exit -no_init -python /openlane/scripts/odbpy/power_utils.py write_powered_def --output /openlane/designs/pmu_controller/runs/RUN_2026.04.28_12.48.54/tmp/signoff/36-pmu_controller.p.def --input-lef /openlane/designs/pmu_controller/runs/RUN_2026.04.28_12.48.54/tmp/merged.nom.lef --power-port VPWR --ground-port VGND --powered-netlist {} /openlane/designs/pmu_controller/runs/RUN_2026.04.28_12.48.54/results/routing/pmu_controller.def |& tee /dev/null /openlane/designs/pmu_controller/runs/RUN_2026.04.28_12.48.54/logs/signoff/37-write_powered_def.log"

Tue Apr 28 12:49:52 UTC 2026 - Executing "openroad -exit /openlane/scripts/openroad/write_views.tcl |& tee /dev/null /openlane/designs/pmu_controller/runs/RUN_2026.04.28_12.48.54/logs/signoff/37-write_powered_verilog.log"

Tue Apr 28 12:49:52 UTC 2026 - Executing "sed -i.bak -e {s/\(set ::env(CURRENT_NETLIST)\).*/\1 \/openlane\/designs\/pmu_controller\/runs\/RUN_2026.04.28_12.48.54\/tmp\/signoff\/36-pmu_controller.nl.v/} /openlane/designs/pmu_controller/runs/RUN_2026.04.28_12.48.54/config.tcl"

Tue Apr 28 12:49:53 UTC 2026 - Executing "netgen -batch source /openlane/designs/pmu_controller/runs/RUN_2026.04.28_12.48.54/tmp/signoff/39-setup_file.lef.lvs |& tee /dev/null /openlane/designs/pmu_controller/runs/RUN_2026.04.28_12.48.54/logs/signoff/39-lvs.lef.log"

Tue Apr 28 12:49:53 UTC 2026 - Executing "magic -noconsole -dnull -rcfile /home/mgangadhar/.ciel/sky130A/libs.tech/magic/sky130A.magicrc < /openlane/scripts/magic/wrapper.tcl |& tee /dev/null /openlane/designs/pmu_controller/runs/RUN_2026.04.28_12.48.54/logs/signoff/40-drc.log"

Tue Apr 28 12:49:54 UTC 2026 - Executing "python3 /openlane/scripts/drc_rosetta.py magic to_tcl -o /openlane/designs/pmu_controller/runs/RUN_2026.04.28_12.48.54/reports/signoff/drc.tcl /openlane/designs/pmu_controller/runs/RUN_2026.04.28_12.48.54/reports/signoff/drc.rpt"

Tue Apr 28 12:49:54 UTC 2026 - Executing "python3 /openlane/scripts/drc_rosetta.py magic to_tr -o /openlane/designs/pmu_controller/runs/RUN_2026.04.28_12.48.54/reports/signoff/drc.tr /openlane/designs/pmu_controller/runs/RUN_2026.04.28_12.48.54/reports/signoff/drc.rpt"

Tue Apr 28 12:49:54 UTC 2026 - Executing "python3 /openlane/scripts/drc_rosetta.py tr to_klayout -o /openlane/designs/pmu_controller/runs/RUN_2026.04.28_12.48.54/reports/signoff/drc.klayout.xml --design-name pmu_controller /openlane/designs/pmu_controller/runs/RUN_2026.04.28_12.48.54/reports/signoff/drc.tr"

Tue Apr 28 12:49:54 UTC 2026 - Executing "python3 /openlane/scripts/drc_rosetta.py magic to_rdb -o /openlane/designs/pmu_controller/runs/RUN_2026.04.28_12.48.54/reports/signoff/drc.rdb /openlane/designs/pmu_controller/runs/RUN_2026.04.28_12.48.54/reports/signoff/drc.rpt"

Tue Apr 28 12:49:54 UTC 2026 - Executing "openroad -exit /openlane/scripts/openroad/antenna_check.tcl |& tee /dev/null /openlane/designs/pmu_controller/runs/RUN_2026.04.28_12.48.54/logs/signoff/41-arc.log"

Tue Apr 28 12:49:54 UTC 2026 - Executing "python3 /openlane/scripts/extract_antenna_violators.py --output /openlane/designs/pmu_controller/runs/RUN_2026.04.28_12.48.54/reports/signoff/41-antenna_violators.rpt --plain-out /openlane/designs/pmu_controller/runs/RUN_2026.04.28_12.48.54/reports/signoff/41-antenna_violators_pins.txt /openlane/designs/pmu_controller/runs/RUN_2026.04.28_12.48.54/logs/signoff/41-arc.log"

Tue Apr 28 12:49:55 UTC 2026 - Executing "awk -v vdd=VPWR -v gnd=VGND -f /home/mgangadhar/.ciel/sky130A/libs.tech/openlane/cvc/power.awk /openlane/designs/pmu_controller/runs/RUN_2026.04.28_12.48.54/tmp/signoff/36-pmu_controller.nl.v > /openlane/designs/pmu_controller/runs/RUN_2026.04.28_12.48.54/tmp/signoff/pmu_controller.power"

Tue Apr 28 12:49:55 UTC 2026 - Executing "awk -f /home/mgangadhar/.ciel/sky130A/libs.tech/openlane/cvc/cdl.awk /home/mgangadhar/.ciel/sky130A/libs.ref/sky130_fd_sc_hd/cdl/sky130_fd_sc_hd.cdl /openlane/designs/pmu_controller/runs/RUN_2026.04.28_12.48.54/results/signoff/pmu_controller.lef.spice > /openlane/designs/pmu_controller/runs/RUN_2026.04.28_12.48.54/tmp/signoff/pmu_controller.cdl"

Tue Apr 28 12:49:55 UTC 2026 - Executing "cvc_rv /home/mgangadhar/.ciel/sky130A/libs.tech/openlane/cvc/cvcrc |& tee /dev/null /openlane/designs/pmu_controller/runs/RUN_2026.04.28_12.48.54/logs/signoff/42-erc_screen.log"

