
===========================================================================
report_checks -unconstrained
===========================================================================
======================= Fastest Corner ===================================

Startpoint: reset_n (input port clocked by clk)
Endpoint: _19_ (recovery check against rising-edge clock clk)
Path Group: asynchronous
Path Type: max
Corner: Fastest

Fanout     Cap    Slew   Delay    Time   Description
-----------------------------------------------------------------------------
                          0.00    0.00   clock clk (rise edge)
                          0.00    0.00   clock network delay (propagated)
                          2.00    2.00 ^ input external delay
                  0.01    0.01    2.01 ^ reset_n (in)
     1    0.00                           reset_n (net)
                  0.01    0.00    2.01 ^ input2/A (sky130_fd_sc_hd__buf_1)
                  0.10    0.10    2.11 ^ input2/X (sky130_fd_sc_hd__buf_1)
     2    0.01                           net2 (net)
                  0.10    0.00    2.11 ^ _19_/RESET_B (sky130_fd_sc_hd__dfrtp_2)
                                  2.11   data arrival time

                         10.00   10.00   clock clk (rise edge)
                          0.00   10.00   clock source latency
                  0.05    0.03   10.03 ^ clk (in)
     1    0.01                           clk (net)
                  0.05    0.00   10.03 ^ clkbuf_0_clk/A (sky130_fd_sc_hd__clkbuf_16)
                  0.03    0.08   10.11 ^ clkbuf_0_clk/X (sky130_fd_sc_hd__clkbuf_16)
     2    0.02                           clknet_0_clk (net)
                  0.03    0.00   10.11 ^ clkbuf_1_0__f_clk/A (sky130_fd_sc_hd__clkbuf_16)
                  0.02    0.07   10.18 ^ clkbuf_1_0__f_clk/X (sky130_fd_sc_hd__clkbuf_16)
     1    0.00                           clknet_1_0__leaf_clk (net)
                  0.02    0.00   10.18 ^ _19_/CLK (sky130_fd_sc_hd__dfrtp_2)
                         -0.25    9.93   clock uncertainty
                          0.00    9.93   clock reconvergence pessimism
                          0.11   10.04   library recovery time
                                 10.04   data required time
-----------------------------------------------------------------------------
                                 10.04   data required time
                                 -2.11   data arrival time
-----------------------------------------------------------------------------
                                  7.93   slack (MET)


Startpoint: _19_ (rising edge-triggered flip-flop clocked by clk)
Endpoint: clk_gate_en (output port clocked by clk)
Path Group: clk
Path Type: max
Corner: Fastest

Fanout     Cap    Slew   Delay    Time   Description
-----------------------------------------------------------------------------
                          0.00    0.00   clock clk (rise edge)
                          0.00    0.00   clock source latency
                  0.05    0.03    0.03 ^ clk (in)
     1    0.01                           clk (net)
                  0.05    0.00    0.03 ^ clkbuf_0_clk/A (sky130_fd_sc_hd__clkbuf_16)
                  0.03    0.09    0.12 ^ clkbuf_0_clk/X (sky130_fd_sc_hd__clkbuf_16)
     2    0.02                           clknet_0_clk (net)
                  0.03    0.00    0.12 ^ clkbuf_1_0__f_clk/A (sky130_fd_sc_hd__clkbuf_16)
                  0.02    0.08    0.20 ^ clkbuf_1_0__f_clk/X (sky130_fd_sc_hd__clkbuf_16)
     1    0.00                           clknet_1_0__leaf_clk (net)
                  0.02    0.00    0.20 ^ _19_/CLK (sky130_fd_sc_hd__dfrtp_2)
                  0.05    0.28    0.48 v _19_/Q (sky130_fd_sc_hd__dfrtp_2)
     6    0.02                           net7 (net)
                  0.05    0.00    0.48 v _10_/A (sky130_fd_sc_hd__or2_1)
                  0.03    0.14    0.62 v _10_/X (sky130_fd_sc_hd__or2_1)
     1    0.00                           _03_ (net)
                  0.03    0.00    0.62 v _11_/A (sky130_fd_sc_hd__clkbuf_1)
                  0.02    0.06    0.68 v _11_/X (sky130_fd_sc_hd__clkbuf_1)
     1    0.00                           net5 (net)
                  0.02    0.00    0.68 v output5/A (sky130_fd_sc_hd__clkbuf_4)
                  0.06    0.13    0.81 v output5/X (sky130_fd_sc_hd__clkbuf_4)
     1    0.03                           clk_gate_en (net)
                  0.06    0.00    0.81 v clk_gate_en (out)
                                  0.81   data arrival time

                         10.00   10.00   clock clk (rise edge)
                          0.00   10.00   clock network delay (propagated)
                         -0.25    9.75   clock uncertainty
                          0.00    9.75   clock reconvergence pessimism
                         -2.00    7.75   output external delay
                                  7.75   data required time
-----------------------------------------------------------------------------
                                  7.75   data required time
                                 -0.81   data arrival time
-----------------------------------------------------------------------------
                                  6.94   slack (MET)



======================= Slowest Corner ===================================

Startpoint: reset_n (input port clocked by clk)
Endpoint: _19_ (recovery check against rising-edge clock clk)
Path Group: asynchronous
Path Type: max
Corner: Slowest

Fanout     Cap    Slew   Delay    Time   Description
-----------------------------------------------------------------------------
                          0.00    0.00   clock clk (rise edge)
                          0.00    0.00   clock network delay (propagated)
                          2.00    2.00 ^ input external delay
                  0.03    0.02    2.02 ^ reset_n (in)
     1    0.00                           reset_n (net)
                  0.03    0.00    2.02 ^ input2/A (sky130_fd_sc_hd__buf_1)
                  0.21    0.25    2.26 ^ input2/X (sky130_fd_sc_hd__buf_1)
     2    0.01                           net2 (net)
                  0.21    0.00    2.26 ^ _19_/RESET_B (sky130_fd_sc_hd__dfrtp_2)
                                  2.26   data arrival time

                         10.00   10.00   clock clk (rise edge)
                          0.00   10.00   clock source latency
                  0.09    0.06   10.06 ^ clk (in)
     1    0.01                           clk (net)
                  0.09    0.00   10.06 ^ clkbuf_0_clk/A (sky130_fd_sc_hd__clkbuf_16)
                  0.07    0.22   10.28 ^ clkbuf_0_clk/X (sky130_fd_sc_hd__clkbuf_16)
     2    0.02                           clknet_0_clk (net)
                  0.07    0.00   10.28 ^ clkbuf_1_0__f_clk/A (sky130_fd_sc_hd__clkbuf_16)
                  0.05    0.18   10.46 ^ clkbuf_1_0__f_clk/X (sky130_fd_sc_hd__clkbuf_16)
     1    0.00                           clknet_1_0__leaf_clk (net)
                  0.05    0.00   10.46 ^ _19_/CLK (sky130_fd_sc_hd__dfrtp_2)
                         -0.25   10.21   clock uncertainty
                          0.00   10.21   clock reconvergence pessimism
                          0.38   10.59   library recovery time
                                 10.59   data required time
-----------------------------------------------------------------------------
                                 10.59   data required time
                                 -2.26   data arrival time
-----------------------------------------------------------------------------
                                  8.32   slack (MET)


Startpoint: _19_ (rising edge-triggered flip-flop clocked by clk)
Endpoint: clk_gate_en (output port clocked by clk)
Path Group: clk
Path Type: max
Corner: Slowest

Fanout     Cap    Slew   Delay    Time   Description
-----------------------------------------------------------------------------
                          0.00    0.00   clock clk (rise edge)
                          0.00    0.00   clock source latency
                  0.09    0.06    0.06 ^ clk (in)
     1    0.01                           clk (net)
                  0.09    0.00    0.06 ^ clkbuf_0_clk/A (sky130_fd_sc_hd__clkbuf_16)
                  0.07    0.24    0.31 ^ clkbuf_0_clk/X (sky130_fd_sc_hd__clkbuf_16)
     2    0.02                           clknet_0_clk (net)
                  0.07    0.00    0.31 ^ clkbuf_1_0__f_clk/A (sky130_fd_sc_hd__clkbuf_16)
                  0.05    0.20    0.51 ^ clkbuf_1_0__f_clk/X (sky130_fd_sc_hd__clkbuf_16)
     1    0.00                           clknet_1_0__leaf_clk (net)
                  0.05    0.00    0.51 ^ _19_/CLK (sky130_fd_sc_hd__dfrtp_2)
                  0.14    0.92    1.43 v _19_/Q (sky130_fd_sc_hd__dfrtp_2)
     6    0.02                           net7 (net)
                  0.14    0.00    1.43 v _10_/A (sky130_fd_sc_hd__or2_1)
                  0.10    0.54    1.97 v _10_/X (sky130_fd_sc_hd__or2_1)
     1    0.00                           _03_ (net)
                  0.10    0.00    1.97 v _11_/A (sky130_fd_sc_hd__clkbuf_1)
                  0.06    0.19    2.16 v _11_/X (sky130_fd_sc_hd__clkbuf_1)
     1    0.00                           net5 (net)
                  0.06    0.00    2.16 v output5/A (sky130_fd_sc_hd__clkbuf_4)
                  0.14    0.34    2.49 v output5/X (sky130_fd_sc_hd__clkbuf_4)
     1    0.03                           clk_gate_en (net)
                  0.14    0.00    2.49 v clk_gate_en (out)
                                  2.49   data arrival time

                         10.00   10.00   clock clk (rise edge)
                          0.00   10.00   clock network delay (propagated)
                         -0.25    9.75   clock uncertainty
                          0.00    9.75   clock reconvergence pessimism
                         -2.00    7.75   output external delay
                                  7.75   data required time
-----------------------------------------------------------------------------
                                  7.75   data required time
                                 -2.49   data arrival time
-----------------------------------------------------------------------------
                                  5.26   slack (MET)



======================= Typical Corner ===================================

Startpoint: reset_n (input port clocked by clk)
Endpoint: _19_ (recovery check against rising-edge clock clk)
Path Group: asynchronous
Path Type: max
Corner: Typical

Fanout     Cap    Slew   Delay    Time   Description
-----------------------------------------------------------------------------
                          0.00    0.00   clock clk (rise edge)
                          0.00    0.00   clock network delay (propagated)
                          2.00    2.00 ^ input external delay
                  0.02    0.01    2.01 ^ reset_n (in)
     1    0.00                           reset_n (net)
                  0.02    0.00    2.01 ^ input2/A (sky130_fd_sc_hd__buf_1)
                  0.14    0.15    2.16 ^ input2/X (sky130_fd_sc_hd__buf_1)
     2    0.01                           net2 (net)
                  0.14    0.00    2.16 ^ _19_/RESET_B (sky130_fd_sc_hd__dfrtp_2)
                                  2.16   data arrival time

                         10.00   10.00   clock clk (rise edge)
                          0.00   10.00   clock source latency
                  0.06    0.04   10.04 ^ clk (in)
     1    0.01                           clk (net)
                  0.06    0.00   10.04 ^ clkbuf_0_clk/A (sky130_fd_sc_hd__clkbuf_16)
                  0.04    0.12   10.16 ^ clkbuf_0_clk/X (sky130_fd_sc_hd__clkbuf_16)
     2    0.02                           clknet_0_clk (net)
                  0.04    0.00   10.16 ^ clkbuf_1_0__f_clk/A (sky130_fd_sc_hd__clkbuf_16)
                  0.03    0.10   10.26 ^ clkbuf_1_0__f_clk/X (sky130_fd_sc_hd__clkbuf_16)
     1    0.00                           clknet_1_0__leaf_clk (net)
                  0.03    0.00   10.26 ^ _19_/CLK (sky130_fd_sc_hd__dfrtp_2)
                         -0.25   10.01   clock uncertainty
                          0.00   10.01   clock reconvergence pessimism
                          0.19   10.20   library recovery time
                                 10.20   data required time
-----------------------------------------------------------------------------
                                 10.20   data required time
                                 -2.16   data arrival time
-----------------------------------------------------------------------------
                                  8.04   slack (MET)


Startpoint: _19_ (rising edge-triggered flip-flop clocked by clk)
Endpoint: clk_gate_en (output port clocked by clk)
Path Group: clk
Path Type: max
Corner: Typical

Fanout     Cap    Slew   Delay    Time   Description
-----------------------------------------------------------------------------
                          0.00    0.00   clock clk (rise edge)
                          0.00    0.00   clock source latency
                  0.06    0.04    0.04 ^ clk (in)
     1    0.01                           clk (net)
                  0.06    0.00    0.04 ^ clkbuf_0_clk/A (sky130_fd_sc_hd__clkbuf_16)
                  0.04    0.14    0.18 ^ clkbuf_0_clk/X (sky130_fd_sc_hd__clkbuf_16)
     2    0.02                           clknet_0_clk (net)
                  0.04    0.00    0.18 ^ clkbuf_1_0__f_clk/A (sky130_fd_sc_hd__clkbuf_16)
                  0.03    0.11    0.29 ^ clkbuf_1_0__f_clk/X (sky130_fd_sc_hd__clkbuf_16)
     1    0.00                           clknet_1_0__leaf_clk (net)
                  0.03    0.00    0.29 ^ _19_/CLK (sky130_fd_sc_hd__dfrtp_2)
                  0.07    0.44    0.73 v _19_/Q (sky130_fd_sc_hd__dfrtp_2)
     6    0.02                           net7 (net)
                  0.07    0.00    0.73 v _10_/A (sky130_fd_sc_hd__or2_1)
                  0.05    0.24    0.97 v _10_/X (sky130_fd_sc_hd__or2_1)
     1    0.00                           _03_ (net)
                  0.05    0.00    0.97 v _11_/A (sky130_fd_sc_hd__clkbuf_1)
                  0.03    0.09    1.07 v _11_/X (sky130_fd_sc_hd__clkbuf_1)
     1    0.00                           net5 (net)
                  0.03    0.00    1.07 v output5/A (sky130_fd_sc_hd__clkbuf_4)
                  0.08    0.19    1.25 v output5/X (sky130_fd_sc_hd__clkbuf_4)
     1    0.03                           clk_gate_en (net)
                  0.08    0.00    1.25 v clk_gate_en (out)
                                  1.25   data arrival time

                         10.00   10.00   clock clk (rise edge)
                          0.00   10.00   clock network delay (propagated)
                         -0.25    9.75   clock uncertainty
                          0.00    9.75   clock reconvergence pessimism
                         -2.00    7.75   output external delay
                                  7.75   data required time
-----------------------------------------------------------------------------
                                  7.75   data required time
                                 -1.25   data arrival time
-----------------------------------------------------------------------------
                                  6.50   slack (MET)




===========================================================================
report_checks --slack_max -0.01
============================================================================
======================= Fastest Corner ===================================

No paths found.

======================= Slowest Corner ===================================

No paths found.

======================= Typical Corner ===================================

No paths found.


===========================================================================
 report_check_types -max_slew -max_cap -max_fanout -violators
============================================================================
======================= Fastest Corner ===================================


======================= Slowest Corner ===================================


======================= Typical Corner ===================================



===========================================================================
report_parasitic_annotation -report_unannotated
============================================================================
Found 0 unannotated drivers.
Found 0 partially unannotated drivers.

===========================================================================
max slew violation count 0
max fanout violation count 0
max cap violation count 0
============================================================================

===========================================================================
check_setup -verbose -unconstrained_endpoints -multiple_clock -no_clock -no_input_delay -loops -generated_clocks
===========================================================================
