OpenROAD 41a51eaf4ca2171c92ff38afb91eb37bbd3f36da 
This program is licensed under the BSD-3 license. See the LICENSE file for details.
Components of this program may be licensed under more restrictive licenses which must be honored.
[INFO]: Reading ODB at '/openlane/designs/pmu_controller/runs/RUN_2026.04.28_12.48.54/tmp/routing/19-global.odb'…
define_corners Typical
read_liberty -corner Typical /home/mgangadhar/.ciel/sky130A/libs.ref/sky130_fd_sc_hd/lib/sky130_fd_sc_hd__tt_025C_1v80.lib
Using 1e-12 for capacitance...
Using 1e+03 for resistance...
Using 1e-09 for time...
Using 1e+00 for voltage...
Using 1e-03 for current...
Using 1e-09 for power...
Using 1e-06 for distance...
Reading design constraints file at '/openlane/designs/pmu_controller/runs/RUN_2026.04.28_12.48.54/tmp/17-pmu_controller.sdc'…
min_report

===========================================================================
report_checks -path_delay min (Hold)
============================================================================
======================= Typical Corner ===================================

Startpoint: _19_ (rising edge-triggered flip-flop clocked by clk)
Endpoint: _19_ (rising edge-triggered flip-flop clocked by clk)
Path Group: clk
Path Type: min

Fanout     Cap    Slew   Delay    Time   Description
-----------------------------------------------------------------------------
                          0.00    0.00   clock clk (rise edge)
                          0.00    0.00   clock source latency
                  0.04    0.03    0.03 ^ clk (in)
     1    0.01                           clk (net)
                  0.04    0.00    0.03 ^ clkbuf_0_clk/A (sky130_fd_sc_hd__clkbuf_16)
                  0.04    0.11    0.14 ^ clkbuf_0_clk/X (sky130_fd_sc_hd__clkbuf_16)
     2    0.02                           clknet_0_clk (net)
                  0.04    0.00    0.14 ^ clkbuf_1_0__f_clk/A (sky130_fd_sc_hd__clkbuf_16)
                  0.03    0.10    0.24 ^ clkbuf_1_0__f_clk/X (sky130_fd_sc_hd__clkbuf_16)
     1    0.00                           clknet_1_0__leaf_clk (net)
                  0.03    0.00    0.24 ^ _19_/CLK (sky130_fd_sc_hd__dfrtp_2)
                  0.08    0.35    0.59 ^ _19_/Q (sky130_fd_sc_hd__dfrtp_2)
     6    0.01                           net7 (net)
                  0.08    0.00    0.59 ^ _16_/B1 (sky130_fd_sc_hd__a21oi_1)
                  0.03    0.04    0.63 v _16_/Y (sky130_fd_sc_hd__a21oi_1)
     1    0.00                           _07_ (net)
                  0.03    0.00    0.63 v _17_/A2 (sky130_fd_sc_hd__o21bai_1)
                  0.05    0.09    0.72 ^ _17_/Y (sky130_fd_sc_hd__o21bai_1)
     1    0.00                           _01_ (net)
                  0.05    0.00    0.72 ^ _19_/D (sky130_fd_sc_hd__dfrtp_2)
                                  0.72   data arrival time

                          0.00    0.00   clock clk (rise edge)
                          0.00    0.00   clock source latency
                  0.04    0.03    0.03 ^ clk (in)
     1    0.01                           clk (net)
                  0.04    0.00    0.03 ^ clkbuf_0_clk/A (sky130_fd_sc_hd__clkbuf_16)
                  0.04    0.13    0.16 ^ clkbuf_0_clk/X (sky130_fd_sc_hd__clkbuf_16)
     2    0.02                           clknet_0_clk (net)
                  0.04    0.00    0.16 ^ clkbuf_1_0__f_clk/A (sky130_fd_sc_hd__clkbuf_16)
                  0.03    0.11    0.27 ^ clkbuf_1_0__f_clk/X (sky130_fd_sc_hd__clkbuf_16)
     1    0.00                           clknet_1_0__leaf_clk (net)
                  0.03    0.00    0.27 ^ _19_/CLK (sky130_fd_sc_hd__dfrtp_2)
                          0.25    0.52   clock uncertainty
                         -0.03    0.49   clock reconvergence pessimism
                         -0.04    0.45   library hold time
                                  0.45   data required time
-----------------------------------------------------------------------------
                                  0.45   data required time
                                 -0.72   data arrival time
-----------------------------------------------------------------------------
                                  0.27   slack (MET)


Startpoint: _19_ (rising edge-triggered flip-flop clocked by clk)
Endpoint: _18_ (rising edge-triggered flip-flop clocked by clk)
Path Group: clk
Path Type: min

Fanout     Cap    Slew   Delay    Time   Description
-----------------------------------------------------------------------------
                          0.00    0.00   clock clk (rise edge)
                          0.00    0.00   clock source latency
                  0.04    0.03    0.03 ^ clk (in)
     1    0.01                           clk (net)
                  0.04    0.00    0.03 ^ clkbuf_0_clk/A (sky130_fd_sc_hd__clkbuf_16)
                  0.04    0.11    0.14 ^ clkbuf_0_clk/X (sky130_fd_sc_hd__clkbuf_16)
     2    0.02                           clknet_0_clk (net)
                  0.04    0.00    0.14 ^ clkbuf_1_0__f_clk/A (sky130_fd_sc_hd__clkbuf_16)
                  0.03    0.10    0.24 ^ clkbuf_1_0__f_clk/X (sky130_fd_sc_hd__clkbuf_16)
     1    0.00                           clknet_1_0__leaf_clk (net)
                  0.03    0.00    0.24 ^ _19_/CLK (sky130_fd_sc_hd__dfrtp_2)
                  0.08    0.35    0.59 ^ _19_/Q (sky130_fd_sc_hd__dfrtp_2)
     6    0.01                           net7 (net)
                  0.08    0.00    0.59 ^ _12_/A (sky130_fd_sc_hd__or2b_1)
                  0.04    0.09    0.68 ^ _12_/X (sky130_fd_sc_hd__or2b_1)
     1    0.00                           _04_ (net)
                  0.04    0.00    0.68 ^ _15_/A1 (sky130_fd_sc_hd__a211o_1)
                  0.03    0.09    0.78 ^ _15_/X (sky130_fd_sc_hd__a211o_1)
     1    0.00                           _00_ (net)
                  0.03    0.00    0.78 ^ _18_/D (sky130_fd_sc_hd__dfrtp_1)
                                  0.78   data arrival time

                          0.00    0.00   clock clk (rise edge)
                          0.00    0.00   clock source latency
                  0.04    0.03    0.03 ^ clk (in)
     1    0.01                           clk (net)
                  0.04    0.00    0.03 ^ clkbuf_0_clk/A (sky130_fd_sc_hd__clkbuf_16)
                  0.04    0.13    0.16 ^ clkbuf_0_clk/X (sky130_fd_sc_hd__clkbuf_16)
     2    0.02                           clknet_0_clk (net)
                  0.04    0.00    0.16 ^ clkbuf_1_1__f_clk/A (sky130_fd_sc_hd__clkbuf_16)
                  0.03    0.11    0.27 ^ clkbuf_1_1__f_clk/X (sky130_fd_sc_hd__clkbuf_16)
     1    0.00                           clknet_1_1__leaf_clk (net)
                  0.03    0.00    0.27 ^ _18_/CLK (sky130_fd_sc_hd__dfrtp_1)
                          0.25    0.52   clock uncertainty
                         -0.01    0.50   clock reconvergence pessimism
                         -0.03    0.47   library hold time
                                  0.47   data required time
-----------------------------------------------------------------------------
                                  0.47   data required time
                                 -0.78   data arrival time
-----------------------------------------------------------------------------
                                  0.31   slack (MET)


Startpoint: reset_n (input port clocked by clk)
Endpoint: _18_ (removal check against rising-edge clock clk)
Path Group: asynchronous
Path Type: min

Fanout     Cap    Slew   Delay    Time   Description
-----------------------------------------------------------------------------
                          0.00    0.00   clock clk (rise edge)
                          0.00    0.00   clock network delay (propagated)
                          2.00    2.00 ^ input external delay
                  0.02    0.01    2.01 ^ reset_n (in)
     1    0.00                           reset_n (net)
                  0.02    0.00    2.01 ^ input2/A (sky130_fd_sc_hd__buf_1)
                  0.10    0.10    2.11 ^ input2/X (sky130_fd_sc_hd__buf_1)
     2    0.01                           net2 (net)
                  0.10    0.00    2.11 ^ _18_/RESET_B (sky130_fd_sc_hd__dfrtp_1)
                                  2.11   data arrival time

                          0.00    0.00   clock clk (rise edge)
                          0.00    0.00   clock source latency
                  0.04    0.03    0.03 ^ clk (in)
     1    0.01                           clk (net)
                  0.04    0.00    0.03 ^ clkbuf_0_clk/A (sky130_fd_sc_hd__clkbuf_16)
                  0.04    0.13    0.16 ^ clkbuf_0_clk/X (sky130_fd_sc_hd__clkbuf_16)
     2    0.02                           clknet_0_clk (net)
                  0.04    0.00    0.16 ^ clkbuf_1_1__f_clk/A (sky130_fd_sc_hd__clkbuf_16)
                  0.03    0.11    0.27 ^ clkbuf_1_1__f_clk/X (sky130_fd_sc_hd__clkbuf_16)
     1    0.00                           clknet_1_1__leaf_clk (net)
                  0.03    0.00    0.27 ^ _18_/CLK (sky130_fd_sc_hd__dfrtp_1)
                          0.25    0.52   clock uncertainty
                          0.00    0.52   clock reconvergence pessimism
                          0.33    0.84   library removal time
                                  0.84   data required time
-----------------------------------------------------------------------------
                                  0.84   data required time
                                 -2.11   data arrival time
-----------------------------------------------------------------------------
                                  1.26   slack (MET)


Startpoint: reset_n (input port clocked by clk)
Endpoint: _19_ (removal check against rising-edge clock clk)
Path Group: asynchronous
Path Type: min

Fanout     Cap    Slew   Delay    Time   Description
-----------------------------------------------------------------------------
                          0.00    0.00   clock clk (rise edge)
                          0.00    0.00   clock network delay (propagated)
                          2.00    2.00 ^ input external delay
                  0.02    0.01    2.01 ^ reset_n (in)
     1    0.00                           reset_n (net)
                  0.02    0.00    2.01 ^ input2/A (sky130_fd_sc_hd__buf_1)
                  0.10    0.10    2.11 ^ input2/X (sky130_fd_sc_hd__buf_1)
     2    0.01                           net2 (net)
                  0.10    0.00    2.11 ^ _19_/RESET_B (sky130_fd_sc_hd__dfrtp_2)
                                  2.11   data arrival time

                          0.00    0.00   clock clk (rise edge)
                          0.00    0.00   clock source latency
                  0.04    0.03    0.03 ^ clk (in)
     1    0.01                           clk (net)
                  0.04    0.00    0.03 ^ clkbuf_0_clk/A (sky130_fd_sc_hd__clkbuf_16)
                  0.04    0.13    0.16 ^ clkbuf_0_clk/X (sky130_fd_sc_hd__clkbuf_16)
     2    0.02                           clknet_0_clk (net)
                  0.04    0.00    0.16 ^ clkbuf_1_0__f_clk/A (sky130_fd_sc_hd__clkbuf_16)
                  0.03    0.11    0.27 ^ clkbuf_1_0__f_clk/X (sky130_fd_sc_hd__clkbuf_16)
     1    0.00                           clknet_1_0__leaf_clk (net)
                  0.03    0.00    0.27 ^ _19_/CLK (sky130_fd_sc_hd__dfrtp_2)
                          0.25    0.52   clock uncertainty
                          0.00    0.52   clock reconvergence pessimism
                          0.33    0.84   library removal time
                                  0.84   data required time
-----------------------------------------------------------------------------
                                  0.84   data required time
                                 -2.11   data arrival time
-----------------------------------------------------------------------------
                                  1.26   slack (MET)


Startpoint: _18_ (rising edge-triggered flip-flop clocked by clk)
Endpoint: current_state[0] (output port clocked by clk)
Path Group: clk
Path Type: min

Fanout     Cap    Slew   Delay    Time   Description
-----------------------------------------------------------------------------
                          0.00    0.00   clock clk (rise edge)
                          0.00    0.00   clock source latency
                  0.04    0.03    0.03 ^ clk (in)
     1    0.01                           clk (net)
                  0.04    0.00    0.03 ^ clkbuf_0_clk/A (sky130_fd_sc_hd__clkbuf_16)
                  0.04    0.11    0.14 ^ clkbuf_0_clk/X (sky130_fd_sc_hd__clkbuf_16)
     2    0.02                           clknet_0_clk (net)
                  0.04    0.00    0.14 ^ clkbuf_1_1__f_clk/A (sky130_fd_sc_hd__clkbuf_16)
                  0.03    0.10    0.24 ^ clkbuf_1_1__f_clk/X (sky130_fd_sc_hd__clkbuf_16)
     1    0.00                           clknet_1_1__leaf_clk (net)
                  0.03    0.00    0.24 ^ _18_/CLK (sky130_fd_sc_hd__dfrtp_1)
                  0.11    0.34    0.58 ^ _18_/Q (sky130_fd_sc_hd__dfrtp_1)
     5    0.01                           net6 (net)
                  0.11    0.00    0.58 ^ output6/A (sky130_fd_sc_hd__clkbuf_4)
                  0.11    0.20    0.78 ^ output6/X (sky130_fd_sc_hd__clkbuf_4)
     1    0.03                           current_state[0] (net)
                  0.11    0.00    0.78 ^ current_state[0] (out)
                                  0.78   data arrival time

                          0.00    0.00   clock clk (rise edge)
                          0.00    0.00   clock network delay (propagated)
                          0.25    0.25   clock uncertainty
                          0.00    0.25   clock reconvergence pessimism
                         -2.00   -1.75   output external delay
                                 -1.75   data required time
-----------------------------------------------------------------------------
                                 -1.75   data required time
                                 -0.78   data arrival time
-----------------------------------------------------------------------------
                                  2.53   slack (MET)


Startpoint: _19_ (rising edge-triggered flip-flop clocked by clk)
Endpoint: current_state[1] (output port clocked by clk)
Path Group: clk
Path Type: min

Fanout     Cap    Slew   Delay    Time   Description
-----------------------------------------------------------------------------
                          0.00    0.00   clock clk (rise edge)
                          0.00    0.00   clock source latency
                  0.04    0.03    0.03 ^ clk (in)
     1    0.01                           clk (net)
                  0.04    0.00    0.03 ^ clkbuf_0_clk/A (sky130_fd_sc_hd__clkbuf_16)
                  0.04    0.11    0.14 ^ clkbuf_0_clk/X (sky130_fd_sc_hd__clkbuf_16)
     2    0.02                           clknet_0_clk (net)
                  0.04    0.00    0.14 ^ clkbuf_1_0__f_clk/A (sky130_fd_sc_hd__clkbuf_16)
                  0.03    0.10    0.24 ^ clkbuf_1_0__f_clk/X (sky130_fd_sc_hd__clkbuf_16)
     1    0.00                           clknet_1_0__leaf_clk (net)
                  0.03    0.00    0.24 ^ _19_/CLK (sky130_fd_sc_hd__dfrtp_2)
                  0.08    0.35    0.59 ^ _19_/Q (sky130_fd_sc_hd__dfrtp_2)
     6    0.01                           net7 (net)
                  0.08    0.00    0.59 ^ output7/A (sky130_fd_sc_hd__clkbuf_4)
                  0.11    0.19    0.78 ^ output7/X (sky130_fd_sc_hd__clkbuf_4)
     1    0.03                           current_state[1] (net)
                  0.11    0.00    0.78 ^ current_state[1] (out)
                                  0.78   data arrival time

                          0.00    0.00   clock clk (rise edge)
                          0.00    0.00   clock network delay (propagated)
                          0.25    0.25   clock uncertainty
                          0.00    0.25   clock reconvergence pessimism
                         -2.00   -1.75   output external delay
                                 -1.75   data required time
-----------------------------------------------------------------------------
                                 -1.75   data required time
                                 -0.78   data arrival time
-----------------------------------------------------------------------------
                                  2.53   slack (MET)


Startpoint: _18_ (rising edge-triggered flip-flop clocked by clk)
Endpoint: clk_gate_en (output port clocked by clk)
Path Group: clk
Path Type: min

Fanout     Cap    Slew   Delay    Time   Description
-----------------------------------------------------------------------------
                          0.00    0.00   clock clk (rise edge)
                          0.00    0.00   clock source latency
                  0.04    0.03    0.03 ^ clk (in)
     1    0.01                           clk (net)
                  0.04    0.00    0.03 ^ clkbuf_0_clk/A (sky130_fd_sc_hd__clkbuf_16)
                  0.04    0.11    0.14 ^ clkbuf_0_clk/X (sky130_fd_sc_hd__clkbuf_16)
     2    0.02                           clknet_0_clk (net)
                  0.04    0.00    0.14 ^ clkbuf_1_1__f_clk/A (sky130_fd_sc_hd__clkbuf_16)
                  0.03    0.10    0.24 ^ clkbuf_1_1__f_clk/X (sky130_fd_sc_hd__clkbuf_16)
     1    0.00                           clknet_1_1__leaf_clk (net)
                  0.03    0.00    0.24 ^ _18_/CLK (sky130_fd_sc_hd__dfrtp_1)
                  0.11    0.34    0.58 ^ _18_/Q (sky130_fd_sc_hd__dfrtp_1)
     5    0.01                           net6 (net)
                  0.11    0.00    0.58 ^ _10_/B (sky130_fd_sc_hd__or2_1)
                  0.04    0.10    0.68 ^ _10_/X (sky130_fd_sc_hd__or2_1)
     1    0.00                           _03_ (net)
                  0.04    0.00    0.68 ^ _11_/A (sky130_fd_sc_hd__clkbuf_1)
                  0.04    0.07    0.75 ^ _11_/X (sky130_fd_sc_hd__clkbuf_1)
     1    0.00                           net5 (net)
                  0.04    0.00    0.75 ^ output5/A (sky130_fd_sc_hd__clkbuf_4)
                  0.11    0.17    0.92 ^ output5/X (sky130_fd_sc_hd__clkbuf_4)
     1    0.03                           clk_gate_en (net)
                  0.11    0.00    0.92 ^ clk_gate_en (out)
                                  0.92   data arrival time

                          0.00    0.00   clock clk (rise edge)
                          0.00    0.00   clock network delay (propagated)
                          0.25    0.25   clock uncertainty
                          0.00    0.25   clock reconvergence pessimism
                         -2.00   -1.75   output external delay
                                 -1.75   data required time
-----------------------------------------------------------------------------
                                 -1.75   data required time
                                 -0.92   data arrival time
-----------------------------------------------------------------------------
                                  2.67   slack (MET)


Startpoint: _19_ (rising edge-triggered flip-flop clocked by clk)
Endpoint: isolation_en (output port clocked by clk)
Path Group: clk
Path Type: min

Fanout     Cap    Slew   Delay    Time   Description
-----------------------------------------------------------------------------
                          0.00    0.00   clock clk (rise edge)
                          0.00    0.00   clock source latency
                  0.04    0.03    0.03 ^ clk (in)
     1    0.01                           clk (net)
                  0.04    0.00    0.03 ^ clkbuf_0_clk/A (sky130_fd_sc_hd__clkbuf_16)
                  0.04    0.11    0.14 ^ clkbuf_0_clk/X (sky130_fd_sc_hd__clkbuf_16)
     2    0.02                           clknet_0_clk (net)
                  0.04    0.00    0.14 ^ clkbuf_1_0__f_clk/A (sky130_fd_sc_hd__clkbuf_16)
                  0.03    0.10    0.24 ^ clkbuf_1_0__f_clk/X (sky130_fd_sc_hd__clkbuf_16)
     1    0.00                           clknet_1_0__leaf_clk (net)
                  0.03    0.00    0.24 ^ _19_/CLK (sky130_fd_sc_hd__dfrtp_2)
                  0.08    0.35    0.59 ^ _19_/Q (sky130_fd_sc_hd__dfrtp_2)
     6    0.01                           net7 (net)
                  0.08    0.00    0.59 ^ _08_/A (sky130_fd_sc_hd__clkbuf_1)
                  0.04    0.08    0.67 ^ _08_/X (sky130_fd_sc_hd__clkbuf_1)
     1    0.00                           _02_ (net)
                  0.04    0.00    0.67 ^ _09_/A (sky130_fd_sc_hd__buf_1)
                  0.06    0.09    0.76 ^ _09_/X (sky130_fd_sc_hd__buf_1)
     2    0.00                           net8 (net)
                  0.06    0.00    0.76 ^ output8/A (sky130_fd_sc_hd__clkbuf_4)
                  0.11    0.18    0.94 ^ output8/X (sky130_fd_sc_hd__clkbuf_4)
     1    0.03                           isolation_en (net)
                  0.11    0.00    0.94 ^ isolation_en (out)
                                  0.94   data arrival time

                          0.00    0.00   clock clk (rise edge)
                          0.00    0.00   clock network delay (propagated)
                          0.25    0.25   clock uncertainty
                          0.00    0.25   clock reconvergence pessimism
                         -2.00   -1.75   output external delay
                                 -1.75   data required time
-----------------------------------------------------------------------------
                                 -1.75   data required time
                                 -0.94   data arrival time
-----------------------------------------------------------------------------
                                  2.69   slack (MET)


Startpoint: _19_ (rising edge-triggered flip-flop clocked by clk)
Endpoint: pwr_gate_en (output port clocked by clk)
Path Group: clk
Path Type: min

Fanout     Cap    Slew   Delay    Time   Description
-----------------------------------------------------------------------------
                          0.00    0.00   clock clk (rise edge)
                          0.00    0.00   clock source latency
                  0.04    0.03    0.03 ^ clk (in)
     1    0.01                           clk (net)
                  0.04    0.00    0.03 ^ clkbuf_0_clk/A (sky130_fd_sc_hd__clkbuf_16)
                  0.04    0.11    0.14 ^ clkbuf_0_clk/X (sky130_fd_sc_hd__clkbuf_16)
     2    0.02                           clknet_0_clk (net)
                  0.04    0.00    0.14 ^ clkbuf_1_0__f_clk/A (sky130_fd_sc_hd__clkbuf_16)
                  0.03    0.10    0.24 ^ clkbuf_1_0__f_clk/X (sky130_fd_sc_hd__clkbuf_16)
     1    0.00                           clknet_1_0__leaf_clk (net)
                  0.03    0.00    0.24 ^ _19_/CLK (sky130_fd_sc_hd__dfrtp_2)
                  0.08    0.35    0.59 ^ _19_/Q (sky130_fd_sc_hd__dfrtp_2)
     6    0.01                           net7 (net)
                  0.08    0.00    0.59 ^ _08_/A (sky130_fd_sc_hd__clkbuf_1)
                  0.04    0.08    0.67 ^ _08_/X (sky130_fd_sc_hd__clkbuf_1)
     1    0.00                           _02_ (net)
                  0.04    0.00    0.67 ^ _09_/A (sky130_fd_sc_hd__buf_1)
                  0.06    0.09    0.76 ^ _09_/X (sky130_fd_sc_hd__buf_1)
     2    0.00                           net8 (net)
                  0.06    0.00    0.76 ^ _20_/A (sky130_fd_sc_hd__clkbuf_1)
                  0.04    0.08    0.84 ^ _20_/X (sky130_fd_sc_hd__clkbuf_1)
     1    0.00                           net9 (net)
                  0.04    0.00    0.84 ^ output9/A (sky130_fd_sc_hd__clkbuf_4)
                  0.11    0.17    1.01 ^ output9/X (sky130_fd_sc_hd__clkbuf_4)
     1    0.03                           pwr_gate_en (net)
                  0.11    0.00    1.01 ^ pwr_gate_en (out)
                                  1.01   data arrival time

                          0.00    0.00   clock clk (rise edge)
                          0.00    0.00   clock network delay (propagated)
                          0.25    0.25   clock uncertainty
                          0.00    0.25   clock reconvergence pessimism
                         -2.00   -1.75   output external delay
                                 -1.75   data required time
-----------------------------------------------------------------------------
                                 -1.75   data required time
                                 -1.01   data arrival time
-----------------------------------------------------------------------------
                                  2.76   slack (MET)



min_report_end
max_report

===========================================================================
report_checks -path_delay max (Setup)
============================================================================
======================= Typical Corner ===================================

Startpoint: _19_ (rising edge-triggered flip-flop clocked by clk)
Endpoint: clk_gate_en (output port clocked by clk)
Path Group: clk
Path Type: max

Fanout     Cap    Slew   Delay    Time   Description
-----------------------------------------------------------------------------
                          0.00    0.00   clock clk (rise edge)
                          0.00    0.00   clock source latency
                  0.04    0.03    0.03 ^ clk (in)
     1    0.01                           clk (net)
                  0.04    0.00    0.03 ^ clkbuf_0_clk/A (sky130_fd_sc_hd__clkbuf_16)
                  0.04    0.13    0.16 ^ clkbuf_0_clk/X (sky130_fd_sc_hd__clkbuf_16)
     2    0.02                           clknet_0_clk (net)
                  0.04    0.00    0.16 ^ clkbuf_1_0__f_clk/A (sky130_fd_sc_hd__clkbuf_16)
                  0.03    0.11    0.27 ^ clkbuf_1_0__f_clk/X (sky130_fd_sc_hd__clkbuf_16)
     1    0.00                           clknet_1_0__leaf_clk (net)
                  0.03    0.00    0.27 ^ _19_/CLK (sky130_fd_sc_hd__dfrtp_2)
                  0.06    0.43    0.69 v _19_/Q (sky130_fd_sc_hd__dfrtp_2)
     6    0.01                           net7 (net)
                  0.06    0.00    0.69 v _10_/A (sky130_fd_sc_hd__or2_1)
                  0.04    0.23    0.92 v _10_/X (sky130_fd_sc_hd__or2_1)
     1    0.00                           _03_ (net)
                  0.04    0.00    0.92 v _11_/A (sky130_fd_sc_hd__clkbuf_1)
                  0.02    0.09    1.01 v _11_/X (sky130_fd_sc_hd__clkbuf_1)
     1    0.00                           net5 (net)
                  0.02    0.00    1.01 v output5/A (sky130_fd_sc_hd__clkbuf_4)
                  0.08    0.18    1.19 v output5/X (sky130_fd_sc_hd__clkbuf_4)
     1    0.03                           clk_gate_en (net)
                  0.08    0.00    1.19 v clk_gate_en (out)
                                  1.19   data arrival time

                         10.00   10.00   clock clk (rise edge)
                          0.00   10.00   clock network delay (propagated)
                         -0.25    9.75   clock uncertainty
                          0.00    9.75   clock reconvergence pessimism
                         -2.00    7.75   output external delay
                                  7.75   data required time
-----------------------------------------------------------------------------
                                  7.75   data required time
                                 -1.19   data arrival time
-----------------------------------------------------------------------------
                                  6.56   slack (MET)


Startpoint: _19_ (rising edge-triggered flip-flop clocked by clk)
Endpoint: pwr_gate_en (output port clocked by clk)
Path Group: clk
Path Type: max

Fanout     Cap    Slew   Delay    Time   Description
-----------------------------------------------------------------------------
                          0.00    0.00   clock clk (rise edge)
                          0.00    0.00   clock source latency
                  0.04    0.03    0.03 ^ clk (in)
     1    0.01                           clk (net)
                  0.04    0.00    0.03 ^ clkbuf_0_clk/A (sky130_fd_sc_hd__clkbuf_16)
                  0.04    0.13    0.16 ^ clkbuf_0_clk/X (sky130_fd_sc_hd__clkbuf_16)
     2    0.02                           clknet_0_clk (net)
                  0.04    0.00    0.16 ^ clkbuf_1_0__f_clk/A (sky130_fd_sc_hd__clkbuf_16)
                  0.03    0.11    0.27 ^ clkbuf_1_0__f_clk/X (sky130_fd_sc_hd__clkbuf_16)
     1    0.00                           clknet_1_0__leaf_clk (net)
                  0.03    0.00    0.27 ^ _19_/CLK (sky130_fd_sc_hd__dfrtp_2)
                  0.06    0.43    0.69 v _19_/Q (sky130_fd_sc_hd__dfrtp_2)
     6    0.01                           net7 (net)
                  0.06    0.00    0.69 v _08_/A (sky130_fd_sc_hd__clkbuf_1)
                  0.02    0.10    0.79 v _08_/X (sky130_fd_sc_hd__clkbuf_1)
     1    0.00                           _02_ (net)
                  0.02    0.00    0.79 v _09_/A (sky130_fd_sc_hd__buf_1)
                  0.03    0.09    0.88 v _09_/X (sky130_fd_sc_hd__buf_1)
     2    0.00                           net8 (net)
                  0.03    0.00    0.88 v _20_/A (sky130_fd_sc_hd__clkbuf_1)
                  0.02    0.08    0.96 v _20_/X (sky130_fd_sc_hd__clkbuf_1)
     1    0.00                           net9 (net)
                  0.02    0.00    0.96 v output9/A (sky130_fd_sc_hd__clkbuf_4)
                  0.08    0.18    1.14 v output9/X (sky130_fd_sc_hd__clkbuf_4)
     1    0.03                           pwr_gate_en (net)
                  0.08    0.00    1.14 v pwr_gate_en (out)
                                  1.14   data arrival time

                         10.00   10.00   clock clk (rise edge)
                          0.00   10.00   clock network delay (propagated)
                         -0.25    9.75   clock uncertainty
                          0.00    9.75   clock reconvergence pessimism
                         -2.00    7.75   output external delay
                                  7.75   data required time
-----------------------------------------------------------------------------
                                  7.75   data required time
                                 -1.14   data arrival time
-----------------------------------------------------------------------------
                                  6.61   slack (MET)


Startpoint: _19_ (rising edge-triggered flip-flop clocked by clk)
Endpoint: isolation_en (output port clocked by clk)
Path Group: clk
Path Type: max

Fanout     Cap    Slew   Delay    Time   Description
-----------------------------------------------------------------------------
                          0.00    0.00   clock clk (rise edge)
                          0.00    0.00   clock source latency
                  0.04    0.03    0.03 ^ clk (in)
     1    0.01                           clk (net)
                  0.04    0.00    0.03 ^ clkbuf_0_clk/A (sky130_fd_sc_hd__clkbuf_16)
                  0.04    0.13    0.16 ^ clkbuf_0_clk/X (sky130_fd_sc_hd__clkbuf_16)
     2    0.02                           clknet_0_clk (net)
                  0.04    0.00    0.16 ^ clkbuf_1_0__f_clk/A (sky130_fd_sc_hd__clkbuf_16)
                  0.03    0.11    0.27 ^ clkbuf_1_0__f_clk/X (sky130_fd_sc_hd__clkbuf_16)
     1    0.00                           clknet_1_0__leaf_clk (net)
                  0.03    0.00    0.27 ^ _19_/CLK (sky130_fd_sc_hd__dfrtp_2)
                  0.06    0.43    0.69 v _19_/Q (sky130_fd_sc_hd__dfrtp_2)
     6    0.01                           net7 (net)
                  0.06    0.00    0.69 v _08_/A (sky130_fd_sc_hd__clkbuf_1)
                  0.02    0.10    0.79 v _08_/X (sky130_fd_sc_hd__clkbuf_1)
     1    0.00                           _02_ (net)
                  0.02    0.00    0.79 v _09_/A (sky130_fd_sc_hd__buf_1)
                  0.03    0.09    0.88 v _09_/X (sky130_fd_sc_hd__buf_1)
     2    0.00                           net8 (net)
                  0.03    0.00    0.88 v output8/A (sky130_fd_sc_hd__clkbuf_4)
                  0.08    0.19    1.06 v output8/X (sky130_fd_sc_hd__clkbuf_4)
     1    0.03                           isolation_en (net)
                  0.08    0.00    1.06 v isolation_en (out)
                                  1.06   data arrival time

                         10.00   10.00   clock clk (rise edge)
                          0.00   10.00   clock network delay (propagated)
                         -0.25    9.75   clock uncertainty
                          0.00    9.75   clock reconvergence pessimism
                         -2.00    7.75   output external delay
                                  7.75   data required time
-----------------------------------------------------------------------------
                                  7.75   data required time
                                 -1.06   data arrival time
-----------------------------------------------------------------------------
                                  6.69   slack (MET)


Startpoint: _19_ (rising edge-triggered flip-flop clocked by clk)
Endpoint: current_state[1] (output port clocked by clk)
Path Group: clk
Path Type: max

Fanout     Cap    Slew   Delay    Time   Description
-----------------------------------------------------------------------------
                          0.00    0.00   clock clk (rise edge)
                          0.00    0.00   clock source latency
                  0.04    0.03    0.03 ^ clk (in)
     1    0.01                           clk (net)
                  0.04    0.00    0.03 ^ clkbuf_0_clk/A (sky130_fd_sc_hd__clkbuf_16)
                  0.04    0.13    0.16 ^ clkbuf_0_clk/X (sky130_fd_sc_hd__clkbuf_16)
     2    0.02                           clknet_0_clk (net)
                  0.04    0.00    0.16 ^ clkbuf_1_0__f_clk/A (sky130_fd_sc_hd__clkbuf_16)
                  0.03    0.11    0.27 ^ clkbuf_1_0__f_clk/X (sky130_fd_sc_hd__clkbuf_16)
     1    0.00                           clknet_1_0__leaf_clk (net)
                  0.03    0.00    0.27 ^ _19_/CLK (sky130_fd_sc_hd__dfrtp_2)
                  0.06    0.43    0.69 v _19_/Q (sky130_fd_sc_hd__dfrtp_2)
     6    0.01                           net7 (net)
                  0.06    0.00    0.69 v output7/A (sky130_fd_sc_hd__clkbuf_4)
                  0.08    0.20    0.89 v output7/X (sky130_fd_sc_hd__clkbuf_4)
     1    0.03                           current_state[1] (net)
                  0.08    0.00    0.89 v current_state[1] (out)
                                  0.89   data arrival time

                         10.00   10.00   clock clk (rise edge)
                          0.00   10.00   clock network delay (propagated)
                         -0.25    9.75   clock uncertainty
                          0.00    9.75   clock reconvergence pessimism
                         -2.00    7.75   output external delay
                                  7.75   data required time
-----------------------------------------------------------------------------
                                  7.75   data required time
                                 -0.89   data arrival time
-----------------------------------------------------------------------------
                                  6.86   slack (MET)


Startpoint: _18_ (rising edge-triggered flip-flop clocked by clk)
Endpoint: current_state[0] (output port clocked by clk)
Path Group: clk
Path Type: max

Fanout     Cap    Slew   Delay    Time   Description
-----------------------------------------------------------------------------
                          0.00    0.00   clock clk (rise edge)
                          0.00    0.00   clock source latency
                  0.04    0.03    0.03 ^ clk (in)
     1    0.01                           clk (net)
                  0.04    0.00    0.03 ^ clkbuf_0_clk/A (sky130_fd_sc_hd__clkbuf_16)
                  0.04    0.13    0.16 ^ clkbuf_0_clk/X (sky130_fd_sc_hd__clkbuf_16)
     2    0.02                           clknet_0_clk (net)
                  0.04    0.00    0.16 ^ clkbuf_1_1__f_clk/A (sky130_fd_sc_hd__clkbuf_16)
                  0.03    0.11    0.27 ^ clkbuf_1_1__f_clk/X (sky130_fd_sc_hd__clkbuf_16)
     1    0.00                           clknet_1_1__leaf_clk (net)
                  0.03    0.00    0.27 ^ _18_/CLK (sky130_fd_sc_hd__dfrtp_1)
                  0.07    0.40    0.67 v _18_/Q (sky130_fd_sc_hd__dfrtp_1)
     5    0.01                           net6 (net)
                  0.07    0.00    0.67 v output6/A (sky130_fd_sc_hd__clkbuf_4)
                  0.08    0.20    0.87 v output6/X (sky130_fd_sc_hd__clkbuf_4)
     1    0.03                           current_state[0] (net)
                  0.08    0.00    0.87 v current_state[0] (out)
                                  0.87   data arrival time

                         10.00   10.00   clock clk (rise edge)
                          0.00   10.00   clock network delay (propagated)
                         -0.25    9.75   clock uncertainty
                          0.00    9.75   clock reconvergence pessimism
                         -2.00    7.75   output external delay
                                  7.75   data required time
-----------------------------------------------------------------------------
                                  7.75   data required time
                                 -0.87   data arrival time
-----------------------------------------------------------------------------
                                  6.88   slack (MET)


Startpoint: app_idle (input port clocked by clk)
Endpoint: _18_ (rising edge-triggered flip-flop clocked by clk)
Path Group: clk
Path Type: max

Fanout     Cap    Slew   Delay    Time   Description
-----------------------------------------------------------------------------
                          0.00    0.00   clock clk (rise edge)
                          0.00    0.00   clock network delay (propagated)
                          2.00    2.00 ^ input external delay
                  0.02    0.01    2.01 ^ app_idle (in)
     1    0.00                           app_idle (net)
                  0.02    0.00    2.01 ^ input1/A (sky130_fd_sc_hd__buf_1)
                  0.08    0.10    2.11 ^ input1/X (sky130_fd_sc_hd__buf_1)
     3    0.01                           net1 (net)
                  0.08    0.00    2.11 ^ _12_/B_N (sky130_fd_sc_hd__or2b_1)
                  0.04    0.23    2.34 v _12_/X (sky130_fd_sc_hd__or2b_1)
     1    0.00                           _04_ (net)
                  0.04    0.00    2.34 v _15_/A1 (sky130_fd_sc_hd__a211o_1)
                  0.04    0.25    2.59 v _15_/X (sky130_fd_sc_hd__a211o_1)
     1    0.00                           _00_ (net)
                  0.04    0.00    2.59 v _18_/D (sky130_fd_sc_hd__dfrtp_1)
                                  2.59   data arrival time

                         10.00   10.00   clock clk (rise edge)
                          0.00   10.00   clock source latency
                  0.04    0.03   10.03 ^ clk (in)
     1    0.01                           clk (net)
                  0.04    0.00   10.03 ^ clkbuf_0_clk/A (sky130_fd_sc_hd__clkbuf_16)
                  0.04    0.11   10.14 ^ clkbuf_0_clk/X (sky130_fd_sc_hd__clkbuf_16)
     2    0.02                           clknet_0_clk (net)
                  0.04    0.00   10.14 ^ clkbuf_1_1__f_clk/A (sky130_fd_sc_hd__clkbuf_16)
                  0.03    0.10   10.24 ^ clkbuf_1_1__f_clk/X (sky130_fd_sc_hd__clkbuf_16)
     1    0.00                           clknet_1_1__leaf_clk (net)
                  0.03    0.00   10.24 ^ _18_/CLK (sky130_fd_sc_hd__dfrtp_1)
                         -0.25    9.99   clock uncertainty
                          0.00    9.99   clock reconvergence pessimism
                         -0.12    9.87   library setup time
                                  9.87   data required time
-----------------------------------------------------------------------------
                                  9.87   data required time
                                 -2.59   data arrival time
-----------------------------------------------------------------------------
                                  7.28   slack (MET)


Startpoint: app_idle (input port clocked by clk)
Endpoint: _19_ (rising edge-triggered flip-flop clocked by clk)
Path Group: clk
Path Type: max

Fanout     Cap    Slew   Delay    Time   Description
-----------------------------------------------------------------------------
                          0.00    0.00   clock clk (rise edge)
                          0.00    0.00   clock network delay (propagated)
                          2.00    2.00 v input external delay
                  0.01    0.00    2.00 v app_idle (in)
     1    0.00                           app_idle (net)
                  0.01    0.00    2.00 v input1/A (sky130_fd_sc_hd__buf_1)
                  0.04    0.09    2.09 v input1/X (sky130_fd_sc_hd__buf_1)
     3    0.00                           net1 (net)
                  0.04    0.00    2.09 v _16_/A2 (sky130_fd_sc_hd__a21oi_1)
                  0.10    0.13    2.22 ^ _16_/Y (sky130_fd_sc_hd__a21oi_1)
     1    0.00                           _07_ (net)
                  0.10    0.00    2.22 ^ _17_/A2 (sky130_fd_sc_hd__o21bai_1)
                  0.04    0.07    2.29 v _17_/Y (sky130_fd_sc_hd__o21bai_1)
     1    0.00                           _01_ (net)
                  0.04    0.00    2.29 v _19_/D (sky130_fd_sc_hd__dfrtp_2)
                                  2.29   data arrival time

                         10.00   10.00   clock clk (rise edge)
                          0.00   10.00   clock source latency
                  0.04    0.03   10.03 ^ clk (in)
     1    0.01                           clk (net)
                  0.04    0.00   10.03 ^ clkbuf_0_clk/A (sky130_fd_sc_hd__clkbuf_16)
                  0.04    0.11   10.14 ^ clkbuf_0_clk/X (sky130_fd_sc_hd__clkbuf_16)
     2    0.02                           clknet_0_clk (net)
                  0.04    0.00   10.14 ^ clkbuf_1_0__f_clk/A (sky130_fd_sc_hd__clkbuf_16)
                  0.03    0.10   10.24 ^ clkbuf_1_0__f_clk/X (sky130_fd_sc_hd__clkbuf_16)
     1    0.00                           clknet_1_0__leaf_clk (net)
                  0.03    0.00   10.24 ^ _19_/CLK (sky130_fd_sc_hd__dfrtp_2)
                         -0.25    9.99   clock uncertainty
                          0.00    9.99   clock reconvergence pessimism
                         -0.12    9.87   library setup time
                                  9.87   data required time
-----------------------------------------------------------------------------
                                  9.87   data required time
                                 -2.29   data arrival time
-----------------------------------------------------------------------------
                                  7.58   slack (MET)


Startpoint: reset_n (input port clocked by clk)
Endpoint: _19_ (recovery check against rising-edge clock clk)
Path Group: asynchronous
Path Type: max

Fanout     Cap    Slew   Delay    Time   Description
-----------------------------------------------------------------------------
                          0.00    0.00   clock clk (rise edge)
                          0.00    0.00   clock network delay (propagated)
                          2.00    2.00 ^ input external delay
                  0.02    0.01    2.01 ^ reset_n (in)
     1    0.00                           reset_n (net)
                  0.02    0.00    2.01 ^ input2/A (sky130_fd_sc_hd__buf_1)
                  0.10    0.11    2.12 ^ input2/X (sky130_fd_sc_hd__buf_1)
     2    0.01                           net2 (net)
                  0.10    0.00    2.12 ^ _19_/RESET_B (sky130_fd_sc_hd__dfrtp_2)
                                  2.12   data arrival time

                         10.00   10.00   clock clk (rise edge)
                          0.00   10.00   clock source latency
                  0.04    0.03   10.03 ^ clk (in)
     1    0.01                           clk (net)
                  0.04    0.00   10.03 ^ clkbuf_0_clk/A (sky130_fd_sc_hd__clkbuf_16)
                  0.04    0.11   10.14 ^ clkbuf_0_clk/X (sky130_fd_sc_hd__clkbuf_16)
     2    0.02                           clknet_0_clk (net)
                  0.04    0.00   10.14 ^ clkbuf_1_0__f_clk/A (sky130_fd_sc_hd__clkbuf_16)
                  0.03    0.10   10.24 ^ clkbuf_1_0__f_clk/X (sky130_fd_sc_hd__clkbuf_16)
     1    0.00                           clknet_1_0__leaf_clk (net)
                  0.03    0.00   10.24 ^ _19_/CLK (sky130_fd_sc_hd__dfrtp_2)
                         -0.25    9.99   clock uncertainty
                          0.00    9.99   clock reconvergence pessimism
                          0.20   10.19   library recovery time
                                 10.19   data required time
-----------------------------------------------------------------------------
                                 10.19   data required time
                                 -2.12   data arrival time
-----------------------------------------------------------------------------
                                  8.07   slack (MET)


Startpoint: reset_n (input port clocked by clk)
Endpoint: _18_ (recovery check against rising-edge clock clk)
Path Group: asynchronous
Path Type: max

Fanout     Cap    Slew   Delay    Time   Description
-----------------------------------------------------------------------------
                          0.00    0.00   clock clk (rise edge)
                          0.00    0.00   clock network delay (propagated)
                          2.00    2.00 ^ input external delay
                  0.02    0.01    2.01 ^ reset_n (in)
     1    0.00                           reset_n (net)
                  0.02    0.00    2.01 ^ input2/A (sky130_fd_sc_hd__buf_1)
                  0.10    0.11    2.12 ^ input2/X (sky130_fd_sc_hd__buf_1)
     2    0.01                           net2 (net)
                  0.10    0.00    2.12 ^ _18_/RESET_B (sky130_fd_sc_hd__dfrtp_1)
                                  2.12   data arrival time

                         10.00   10.00   clock clk (rise edge)
                          0.00   10.00   clock source latency
                  0.04    0.03   10.03 ^ clk (in)
     1    0.01                           clk (net)
                  0.04    0.00   10.03 ^ clkbuf_0_clk/A (sky130_fd_sc_hd__clkbuf_16)
                  0.04    0.11   10.14 ^ clkbuf_0_clk/X (sky130_fd_sc_hd__clkbuf_16)
     2    0.02                           clknet_0_clk (net)
                  0.04    0.00   10.14 ^ clkbuf_1_1__f_clk/A (sky130_fd_sc_hd__clkbuf_16)
                  0.03    0.10   10.24 ^ clkbuf_1_1__f_clk/X (sky130_fd_sc_hd__clkbuf_16)
     1    0.00                           clknet_1_1__leaf_clk (net)
                  0.03    0.00   10.24 ^ _18_/CLK (sky130_fd_sc_hd__dfrtp_1)
                         -0.25    9.99   clock uncertainty
                          0.00    9.99   clock reconvergence pessimism
                          0.21   10.20   library recovery time
                                 10.20   data required time
-----------------------------------------------------------------------------
                                 10.20   data required time
                                 -2.12   data arrival time
-----------------------------------------------------------------------------
                                  8.08   slack (MET)



max_report_end
checks_report

===========================================================================
report_checks -unconstrained
===========================================================================
======================= Typical Corner ===================================

Startpoint: reset_n (input port clocked by clk)
Endpoint: _19_ (recovery check against rising-edge clock clk)
Path Group: asynchronous
Path Type: max

Fanout     Cap    Slew   Delay    Time   Description
-----------------------------------------------------------------------------
                          0.00    0.00   clock clk (rise edge)
                          0.00    0.00   clock network delay (propagated)
                          2.00    2.00 ^ input external delay
                  0.02    0.01    2.01 ^ reset_n (in)
     1    0.00                           reset_n (net)
                  0.02    0.00    2.01 ^ input2/A (sky130_fd_sc_hd__buf_1)
                  0.10    0.11    2.12 ^ input2/X (sky130_fd_sc_hd__buf_1)
     2    0.01                           net2 (net)
                  0.10    0.00    2.12 ^ _19_/RESET_B (sky130_fd_sc_hd__dfrtp_2)
                                  2.12   data arrival time

                         10.00   10.00   clock clk (rise edge)
                          0.00   10.00   clock source latency
                  0.04    0.03   10.03 ^ clk (in)
     1    0.01                           clk (net)
                  0.04    0.00   10.03 ^ clkbuf_0_clk/A (sky130_fd_sc_hd__clkbuf_16)
                  0.04    0.11   10.14 ^ clkbuf_0_clk/X (sky130_fd_sc_hd__clkbuf_16)
     2    0.02                           clknet_0_clk (net)
                  0.04    0.00   10.14 ^ clkbuf_1_0__f_clk/A (sky130_fd_sc_hd__clkbuf_16)
                  0.03    0.10   10.24 ^ clkbuf_1_0__f_clk/X (sky130_fd_sc_hd__clkbuf_16)
     1    0.00                           clknet_1_0__leaf_clk (net)
                  0.03    0.00   10.24 ^ _19_/CLK (sky130_fd_sc_hd__dfrtp_2)
                         -0.25    9.99   clock uncertainty
                          0.00    9.99   clock reconvergence pessimism
                          0.20   10.19   library recovery time
                                 10.19   data required time
-----------------------------------------------------------------------------
                                 10.19   data required time
                                 -2.12   data arrival time
-----------------------------------------------------------------------------
                                  8.07   slack (MET)


Startpoint: _19_ (rising edge-triggered flip-flop clocked by clk)
Endpoint: clk_gate_en (output port clocked by clk)
Path Group: clk
Path Type: max

Fanout     Cap    Slew   Delay    Time   Description
-----------------------------------------------------------------------------
                          0.00    0.00   clock clk (rise edge)
                          0.00    0.00   clock source latency
                  0.04    0.03    0.03 ^ clk (in)
     1    0.01                           clk (net)
                  0.04    0.00    0.03 ^ clkbuf_0_clk/A (sky130_fd_sc_hd__clkbuf_16)
                  0.04    0.13    0.16 ^ clkbuf_0_clk/X (sky130_fd_sc_hd__clkbuf_16)
     2    0.02                           clknet_0_clk (net)
                  0.04    0.00    0.16 ^ clkbuf_1_0__f_clk/A (sky130_fd_sc_hd__clkbuf_16)
                  0.03    0.11    0.27 ^ clkbuf_1_0__f_clk/X (sky130_fd_sc_hd__clkbuf_16)
     1    0.00                           clknet_1_0__leaf_clk (net)
                  0.03    0.00    0.27 ^ _19_/CLK (sky130_fd_sc_hd__dfrtp_2)
                  0.06    0.43    0.69 v _19_/Q (sky130_fd_sc_hd__dfrtp_2)
     6    0.01                           net7 (net)
                  0.06    0.00    0.69 v _10_/A (sky130_fd_sc_hd__or2_1)
                  0.04    0.23    0.92 v _10_/X (sky130_fd_sc_hd__or2_1)
     1    0.00                           _03_ (net)
                  0.04    0.00    0.92 v _11_/A (sky130_fd_sc_hd__clkbuf_1)
                  0.02    0.09    1.01 v _11_/X (sky130_fd_sc_hd__clkbuf_1)
     1    0.00                           net5 (net)
                  0.02    0.00    1.01 v output5/A (sky130_fd_sc_hd__clkbuf_4)
                  0.08    0.18    1.19 v output5/X (sky130_fd_sc_hd__clkbuf_4)
     1    0.03                           clk_gate_en (net)
                  0.08    0.00    1.19 v clk_gate_en (out)
                                  1.19   data arrival time

                         10.00   10.00   clock clk (rise edge)
                          0.00   10.00   clock network delay (propagated)
                         -0.25    9.75   clock uncertainty
                          0.00    9.75   clock reconvergence pessimism
                         -2.00    7.75   output external delay
                                  7.75   data required time
-----------------------------------------------------------------------------
                                  7.75   data required time
                                 -1.19   data arrival time
-----------------------------------------------------------------------------
                                  6.56   slack (MET)




===========================================================================
report_checks --slack_max -0.01
============================================================================
======================= Typical Corner ===================================

No paths found.


===========================================================================
 report_check_types -max_slew -max_cap -max_fanout -violators
============================================================================
======================= Typical Corner ===================================



===========================================================================
report_parasitic_annotation -report_unannotated
============================================================================
Found 30 unannotated drivers.
 app_idle
 clk
 reset_n
 thermal_alert
 wakeup_event
 _08_/X
 _09_/X
 _10_/X
 _11_/X
 _12_/X
 _13_/X
 _14_/Y
 _15_/X
 _16_/Y
 _17_/Y
 _18_/Q
 _19_/Q
 _20_/X
 clkbuf_0_clk/X
 clkbuf_1_0__f_clk/X
 clkbuf_1_1__f_clk/X
 input1/X
 input2/X
 input3/X
 input4/X
 output5/X
 output6/X
 output7/X
 output8/X
 output9/X
Found 0 partially unannotated drivers.

===========================================================================
max slew violation count 0
max fanout violation count 0
max cap violation count 0
============================================================================

===========================================================================
check_setup -verbose -unconstrained_endpoints -multiple_clock -no_clock -no_input_delay -loops -generated_clocks
===========================================================================
checks_report_end
power_report

===========================================================================
 report_power
============================================================================
======================= Typical Corner ===================================

Group                  Internal  Switching    Leakage      Total
                          Power      Power      Power      Power (Watts)
----------------------------------------------------------------
Sequential             8.70e-06   5.67e-07   2.23e-11   9.26e-06  12.5%
Combinational          5.38e-05   1.10e-05   1.54e-10   6.48e-05  87.5%
Macro                  0.00e+00   0.00e+00   0.00e+00   0.00e+00   0.0%
Pad                    0.00e+00   0.00e+00   0.00e+00   0.00e+00   0.0%
----------------------------------------------------------------
Total                  6.25e-05   1.16e-05   1.76e-10   7.41e-05 100.0%
                          84.4%      15.6%       0.0%

power_report_end
skew_report

===========================================================================
report_clock_skew
============================================================================
Clock clk
Latency      CRPR       Skew
_18_/CLK ^
   0.27
_19_/CLK ^
   0.24     -0.01       0.01

skew_report_end
summary_report

===========================================================================
report_tns
============================================================================
tns 0.00

===========================================================================
report_wns
============================================================================
wns 0.00

===========================================================================
report_worst_slack -max (Setup)
============================================================================
worst slack 6.56

===========================================================================
report_worst_slack -min (Hold)
============================================================================
worst slack 0.27
summary_report_end
area_report

===========================================================================
report_design_area
============================================================================
Design area 259 u^2 25% utilization.
area_report_end
[WARNING] Did not save OpenROAD database!
