OpenROAD 41a51eaf4ca2171c92ff38afb91eb37bbd3f36da 
This program is licensed under the BSD-3 license. See the LICENSE file for details.
Components of this program may be licensed under more restrictive licenses which must be honored.
[INFO]: Reading ODB at '/openlane/designs/pmu_controller/runs/RUN_2026.04.28_12.48.54/tmp/routing/22-fill.odb'…
define_corners Typical
read_liberty -corner Typical /home/mgangadhar/.ciel/sky130A/libs.ref/sky130_fd_sc_hd/lib/sky130_fd_sc_hd__tt_025C_1v80.lib
Using 1e-12 for capacitance...
Using 1e+03 for resistance...
Using 1e-09 for time...
Using 1e+00 for voltage...
Using 1e-03 for current...
Using 1e-09 for power...
Using 1e-06 for distance...
Reading design constraints file at '/openlane/designs/pmu_controller/runs/RUN_2026.04.28_12.48.54/tmp/17-pmu_controller.sdc'…
[INFO ORD-0030] Using 2 thread(s).
[INFO DRT-0149] Reading tech and libs.

Units:                1000
Number of layers:     13
Number of macros:     441
Number of vias:       25
Number of viarulegen: 25

[INFO DRT-0150] Reading design.

Design:                   pmu_controller
Die area:                 ( 0 0 ) ( 50000 50000 )
Number of track patterns: 12
Number of DEF vias:       0
Number of components:     128
Number of terminals:      12
Number of snets:          2
Number of nets:           30

[INFO DRT-0167] List of default vias:
  Layer mcon
    default via: L1M1_PR
  Layer via
    default via: M1M2_PR
  Layer via2
    default via: M2M3_PR
  Layer via3
    default via: M3M4_PR
  Layer via4
    default via: M4M5_PR
[INFO DRT-0162] Library cell analysis.
[INFO DRT-0163] Instance analysis.
[INFO DRT-0164] Number of unique instances = 36.
[INFO DRT-0168] Init region query.
[INFO DRT-0024]   Complete FR_MASTERSLICE.
[INFO DRT-0024]   Complete licon.
[INFO DRT-0024]   Complete li1.
[INFO DRT-0024]   Complete mcon.
[INFO DRT-0024]   Complete met1.
[INFO DRT-0024]   Complete via.
[INFO DRT-0024]   Complete met2.
[INFO DRT-0024]   Complete via2.
[INFO DRT-0024]   Complete met3.
[INFO DRT-0024]   Complete via3.
[INFO DRT-0024]   Complete met4.
[INFO DRT-0024]   Complete via4.
[INFO DRT-0024]   Complete met5.
[INFO DRT-0033] FR_MASTERSLICE shape region query size = 0.
[INFO DRT-0033] licon shape region query size = 0.
[INFO DRT-0033] li1 shape region query size = 1228.
[INFO DRT-0033] mcon shape region query size = 936.
[INFO DRT-0033] met1 shape region query size = 351.
[INFO DRT-0033] via shape region query size = 220.
[INFO DRT-0033] met2 shape region query size = 138.
[INFO DRT-0033] via2 shape region query size = 176.
[INFO DRT-0033] met3 shape region query size = 136.
[INFO DRT-0033] via3 shape region query size = 176.
[INFO DRT-0033] met4 shape region query size = 92.
[INFO DRT-0033] via4 shape region query size = 32.
[INFO DRT-0033] met5 shape region query size = 48.
[INFO DRT-0165] Start pin access.
[INFO DRT-0078]   Complete 54 pins.
[INFO DRT-0081]   Complete 19 unique inst patterns.
[INFO DRT-0084]   Complete 16 groups.
#scanned instances     = 128
#unique  instances     = 36
#stdCellGenAp          = 555
#stdCellValidPlanarAp  = 8
#stdCellValidViaAp     = 364
#stdCellPinNoAp        = 0
#stdCellPinCnt         = 66
#instTermValidViaApCnt = 0
#macroGenAp            = 0
#macroValidPlanarAp    = 0
#macroValidViaAp       = 0
#macroNoAp             = 0
[INFO DRT-0166] Complete pin access.
[INFO DRT-0267] cpu time = 00:00:01, elapsed time = 00:00:00, memory = 111.43 (MB), peak = 111.24 (MB)

Number of guides:     186

[INFO DRT-0169] Post process guides.
[INFO DRT-0176] GCELLGRID X 0 DO 7 STEP 6900 ;
[INFO DRT-0177] GCELLGRID Y 0 DO 7 STEP 6900 ;
[INFO DRT-0028]   Complete FR_MASTERSLICE.
[INFO DRT-0028]   Complete licon.
[INFO DRT-0028]   Complete li1.
[INFO DRT-0028]   Complete mcon.
[INFO DRT-0028]   Complete met1.
[INFO DRT-0028]   Complete via.
[INFO DRT-0028]   Complete met2.
[INFO DRT-0028]   Complete via2.
[INFO DRT-0028]   Complete met3.
[INFO DRT-0028]   Complete via3.
[INFO DRT-0028]   Complete met4.
[INFO DRT-0028]   Complete via4.
[INFO DRT-0028]   Complete met5.
[INFO DRT-0178] Init guide query.
[INFO DRT-0035]   Complete FR_MASTERSLICE (guide).
[INFO DRT-0035]   Complete licon (guide).
[INFO DRT-0035]   Complete li1 (guide).
[INFO DRT-0035]   Complete mcon (guide).
[INFO DRT-0035]   Complete met1 (guide).
[INFO DRT-0035]   Complete via (guide).
[INFO DRT-0035]   Complete met2 (guide).
[INFO DRT-0035]   Complete via2 (guide).
[INFO DRT-0035]   Complete met3 (guide).
[INFO DRT-0035]   Complete via3 (guide).
[INFO DRT-0035]   Complete met4 (guide).
[INFO DRT-0035]   Complete via4 (guide).
[INFO DRT-0035]   Complete met5 (guide).
[INFO DRT-0036] FR_MASTERSLICE guide region query size = 0.
[INFO DRT-0036] licon guide region query size = 0.
[INFO DRT-0036] li1 guide region query size = 51.
[INFO DRT-0036] mcon guide region query size = 0.
[INFO DRT-0036] met1 guide region query size = 43.
[INFO DRT-0036] via guide region query size = 0.
[INFO DRT-0036] met2 guide region query size = 30.
[INFO DRT-0036] via2 guide region query size = 0.
[INFO DRT-0036] met3 guide region query size = 7.
[INFO DRT-0036] via3 guide region query size = 0.
[INFO DRT-0036] met4 guide region query size = 1.
[INFO DRT-0036] via4 guide region query size = 0.
[INFO DRT-0036] met5 guide region query size = 0.
[INFO DRT-0179] Init gr pin query.
[INFO DRT-0245] skipped writing guide updates to database.
[INFO DRT-0185] Post process initialize RPin region query.
[INFO DRT-0181] Start track assignment.
[INFO DRT-0184] Done with 82 vertical wires in 1 frboxes and 50 horizontal wires in 1 frboxes.
[INFO DRT-0186] Done with 16 vertical wires in 1 frboxes and 8 horizontal wires in 1 frboxes.
[INFO DRT-0182] Complete track assignment.
[INFO DRT-0267] cpu time = 00:00:00, elapsed time = 00:00:00, memory = 111.97 (MB), peak = 111.62 (MB)
[INFO DRT-0187] Start routing data preparation.
[INFO DRT-0267] cpu time = 00:00:00, elapsed time = 00:00:00, memory = 111.97 (MB), peak = 111.62 (MB)
[INFO DRT-0194] Start detail routing.
[INFO DRT-0195] Start 0th optimization iteration.
    Completing 10% with 0 violations.
    elapsed time = 00:00:00, memory = 120.17 (MB).
[INFO DRT-0199]   Number of violations = 2.
Viol/Layer        met1
Short                2
[INFO DRT-0267] cpu time = 00:00:01, elapsed time = 00:00:01, memory = 120.30 (MB), peak = 481.94 (MB)
Total wire length = 462 um.
Total wire length on LAYER li1 = 0 um.
Total wire length on LAYER met1 = 214 um.
Total wire length on LAYER met2 = 219 um.
Total wire length on LAYER met3 = 28 um.
Total wire length on LAYER met4 = 0 um.
Total wire length on LAYER met5 = 0 um.
Total number of vias = 131.
Up-via summary (total 131):.

----------------------
 FR_MASTERSLICE      0
            li1     64
           met1     61
           met2      6
           met3      0
           met4      0
----------------------
                   131


[INFO DRT-0195] Start 1st optimization iteration.
    Completing 10% with 2 violations.
    elapsed time = 00:00:00, memory = 129.49 (MB).
    Completing 20% with 2 violations.
    elapsed time = 00:00:00, memory = 129.49 (MB).
    Completing 30% with 2 violations.
    elapsed time = 00:00:00, memory = 129.49 (MB).
    Completing 40% with 2 violations.
    elapsed time = 00:00:00, memory = 129.49 (MB).
[INFO DRT-0199]   Number of violations = 2.
Viol/Layer        met1
Short                2
[INFO DRT-0267] cpu time = 00:00:00, elapsed time = 00:00:00, memory = 127.83 (MB), peak = 482.54 (MB)
Total wire length = 462 um.
Total wire length on LAYER li1 = 0 um.
Total wire length on LAYER met1 = 214 um.
Total wire length on LAYER met2 = 219 um.
Total wire length on LAYER met3 = 28 um.
Total wire length on LAYER met4 = 0 um.
Total wire length on LAYER met5 = 0 um.
Total number of vias = 131.
Up-via summary (total 131):.

----------------------
 FR_MASTERSLICE      0
            li1     64
           met1     61
           met2      6
           met3      0
           met4      0
----------------------
                   131


[INFO DRT-0195] Start 2nd optimization iteration.
    Completing 10% with 2 violations.
    elapsed time = 00:00:00, memory = 127.83 (MB).
    Completing 20% with 2 violations.
    elapsed time = 00:00:00, memory = 127.83 (MB).
    Completing 30% with 2 violations.
    elapsed time = 00:00:00, memory = 127.83 (MB).
    Completing 40% with 2 violations.
    elapsed time = 00:00:00, memory = 130.16 (MB).
[INFO DRT-0199]   Number of violations = 4.
Viol/Layer        met1
Metal Spacing        1
Short                3
[INFO DRT-0267] cpu time = 00:00:00, elapsed time = 00:00:00, memory = 131.06 (MB), peak = 482.54 (MB)
Total wire length = 467 um.
Total wire length on LAYER li1 = 0 um.
Total wire length on LAYER met1 = 218 um.
Total wire length on LAYER met2 = 220 um.
Total wire length on LAYER met3 = 28 um.
Total wire length on LAYER met4 = 0 um.
Total wire length on LAYER met5 = 0 um.
Total number of vias = 134.
Up-via summary (total 134):.

----------------------
 FR_MASTERSLICE      0
            li1     64
           met1     64
           met2      6
           met3      0
           met4      0
----------------------
                   134


[INFO DRT-0195] Start 3rd optimization iteration.
    Completing 10% with 4 violations.
    elapsed time = 00:00:00, memory = 132.10 (MB).
[INFO DRT-0199]   Number of violations = 0.
[INFO DRT-0267] cpu time = 00:00:00, elapsed time = 00:00:00, memory = 133.61 (MB), peak = 482.54 (MB)
Total wire length = 462 um.
Total wire length on LAYER li1 = 0 um.
Total wire length on LAYER met1 = 211 um.
Total wire length on LAYER met2 = 221 um.
Total wire length on LAYER met3 = 28 um.
Total wire length on LAYER met4 = 0 um.
Total wire length on LAYER met5 = 0 um.
Total number of vias = 135.
Up-via summary (total 135):.

----------------------
 FR_MASTERSLICE      0
            li1     64
           met1     65
           met2      6
           met3      0
           met4      0
----------------------
                   135


[INFO DRT-0198] Complete detail routing.
Total wire length = 462 um.
Total wire length on LAYER li1 = 0 um.
Total wire length on LAYER met1 = 211 um.
Total wire length on LAYER met2 = 221 um.
Total wire length on LAYER met3 = 28 um.
Total wire length on LAYER met4 = 0 um.
Total wire length on LAYER met5 = 0 um.
Total number of vias = 135.
Up-via summary (total 135):.

----------------------
 FR_MASTERSLICE      0
            li1     64
           met1     65
           met2      6
           met3      0
           met4      0
----------------------
                   135


[INFO DRT-0267] cpu time = 00:00:02, elapsed time = 00:00:02, memory = 133.61 (MB), peak = 482.54 (MB)

[INFO DRT-0180] Post processing.
Setting global connections for newly added cells…
Writing OpenROAD database to '/openlane/designs/pmu_controller/runs/RUN_2026.04.28_12.48.54/results/routing/pmu_controller.odb'…
Writing netlist to '/openlane/designs/pmu_controller/runs/RUN_2026.04.28_12.48.54/results/routing/pmu_controller.nl.v'…
Writing powered netlist to '/openlane/designs/pmu_controller/runs/RUN_2026.04.28_12.48.54/results/routing/pmu_controller.pnl.v'…
Writing layout to '/openlane/designs/pmu_controller/runs/RUN_2026.04.28_12.48.54/results/routing/pmu_controller.def'…
