
61. Printing statistics.

=== pmu_controller ===

   Number of wires:                 17
   Number of wire bits:             18
   Number of public wires:           9
   Number of public wire bits:      10
   Number of memories:               0
   Number of memory bits:            0
   Number of processes:              0
   Number of cells:                 13
     sky130_fd_sc_hd__a211o_2        1
     sky130_fd_sc_hd__a21oi_2        1
     sky130_fd_sc_hd__and2b_2        1
     sky130_fd_sc_hd__buf_1          3
     sky130_fd_sc_hd__buf_2          1
     sky130_fd_sc_hd__dfrtp_2        2
     sky130_fd_sc_hd__nor3b_2        1
     sky130_fd_sc_hd__o21bai_2       1
     sky130_fd_sc_hd__or2_2          1
     sky130_fd_sc_hd__or2b_2         1

   Chip area for module '\pmu_controller': 135.129600

