
===========================================================================
report_checks -path_delay min (Hold)
============================================================================
======================= Typical Corner ===================================

Startpoint: _19_ (rising edge-triggered flip-flop clocked by clk)
Endpoint: _19_ (rising edge-triggered flip-flop clocked by clk)
Path Group: clk
Path Type: min

Fanout     Cap    Slew   Delay    Time   Description
-----------------------------------------------------------------------------
                  0.15    0.00    0.00   clock clk (rise edge)
                          0.00    0.00   clock network delay (ideal)
                  0.15    0.00    0.00 ^ _19_/CLK (sky130_fd_sc_hd__dfrtp_2)
                  0.24    0.51    0.51 ^ _19_/Q (sky130_fd_sc_hd__dfrtp_2)
     6    0.05                           current_state[1] (net)
                  0.24    0.00    0.51 ^ _16_/B1 (sky130_fd_sc_hd__a21oi_2)
                  0.03    0.05    0.56 v _16_/Y (sky130_fd_sc_hd__a21oi_2)
     1    0.00                           _07_ (net)
                  0.03    0.00    0.56 v _17_/A2 (sky130_fd_sc_hd__o21bai_2)
                  0.04    0.08    0.65 ^ _17_/Y (sky130_fd_sc_hd__o21bai_2)
     1    0.00                           _01_ (net)
                  0.04    0.00    0.65 ^ _19_/D (sky130_fd_sc_hd__dfrtp_2)
                                  0.65   data arrival time

                  0.15    0.00    0.00   clock clk (rise edge)
                          0.00    0.00   clock network delay (ideal)
                          0.25    0.25   clock uncertainty
                          0.00    0.25   clock reconvergence pessimism
                                  0.25 ^ _19_/CLK (sky130_fd_sc_hd__dfrtp_2)
                         -0.02    0.23   library hold time
                                  0.23   data required time
-----------------------------------------------------------------------------
                                  0.23   data required time
                                 -0.65   data arrival time
-----------------------------------------------------------------------------
                                  0.42   slack (MET)


Startpoint: _19_ (rising edge-triggered flip-flop clocked by clk)
Endpoint: _18_ (rising edge-triggered flip-flop clocked by clk)
Path Group: clk
Path Type: min

Fanout     Cap    Slew   Delay    Time   Description
-----------------------------------------------------------------------------
                  0.15    0.00    0.00   clock clk (rise edge)
                          0.00    0.00   clock network delay (ideal)
                  0.15    0.00    0.00 ^ _19_/CLK (sky130_fd_sc_hd__dfrtp_2)
                  0.24    0.51    0.51 ^ _19_/Q (sky130_fd_sc_hd__dfrtp_2)
     6    0.05                           current_state[1] (net)
                  0.24    0.00    0.51 ^ _12_/A (sky130_fd_sc_hd__or2b_2)
                  0.03    0.14    0.66 ^ _12_/X (sky130_fd_sc_hd__or2b_2)
     1    0.00                           _04_ (net)
                  0.03    0.00    0.66 ^ _15_/A1 (sky130_fd_sc_hd__a211o_2)
                  0.02    0.10    0.75 ^ _15_/X (sky130_fd_sc_hd__a211o_2)
     1    0.00                           _00_ (net)
                  0.02    0.00    0.75 ^ _18_/D (sky130_fd_sc_hd__dfrtp_2)
                                  0.75   data arrival time

                  0.15    0.00    0.00   clock clk (rise edge)
                          0.00    0.00   clock network delay (ideal)
                          0.25    0.25   clock uncertainty
                          0.00    0.25   clock reconvergence pessimism
                                  0.25 ^ _18_/CLK (sky130_fd_sc_hd__dfrtp_2)
                         -0.02    0.23   library hold time
                                  0.23   data required time
-----------------------------------------------------------------------------
                                  0.23   data required time
                                 -0.75   data arrival time
-----------------------------------------------------------------------------
                                  0.52   slack (MET)


Startpoint: reset_n (input port clocked by clk)
Endpoint: _19_ (removal check against rising-edge clock clk)
Path Group: asynchronous
Path Type: min

Fanout     Cap    Slew   Delay    Time   Description
-----------------------------------------------------------------------------
                  0.15    0.00    0.00   clock clk (rise edge)
                          0.00    0.00   clock network delay (ideal)
                          2.00    2.00 ^ input external delay
                  0.05    0.03    2.03 ^ reset_n (in)
     2    0.01                           reset_n (net)
                  0.05    0.00    2.03 ^ _19_/RESET_B (sky130_fd_sc_hd__dfrtp_2)
                                  2.03   data arrival time

                  0.15    0.00    0.00   clock clk (rise edge)
                          0.00    0.00   clock network delay (ideal)
                          0.25    0.25   clock uncertainty
                          0.00    0.25   clock reconvergence pessimism
                                  0.25 ^ _19_/CLK (sky130_fd_sc_hd__dfrtp_2)
                          0.35    0.60   library removal time
                                  0.60   data required time
-----------------------------------------------------------------------------
                                  0.60   data required time
                                 -2.03   data arrival time
-----------------------------------------------------------------------------
                                  1.43   slack (MET)


Startpoint: reset_n (input port clocked by clk)
Endpoint: _18_ (removal check against rising-edge clock clk)
Path Group: asynchronous
Path Type: min

Fanout     Cap    Slew   Delay    Time   Description
-----------------------------------------------------------------------------
                  0.15    0.00    0.00   clock clk (rise edge)
                          0.00    0.00   clock network delay (ideal)
                          2.00    2.00 ^ input external delay
                  0.05    0.03    2.03 ^ reset_n (in)
     2    0.01                           reset_n (net)
                  0.05    0.00    2.03 ^ _18_/RESET_B (sky130_fd_sc_hd__dfrtp_2)
                                  2.03   data arrival time

                  0.15    0.00    0.00   clock clk (rise edge)
                          0.00    0.00   clock network delay (ideal)
                          0.25    0.25   clock uncertainty
                          0.00    0.25   clock reconvergence pessimism
                                  0.25 ^ _18_/CLK (sky130_fd_sc_hd__dfrtp_2)
                          0.35    0.60   library removal time
                                  0.60   data required time
-----------------------------------------------------------------------------
                                  0.60   data required time
                                 -2.03   data arrival time
-----------------------------------------------------------------------------
                                  1.43   slack (MET)


Startpoint: _18_ (rising edge-triggered flip-flop clocked by clk)
Endpoint: current_state[0] (output port clocked by clk)
Path Group: clk
Path Type: min

Fanout     Cap    Slew   Delay    Time   Description
-----------------------------------------------------------------------------
                  0.15    0.00    0.00   clock clk (rise edge)
                          0.00    0.00   clock network delay (ideal)
                  0.15    0.00    0.00 ^ _18_/CLK (sky130_fd_sc_hd__dfrtp_2)
                  0.14    0.51    0.51 v _18_/Q (sky130_fd_sc_hd__dfrtp_2)
     5    0.05                           current_state[0] (net)
                  0.14    0.00    0.51 v current_state[0] (out)
                                  0.51   data arrival time

                  0.15    0.00    0.00   clock clk (rise edge)
                          0.00    0.00   clock network delay (ideal)
                          0.25    0.25   clock uncertainty
                          0.00    0.25   clock reconvergence pessimism
                         -2.00   -1.75   output external delay
                                 -1.75   data required time
-----------------------------------------------------------------------------
                                 -1.75   data required time
                                 -0.51   data arrival time
-----------------------------------------------------------------------------
                                  2.26   slack (MET)


Startpoint: _19_ (rising edge-triggered flip-flop clocked by clk)
Endpoint: current_state[1] (output port clocked by clk)
Path Group: clk
Path Type: min

Fanout     Cap    Slew   Delay    Time   Description
-----------------------------------------------------------------------------
                  0.15    0.00    0.00   clock clk (rise edge)
                          0.00    0.00   clock network delay (ideal)
                  0.15    0.00    0.00 ^ _19_/CLK (sky130_fd_sc_hd__dfrtp_2)
                  0.14    0.51    0.51 v _19_/Q (sky130_fd_sc_hd__dfrtp_2)
     6    0.05                           current_state[1] (net)
                  0.14    0.00    0.51 v current_state[1] (out)
                                  0.51   data arrival time

                  0.15    0.00    0.00   clock clk (rise edge)
                          0.00    0.00   clock network delay (ideal)
                          0.25    0.25   clock uncertainty
                          0.00    0.25   clock reconvergence pessimism
                         -2.00   -1.75   output external delay
                                 -1.75   data required time
-----------------------------------------------------------------------------
                                 -1.75   data required time
                                 -0.51   data arrival time
-----------------------------------------------------------------------------
                                  2.26   slack (MET)


Startpoint: _19_ (rising edge-triggered flip-flop clocked by clk)
Endpoint: isolation_en (output port clocked by clk)
Path Group: clk
Path Type: min

Fanout     Cap    Slew   Delay    Time   Description
-----------------------------------------------------------------------------
                  0.15    0.00    0.00   clock clk (rise edge)
                          0.00    0.00   clock network delay (ideal)
                  0.15    0.00    0.00 ^ _19_/CLK (sky130_fd_sc_hd__dfrtp_2)
                  0.14    0.51    0.51 v _19_/Q (sky130_fd_sc_hd__dfrtp_2)
     6    0.05                           current_state[1] (net)
                  0.14    0.00    0.51 v _08_/A (sky130_fd_sc_hd__buf_1)
                  0.03    0.12    0.63 v _08_/X (sky130_fd_sc_hd__buf_1)
     1    0.00                           _02_ (net)
                  0.03    0.00    0.63 v _09_/A (sky130_fd_sc_hd__buf_1)
                  0.22    0.21    0.84 v _09_/X (sky130_fd_sc_hd__buf_1)
     2    0.04                           isolation_en (net)
                  0.22    0.00    0.84 v isolation_en (out)
                                  0.84   data arrival time

                  0.15    0.00    0.00   clock clk (rise edge)
                          0.00    0.00   clock network delay (ideal)
                          0.25    0.25   clock uncertainty
                          0.00    0.25   clock reconvergence pessimism
                         -2.00   -1.75   output external delay
                                 -1.75   data required time
-----------------------------------------------------------------------------
                                 -1.75   data required time
                                 -0.84   data arrival time
-----------------------------------------------------------------------------
                                  2.59   slack (MET)


Startpoint: _18_ (rising edge-triggered flip-flop clocked by clk)
Endpoint: clk_gate_en (output port clocked by clk)
Path Group: clk
Path Type: min

Fanout     Cap    Slew   Delay    Time   Description
-----------------------------------------------------------------------------
                  0.15    0.00    0.00   clock clk (rise edge)
                          0.00    0.00   clock network delay (ideal)
                  0.15    0.00    0.00 ^ _18_/CLK (sky130_fd_sc_hd__dfrtp_2)
                  0.24    0.51    0.51 ^ _18_/Q (sky130_fd_sc_hd__dfrtp_2)
     5    0.05                           current_state[0] (net)
                  0.24    0.00    0.51 ^ _10_/B (sky130_fd_sc_hd__or2_2)
                  0.03    0.14    0.65 ^ _10_/X (sky130_fd_sc_hd__or2_2)
     1    0.00                           _03_ (net)
                  0.03    0.00    0.65 ^ _11_/A (sky130_fd_sc_hd__buf_1)
                  0.41    0.31    0.96 ^ _11_/X (sky130_fd_sc_hd__buf_1)
     1    0.04                           clk_gate_en (net)
                  0.41    0.00    0.97 ^ clk_gate_en (out)
                                  0.97   data arrival time

                  0.15    0.00    0.00   clock clk (rise edge)
                          0.00    0.00   clock network delay (ideal)
                          0.25    0.25   clock uncertainty
                          0.00    0.25   clock reconvergence pessimism
                         -2.00   -1.75   output external delay
                                 -1.75   data required time
-----------------------------------------------------------------------------
                                 -1.75   data required time
                                 -0.97   data arrival time
-----------------------------------------------------------------------------
                                  2.72   slack (MET)


Startpoint: _19_ (rising edge-triggered flip-flop clocked by clk)
Endpoint: pwr_gate_en (output port clocked by clk)
Path Group: clk
Path Type: min

Fanout     Cap    Slew   Delay    Time   Description
-----------------------------------------------------------------------------
                  0.15    0.00    0.00   clock clk (rise edge)
                          0.00    0.00   clock network delay (ideal)
                  0.15    0.00    0.00 ^ _19_/CLK (sky130_fd_sc_hd__dfrtp_2)
                  0.14    0.51    0.51 v _19_/Q (sky130_fd_sc_hd__dfrtp_2)
     6    0.05                           current_state[1] (net)
                  0.14    0.00    0.51 v _08_/A (sky130_fd_sc_hd__buf_1)
                  0.03    0.12    0.63 v _08_/X (sky130_fd_sc_hd__buf_1)
     1    0.00                           _02_ (net)
                  0.03    0.00    0.63 v _09_/A (sky130_fd_sc_hd__buf_1)
                  0.22    0.21    0.84 v _09_/X (sky130_fd_sc_hd__buf_1)
     2    0.04                           isolation_en (net)
                  0.22    0.00    0.84 v _20_/A (sky130_fd_sc_hd__buf_2)
                  0.09    0.25    1.09 v _20_/X (sky130_fd_sc_hd__buf_2)
     1    0.04                           pwr_gate_en (net)
                  0.09    0.00    1.09 v pwr_gate_en (out)
                                  1.09   data arrival time

                  0.15    0.00    0.00   clock clk (rise edge)
                          0.00    0.00   clock network delay (ideal)
                          0.25    0.25   clock uncertainty
                          0.00    0.25   clock reconvergence pessimism
                         -2.00   -1.75   output external delay
                                 -1.75   data required time
-----------------------------------------------------------------------------
                                 -1.75   data required time
                                 -1.09   data arrival time
-----------------------------------------------------------------------------
                                  2.84   slack (MET)



